304
99590 -287544 373 0
211954 -306840 1333 0
268648 -308799 1818 0
208144 311816 3281 0
176352 307131 3561 0
144566 304660 3824 0
120221 302563 4033 0
87627 298219 4311 0
49830 294213 4634 0
151717 -465105 11895 0
181490 -468434 12150 0
157991 140758 14787 0
149859 140045 14856 0
113851 137805 15164 0
91719 133948 15353 0
57503 133258 15646 0
-48942 115685 16555 0
-51140 115642 16574 0
186077 -634338 23266 0
91932 -28815 26428 0
62504 -35448 26680 0
23186 -41765 27016 0
-54011 531570 32291 0
103881 510310 33640 0
187376 495434 34354 0
13861 -211175 38172 0
-85416 -217742 39021 0
35736 345965 44172 0
72395 341191 44490 0
121560 338472 44869 0
193031 327217 45479 0
212232 324728 45643 0
253460 -343069 47201 0
228057 -348705 47419 0
166638 -356805 47944 0
98854 -362688 48523 0
53193 182381 55361 0
110446 174050 55850 0
140477 172177 56107 0
150171 169682 56191 0
176005 167222 56411 0
191567 164736 56544 0
74005 8665 66659 0
226479 445593 80730 0
168679 442880 81178 0
104969 438393 81701 0
12309 421205 82493 0
2098 419530 82581 0
-56028 417914 83077 0
29769 -313643 88391 0
79390 -318319 88816 0
122799 -322561 89187 0
167259 -332471 89567 0
209231 -338945 89925 0
217925 279295 91817 0
200221 276757 91986 0
180700 275269 92135 0
153649 273990 92362 0
115404 273030 92689 0
86581 269273 92935 0
181768 -501826 100767 0
201662 110175 103091 0
21960 95393 104565 0
6728 92578 104695 0
-14450 88451 104876 0
-26637 87107 104980 0
-45561 83442 105142 0
-68015 81546 105334 0
173023 632501 111770 0
-55421 494825 120894 0
-26061 487663 121145 0
122891 471565 122418 0
181367 462101 122918 0
118174 -228257 125896 0
9713 -242471 126823 0
-18187 -248590 127062 0
-89438 -252017 127671 0
65400 310901 133004 0
90761 306468 133220 0
154308 303410 133764 0
196671 295095 134126 0
172187 -383114 136511 0
100310 -400852 137160 0
78998 -402254 137324 0
-52509 161142 143073 0
11743 158269 143622 0
146886 135445 144777 0
205718 -548114 147302 0
199224 -549211 147357 0
13245 -16237 154719 0
47929 -19967 155008 0
61753 -21308 155126 0
200573 577316 158423 0
-54544 548616 160603 0
-66740 547904 160707 0
-45131 -167684 165290 0
-30556 -170989 165414 0
217883 413772 169352 0
182044 408101 169658 0
152854 405914 169907 0
138689 403150 170029 0
103991 398982 170325 0
-12405 382838 171320 0
104736 -357526 177648 0
176131 240487 180804 0
132309 236463 181160 0
88540 235348 181534 0
60287 232001 181776 0
178970 -535186 189359 0
193718 -537363 189485 0
194875 83960 191702 0
126510 68711 192286 0
16838 53260 193286 0
-86319 628509 198168 0
156908 598965 200247 0
-52982 464576 209530 0
-33918 463444 209693 0
150218 437384 211267 0
207742 426424 211759 0
213883 425504 211811 0
176700 -252145 214011 0
156198 -256435 214187 0
126207 -258578 214443 0
15384 -274757 215390 0
32783 285342 221340 0
39718 285225 221400 0
71305 283631 221670 0
131409 275747 222183 0
217175 258336 222916 0
184549 -414613 225021 0
51970 111900 232581 0
116667 108427 233134 0
164932 104103 233547 0
192910 98405 233786 0
201158 97452 233856 0
188996 -584816 236060 0
43526 -48421 243586 0
177327 540449 247237 0
-31976 516322 249026 0
-50479 -207916 253897 0
-3066 -209368 254271 0
125384 -221568 255362 0
185108 -234497 255873 0
214744 384418 257994 0
139735 372279 258635 0
61018 -386719 265889 0
96412 -389563 266192 0
137163 -397022 266540 0
172846 -402433 266865 0
199091 -405177 267069 0
248320 -405706 267490 0
245985 222617 268804 0
151078 205043 269615 0
125237 204357 269836 0
76032 199637 270256 0
47898 198305 270497 0
163263 -562625 277840 0
179409 46035 280450 0
160475 41583 280612 0
121492 36433 280945 0
70420 33694 281381 0
175082 563714 289018 0
210490 563051 289321 0
-41569 -148470 293415 0
50154 410437 299074 0
77875 410315 299304 0
109252 406618 299542 0
141704 399791 299810 0
169043 398983 300043 0
199976 397973 300308 0
283985 -271351 301710 0
266734 -274227 301857 0
122499 -293630 303090 0
107307 -293795 303220 0
91760 -296355 303353 0
85786 241713 310409 0
144059 234971 310907 0
192782 226374 311345 0
201403 -447117 313493 0
173250 -450905 313733 0
164679 -451035 313806 0
148018 -452630 313949 0
-61058 99428 320231 0
-25698 92763 320533 0
4109 90831 320787 0
89039 77018 321513 0
117827 72169 321759 0
169350 65365 322200 0
278190 50970 323130 0
207753 510455 335606 0
126010 500617 336291 0
-42044 483249 337727 0
-61861 -233341 342377 0
-52322 -235044 342459 0
-38492 -235900 342577 0
-18513 -239836 342748 0
-5405 -241926 342860 0
-377 -242433 342903 0
119167 -256485 343925 0
145692 -262071 344151 0
152489 -262155 344210 0
219580 -273364 344783 0
265025 -281177 345181 0
278432 358128 346065 0
237076 352839 346418 0
185568 349597 346859 0
125257 335013 347374 0
61004 324981 347971 0
134674 -428245 355134 0
188575 -433714 355595 0
221920 -441652 355880 0
175794 177659 358019 0
144307 176276 358288 0
28912 161424 359274 0
158883 -596607 366418 0
113981 927 369624 0
94874 -171 369788 0
58958 -4338 370095 0
161010 529362 377545 0
190612 528281 377777 0
212825 527469 377956 0
-1825 -181064 381707 0
-40966 -184531 382026 0
84290 373915 387934 0
129222 373443 388318 0
158495 368920 388569 0
180600 364580 388758 0
227725 358452 389160 0
282300 352733 389627 0
270310 -308256 390442 0
215594 -313053 390910 0
101608 -330446 391884 0
75319 -333756 392109 0
168075 201242 399727 0
185047 200189 399872 0
201511 -483745 402107 0
-47481 63520 408962 0
-4964 56797 409325 0
21641 51526 409553 0
101228 38550 410266 0
153650 32392 410681 0
213907 -647933 413078 0
175748 639452 413406 0
196057 481742 424307 0
160191 479704 424614 0
153678 478145 424670 0
-32071 450097 426257 0
-41956 449685 426342 0
-51076 448321 426420 0
-68664 445374 426570 0
-124242 -264248 430460 0
-21398 -271148 431339 0
-6057 -272360 431470 0
45526 -281781 431911 0
205498 315442 435304 0
183485 312070 435492 0
153222 307929 435750 0
132150 307179 435931 0
58929 299928 436556 0
182644 -462871 444160 0
157790 141728 446788 0
55360 -34624 458741 0
195305 491959 466439 0
-2572 -208842 470313 0
-86629 -223536 471031 0
80251 345806 476515 0
90600 343313 476604 0
150245 338878 477113 0
206141 328409 477591 0
221470 327676 477722 0
91217 -366208 480588 0
111993 175210 487863 0
180358 165987 488448 0
204274 447044 512853 0
150530 436646 513327 0
70548 427019 513996 0
87552 -323987 520885 0
143513 -330224 521364 0
204923 284720 523924 0
161468 279247 524295 0
132713 276183 524541 0
163486 113060 535355 0
-48997 85674 537171 0
189187 633183 543908 0
143773 472139 554597 0
-7901 -247588 558974 0
-25447 -248416 559124 0
-122275 -262847 559959 0
88569 314893 565202 0
164941 300170 565854 0
139492 -395600 568810 0
84594 -398684 569260 0
22122 154024 575711 0
155903 138601 576854 0
168214 136811 576959 0
28726 -15210 586844 0
90959 -20902 587376 0
193880 579003 590480 0
-65681 543455 592698 0
-37288 -174062 597357 0
209661 415116 601422 0
167203 413469 601785 0
100282 400295 602357 0
-10877 382111 603362 0
