2877
221355 318984 3168 0
176459 307389 3555 0
145971 304234 3812 0
121918 304099 4018 0
100337 300768 4202 0
162522 147445 14748 0
162307 147430 14750 0
144059 142744 14907 0
104330 134940 15245 0
66329 131710 15570 0
41276 125443 15784 0
21852 125051 15950 0
1580 122647 16123 0
-25557 119870 16355 0
-50868 115717 16572 0
-51113 115711 16574 0
99164 -29052 26366 0
92859 -29179 26420 0
65456 -32942 26654 0
39652 -39103 26875 0
116616 -198832 37294 0
1681 -210406 38276 0
1453 -210429 38278 0
-29174 -212053 38540 0
-61819 -215806 38819 0
-62056 -215848 38821 0
253337 -339667 47202 0
240749 -340859 47310 0
240634 -340869 47311 0
221825 -344136 47472 0
195942 -349972 47693 0
178939 -351093 47838 0
126653 -363943 48299 0
94643 -368582 48608 0
45903 -370948 48986 0
45793 -370958 48987 0
201669 -513622 58721 0
201561 -513649 58722 0
166804 -516686 59019 0
118484 265914 92709 0
102587 263928 92841 0
66288 261392 93119 0
174481 116007 103261 0
37578 93984 104431 0
6315 88833 104698 0
6205 88814 104699 0
-23823 82934 104956 0
-100 -242403 126907 0
-310 -242420 126909 0
-19195 -246011 127070 0
-81964 -258399 127663 0
-127362 -260913 128013 0
-127595 -260943 128015 0
228156 -380038 136033 0
227898 -380068 136035 0
208851 -380097 136198 0
166933 -385525 136556 0
160564 -385575 136611 0
160450 -385597 136612 0
143785 -386476 136754 0
105875 -394845 137078 0
93923 -397288 137180 0
93801 -397293 137181 0
66226 -402238 137417 0
66122 -402251 137418 0
199471 -549165 147355 0
199240 -549198 147357 0
37932 191790 189 4
130072 185713 418 4
153333 184511 475 4
-26811 138208 3249 4
29373 137110 3386 4
104137 135024 3568 4
-69394 103507 6364 4
29118 97823 6610 4
111075 94612 6814 4
140261 94284 6887 4
-45439 53544 9656 4
5644 50763 9783 4
38746 49654 9866 4
153513 46747 10152 4
45299 6750 13114 4
26073 -53492 16298 4
-42350 -151673 22591 4
-73740 -197602 25745 4
783 -198287 25931 4
-118081 -246198 28876 4
6458 -250061 29178 4
191339 -257763 29647 4
60401 -293430 32543 4
107889 -294001 32662 4
214219 -297630 32927 4
268732 -299573 33063 4
34775 -340360 35711 4
96022 -341665 35864 4
221616 -344115 36177 4
62983 -395743 39014 4
93762 -397198 39090 4
154682 -399774 39242 4
90943 -435399 42315 4
151538 -436146 42466 4
230931 -438752 42664 4
156743 -486615 45711 4
171233 -537792 48979 4
159619 -580706 52182 4
203718 -582353 52292 4
184865 -630928 55477 4
33671 180545 87419 4
144313 176411 87695 4
175583 174320 87773 4
-26833 138144 90500 4
29292 137199 90640 4
104161 134972 90827 4
-68328 94355 93629 4
-23598 92895 93740 4
96485 85632 94040 4
172044 82628 94228 4
12607 26492 97097 4
122177 25396 97367 4
156844 23124 97453 4
33724 -20637 100347 4
59871 -22326 100412 4
70803 -22810 100440 4
25942 -53495 103560 4
-48145 -153538 109839 4
-73758 -197744 113007 4
132119 -210978 113520 4
-118167 -246273 116128 4
-4034 -252194 116413 4
128896 -258131 116744 4
69491 -297877 119828 4
122206 -301374 119959 4
190332 -304967 120129 4
242457 -308110 120259 4
44071 -357596 122996 4
124878 -358525 123198 4
158639 -360327 123282 4
221360 -363244 123439 4
62946 -395932 126275 4
93778 -397129 126352 4
154754 -399756 126504 4
127032 -456238 129667 4
179153 -508786 133029 4
194817 -508975 133068 4
172485 -559445 136244 4
204578 -560613 136324 4
277560 68706 4766 8
183354 65517 5219 8
118321 58708 5532 8
38824 49734 5914 8
17495 47690 6017 8
130920 -32384 11702 8
52525 -38111 12079 8
39692 -39017 12141 8
-15930 -143134 18639 8
125538 -221420 24190 8
19348 -226787 24700 8
-4808 -229778 24816 8
-39547 -231407 24983 8
-101446 -239705 25281 8
268876 -299645 29731 8
212155 -306647 30004 8
123680 -318570 30430 8
240956 -398797 36096 8
173058 -402408 36423 8
150451 -403025 36531 8
125549 -404275 36651 8
107193 -405031 36739 8
188967 -496739 42577 8
203537 -582497 48738 8
144078 142522 86408 8
29426 137068 86959 8
272340 56793 92022 8
180382 53055 92464 8
17336 47705 93248 8
30839 -57883 99414 8
-16072 -143280 105870 8
188012 -231281 111120 8
187801 -231293 111121 8
141811 -234974 111342 8
141596 -234988 111343 8
-238 -242173 112025 8
-34121 -245545 112188 8
-40409 -245631 112218 8
-83003 -249131 112423 8
278364 -311276 116916 8
278165 -311297 116917 8
252733 -314532 117040 8
133615 -326575 117612 8
120701 -327156 117674 8
89089 -327872 117826 8
230473 -418976 123377 8
226358 -419390 123397 8
197031 -420992 123538 8
165004 -424495 123692 8
201628 -511050 129747 8
195140 -511129 129778 8
192314 74909 922 12
182851 74397 944 12
117990 72208 1096 12
45822 71770 1265 12
9663 70909 1350 12
-35530 69607 1456 12
162856 35771 4026 12
103090 33998 4166 12
140739 -15047 7113 12
47998 -19871 7330 12
33824 -20615 7364 12
30709 -57823 10406 12
-9653 -160384 16571 12
116569 -198796 19310 12
-16143 -201834 19621 12
-68338 -204651 19743 12
187973 -231147 22178 12
-319 -242339 22619 12
-60494 -242886 22760 12
-118007 -246302 22895 12
282792 -273050 24991 12
211911 -276043 25157 12
208054 -276175 25166 12
239282 -320192 28128 12
133622 -326576 28376 12
120751 -327209 28406 12
89022 -327866 28480 12
228059 -380008 31190 12
208805 -380231 31235 12
168001 -381107 31330 12
116775 -382845 31450 12
252237 -427097 34168 12
166582 -430055 34369 12
193608 -474148 37341 12
201606 -511136 40357 12
204658 -560445 43385 12
169687 -561214 43467 12
-12935 90506 86400 12
272260 56595 88754 12
180309 53203 88969 12
150284 53261 89039 12
38817 49833 89300 12
-10875 48453 89417 12
112227 12887 92164 12
79152 11677 92241 12
130739 -32387 95155 12
65411 -32915 95308 12
15601 -36348 95425 12
-17582 -138537 101573 12
3501 -183603 104559 12
-61534 -183547 104711 12
132233 -210995 107292 12
-11067 -217068 107628 12
-39373 -218997 107694 12
193588 -265211 110184 12
175676 -265576 110226 12
139628 -265627 110310 12
-326 -275308 110638 12
278387 -311289 113020 12
219476 -313458 113158 12
123549 -318813 113383 12
31144 -318997 113599 12
269493 -348148 116076 12
195823 -349872 116249 12
178886 -351053 116289 12
103017 -354562 116466 12
64589 -356820 116556 12
55957 -357327 116576 12
44175 -357807 116604 12
240930 -398753 119178 12
173025 -402229 119337 12
150423 -403065 119390 12
125463 -404235 119449 12
107160 -405031 119492 12
230865 -438738 122237 12
193395 -440341 122325 12
147669 -443273 122432 12
201557 -483657 125341 12
156935 -486785 125445 12
193795 -537289 128394 12
183914 -537730 128417 12
171303 -537774 128447 12
203078 -572985 131408 12
187435 -631754 134479 12
-61323 414764 2745 16
354 405893 3082 16
540 405874 3083 16
62774 401684 3424 16
130617 397832 3794 16
149134 396858 3895 16
170125 394046 4010 16
172207 393773 4022 16
203935 390384 4195 16
236044 388157 4370 16
66434 303074 10526 16
141762 296867 10937 16
162043 294807 11048 16
200349 290091 11257 16
37956 191689 17452 16
128219 180325 17945 16
175626 174273 18204 16
-68325 94525 23953 16
-23600 92881 24197 16
6041 88839 24359 16
41878 86526 24555 16
96549 85686 24854 16
182780 74362 25325 16
277427 68670 25842 16
12119 -25840 31532 16
58481 -26650 31778 16
92764 -29185 31953 16
130703 -32485 32147 16
-85158 -227675 45107 16
-39705 -231328 45355 16
106430 -244434 46154 16
114091 -244525 46196 16
131546 -246616 46291 16
171013 -248738 46507 16
34773 -340429 52844 16
96042 -341604 53179 16
151729 -349851 53483 16
151920 -349858 53484 16
178760 -351081 53631 16
248684 -358868 54013 16
126858 -456223 60429 16
151709 -566240 67647 16
191199 -570592 67863 16
62973 419041 88408 16
125221 417254 88748 16
125400 417251 88749 16
158353 415302 88929 16
212159 407124 89223 16
245801 402054 89407 16
50179 314012 95420 16
74296 312980 95552 16
106199 308860 95726 16
145889 304262 95943 16
146070 304246 95944 16
217030 299808 96332 16
62010 218195 102567 16
90643 215070 102723 16
156010 206086 103081 16
212320 198365 103388 16
-51061 115827 109031 16
-2575 113119 109296 16
21856 112633 109429 16
135425 103844 110050 16
192959 98602 110364 16
201194 97720 110409 16
45255 6848 116639 16
128527 -4725 117094 16
-73737 -197752 130153 16
-16215 -201841 130467 16
121913 -220619 131222 16
30997 -319038 137807 16
89051 -327654 138125 16
240553 -340797 138952 16
84619 -422643 145182 16
134756 -428180 145456 16
166625 -430141 145630 16
221213 -432953 145929 16
221392 -432967 145930 16
171218 -537715 152737 16
179217 -538743 152781 16
180704 -647081 159871 16
205460 297224 1183 20
162226 294807 1333 20
106515 291750 1529 20
73534 291119 1645 20
248014 225224 5594 20
192672 223626 5789 20
133845 218855 5996 20
110707 216906 6078 20
110422 216899 6079 20
90813 215214 6148 20
168274 152818 10439 20
65435 146324 10801 20
192372 75038 14917 20
182828 74341 14951 20
117872 72369 15179 20
39284 66113 15456 20
-10667 63256 15632 20
112019 12897 19763 20
79258 11767 19879 20
30682 -57737 24613 20
-17526 -138533 29346 20
116607 -198860 33437 20
-2902 -209271 33858 20
-60027 -212936 34059 20
193680 -265277 37729 20
175560 -265668 37793 20
101790 -270794 38053 20
-121 -275464 38412 20
239298 -320102 42132 20
133652 -326567 42504 20
120809 -327091 42549 20
89047 -327690 42661 20
240819 -398807 46690 20
172915 -402383 46929 20
150450 -402891 47008 20
125493 -404190 47096 20
107054 -404955 47161 20
200046 -454847 51397 20
193849 -537270 55982 20
183912 -537615 56017 20
200574 290124 87902 20
154332 286558 88065 20
247905 225311 92299 20
192777 223604 92493 20
133911 218797 92700 20
110629 216877 92782 20
90797 215165 92852 20
187420 139419 97075 20
104200 134917 97368 20
66174 131621 97502 20
6333 129034 97713 20
-12958 127979 97781 20
192309 74992 101622 20
182828 74333 101655 20
117957 72190 101883 20
39073 66171 102161 20
-10681 63125 102336 20
112108 12953 106467 20
79198 11751 106583 20
30696 -57855 111317 20
-16057 -143243 116045 20
116724 -198883 120141 20
-2855 -209307 120562 20
-59910 -212884 120763 20
193554 -265423 124434 20
101844 -270656 124757 20
-196 -275340 125116 20
239395 -320113 128836 20
133763 -326615 129208 20
120882 -327321 129253 20
240807 -398798 133394 20
172932 -402270 133633 20
150340 -402831 133713 20
125584 -404136 133800 20
107076 -405033 133865 20
193500 -474253 138124 20
193986 -537263 142686 20
183737 -537690 142722 20
50179 314091 2033 24
74359 312996 2124 24
115503 310233 2278 24
135320 309716 2352 24
152385 308875 2416 24
176464 307350 2506 24
54986 242419 6905 24
142573 234241 7233 24
247757 225270 7627 24
-40306 168321 11402 24
55799 164614 11762 24
122566 159015 12017 24
-69405 103472 16147 24
29117 97902 16516 24
111103 94561 16823 24
145497 92033 16952 24
12525 26426 21308 24
25965 -53505 26212 24
-66839 -188695 35573 24
116515 -198911 36259 24
-127531 -260925 40199 24
101787 -270870 41058 24
162022 -273718 41284 24
179542 -274962 41349 24
208023 -276069 41456 24
211802 -276209 41470 24
281507 -282126 41731 24
34803 -340453 45661 24
96066 -341667 45891 24
195760 -349844 46264 24
78254 -418589 50678 24
156308 -424053 50970 24
164855 -424740 51002 24
252202 -427139 51329 24
160331 -490692 55839 24
183694 -572418 60781 24
202991 -573030 60853 24
82277 293116 89524 24
106368 291746 89615 24
65139 226719 94314 24
142222 222872 94603 24
16839 152603 98987 24
135950 144668 99433 24
-37485 88012 103638 24
64146 82227 104018 24
182707 74338 104462 24
277340 68806 104817 24
45407 6820 108802 24
-17603 -138409 118274 24
-69853 -205066 122932 24
-3049 -209313 123182 24
87692 -285430 128376 24
268673 -299644 129054 24
44218 -357772 133067 24
126695 -363993 133376 24
151063 -366233 133468 24
90994 -435433 138096 24
163278 -439980 138367 24
179058 -508862 143280 24
201517 -510959 143364 24
159627 -580686 148061 24
195678 575747 1271 28
195762 510378 5664 28
173926 508584 5738 28
84346 501800 6042 28
-4743 496469 6349 28
-44143 495258 6479 28
-71770 493269 6571 28
213813 445740 9996 28
106109 443412 10361 28
251311 383966 14262 28
227789 382906 14342 28
158939 377291 14576 28
137863 376008 14647 28
80537 372038 14841 28
44826 370930 14962 28
208933 310384 18799 28
159728 309303 18966 28
152569 308943 18990 28
106882 308079 19145 28
94555 307470 19187 28
78237 306147 19242 28
212889 243767 23195 28
80951 237409 23628 28
189110 180414 27653 28
70462 175932 28055 28
-40078 168293 28430 28
174313 116097 32096 28
40369 107642 32550 28
22748 107315 32610 28
-33939 103815 32802 28
163516 50690 36526 28
70945 -22596 41233 28
52649 -23636 41295 28
38155 -24843 41344 28
12209 -26055 41432 28
-9683 -160452 50293 28
-34609 -162424 50377 28
125522 -221480 54228 28
19241 -226755 54588 28
282895 -272983 58088 28
211840 -276206 58328 28
87651 -285507 58749 28
240740 -340643 62624 28
126127 -348776 63012 28
64015 -351687 63223 28
52394 -352024 63262 28
220495 -414815 67101 28
138266 -416252 67378 28
78345 -418452 67575 28
171948 -477111 71643 28
193940 -543574 75962 28
207619 551683 89095 28
-51747 543286 89975 28
204117 489862 93500 28
-24367 478231 94275 28
223994 422301 97826 28
199888 420398 97908 28
156996 419227 98053 28
125164 417301 98161 28
-56196 410575 98776 28
251852 361630 102125 28
198380 357133 102306 28
127540 355909 102546 28
70982 353003 102738 28
200489 290152 106692 28
154199 286629 106849 28
97645 285655 107041 28
247828 225168 110925 28
192900 223476 111111 28
133864 218994 111311 28
117063 218685 111368 28
150147 154132 115649 28
164128 88051 119995 28
96649 85636 120224 28
-23920 83001 120633 28
157071 26207 124412 28
122283 25400 124530 28
32907 20837 124833 28
29103 -47355 129239 28
3486 -183466 138113 28
185354 -234434 141889 28
145840 -237554 142023 28
131710 -238617 142071 28
121941 -238872 142104 28
-19226 -246122 142583 28
-83045 -249111 142799 28
268620 -299708 146000 28
205920 -304779 146213 28
81959 -308206 146633 28
178490 -372292 150699 28
162853 -373341 150752 28
96116 -374876 150978 28
221284 -433150 154947 28
151680 -436413 155183 28
112971 -438402 155314 28
188862 -496808 159450 28
187534 -631722 168241 28
-45347 53612 1404 32
5778 50882 1594 32
38756 49809 1717 32
113425 43232 1994 32
12038 -25984 6435 32
92754 -29076 6735 32
130818 -32346 6877 32
-39619 -159576 15879 32
-9738 -160376 15990 32
-101428 -239794 20508 32
-64601 -240863 20642 32
-39855 -241502 20732 32
-357 -242320 20877 32
106411 -244537 21269 32
131519 -246519 21360 32
171045 -248785 21502 32
30922 -318905 25782 32
68206 -387554 30733 32
132458 -392366 30972 32
179249 -394031 31146 32
205526 -396465 31244 32
240758 -398735 31375 32
126900 -456360 35769 32
171315 -537726 40752 32
-45464 53582 88125 32
5625 50700 88315 32
38770 49693 88438 32
113522 43388 88716 32
11999 -26059 93156 32
92695 -29138 93456 32
130842 -32311 93598 32
-39684 -159683 102600 32
-101696 -240136 107187 32
-64534 -240897 107325 32
-39915 -241437 107417 32
-292 -242297 107564 32
106473 -244430 107961 32
114040 -244578 107989 32
171042 -248770 108201 32
30976 -319050 112498 32
89857 -323992 112717 32
127967 -324748 112859 32
62999 -395837 117435 32
93753 -397237 117550 32
154763 -399809 117776 32
144492 -462018 122556 32
171281 -537743 127473 32
214720 272515 8272 36
176697 269467 8549 36
128633 264930 8898 36
128376 264902 8900 36
102752 263707 9091 36
66248 261458 9360 36
195459 122249 18605 36
173363 117691 18780 36
170960 117249 18799 36
40554 107649 19834 36
-6405 103885 20207 36
-52897 96485 20576 36
-56199 96301 20602 36
-68155 94530 20697 36
130858 -32496 29403 36
52408 -37905 30026 36
39512 -39078 30128 36
116655 -198812 39802 36
1691 -210406 40714 36
-29177 -211801 40959 36
-59933 -212849 41203 36
-73948 -214212 41315 36
253368 -339472 49072 36
240719 -340851 49164 36
151961 -349815 49808 36
151843 -349822 49809 36
103197 -354602 50194 36
103063 -354621 50195 36
64524 -356772 50501 36
55974 -357534 50569 36
201665 -483670 59699 36
165088 -489642 59989 36
160383 -490611 60026 36
160259 -490631 60027 36
180955 -647097 70149 36
180834 -647117 70150 36
287657 347150 89873 36
243797 344714 90221 36
175583 331163 90763 36
127441 329856 91145 36
111509 329032 91271 36
91114 325296 91433 36
222863 192359 100673 36
189078 190760 100941 36
155803 189361 101205 36
134812 188515 101372 36
134684 188494 101373 36
70504 175909 101882 36
271743 46565 110571 36
271485 46526 110573 36
162868 35689 111435 36
119102 32406 111782 36
118979 32399 111783 36
33058 21064 112465 36
14960 18311 112609 36
14713 18291 112611 36
-16081 -143089 123141 36
282835 -273026 131054 36
266921 -275114 131181 36
266794 -275133 131182 36
107827 -294041 132443 36
69540 -297760 132747 36
252428 -427155 141581 36
221430 -433007 141827 36
163355 -440118 142288 36
147728 -443125 142412 36
159791 -580687 152602 36
159663 -580698 152603 36
157000 204167 119 1
212218 198372 325 1
-26833 138070 4368 1
20724 137890 4550 1
29325 137232 4583 1
104080 134990 4870 1
-25949 60996 9337 1
118197 58626 9889 1
166694 55750 10075 1
271506 46615 10477 1
39322 -16182 14553 1
-39710 -159520 24181 1
-9832 -160312 24295 1
-85152 -227694 28972 1
-39712 -231359 29146 1
106436 -244417 29706 1
114010 -244584 29735 1
131500 -246589 29802 1
171122 -248775 29954 1
70263 -311055 34533 1
108032 -315164 34678 1
239238 -320186 35181 1
68330 -387463 39491 1
132489 -392224 39737 1
160708 -395462 39845 1
205535 -396346 40017 1
240715 -398760 40152 1
144636 -469298 44749 1
176009 -539657 49835 1
-40587 171620 88729 1
55723 164552 89098 1
122530 158822 89354 1
-68341 94332 93589 1
-23717 92928 93759 1
41871 86674 94011 1
96493 85564 94220 1
171907 82620 94509 1
14761 18228 98872 1
19819 17846 98892 1
72697 14627 99094 1
112058 12948 99245 1
27508 -57651 103887 1
30612 -57791 103899 1
-73648 -197701 113430 1
-16230 -201753 113650 1
132146 -211049 114219 1
87831 -285506 119014 1
268722 -299509 119728 1
44112 -357628 123812 1
124906 -358444 124122 1
157022 -362002 124245 1
221335 -363128 124491 1
90947 -435276 128957 1
151736 -436347 129190 1
193177 -440219 129349 1
160865 -516415 134191 1
166715 -516557 134213 1
200463 290063 2221 5
125256 287652 2391 5
85741 286262 2480 5
56277 285876 2547 5
213067 243775 5124 5
147005 243130 5274 5
54994 242357 5482 5
234667 205164 8008 5
169487 202115 8155 5
145520 200736 8209 5
94260 199051 8325 5
168211 152888 11090 5
65257 146411 11323 5
201981 109048 13946 5
40464 107715 14311 5
22870 107412 14351 5
-33826 103866 14479 5
-69388 103466 14560 5
277446 68660 16707 5
203594 68166 16874 5
123261 67567 17056 5
39145 66152 17246 5
-10618 63254 17359 5
157263 26143 19911 5
122305 25420 19990 5
33039 20912 20192 5
140661 -14954 22881 5
48119 -19932 23090 5
33876 -20597 23123 5
-9800 -160296 32018 5
116638 -198899 34664 5
-16013 -201832 34964 5
-68318 -204536 35082 5
186549 -247255 37438 5
140808 -248395 37541 5
120628 -249035 37587 5
6525 -249979 37845 5
281369 -282155 40155 5
94108 -290836 40579 5
239430 -320184 43182 5
133673 -326614 43422 5
120723 -327141 43451 5
89178 -327831 43522 5
228019 -380069 46140 5
208729 -380243 46184 5
167964 -381146 46276 5
116683 -382679 46392 5
232585 -422865 49062 5
166695 -426105 49211 5
138161 -427067 49276 5
200021 -454929 52068 5
140598 -456197 52202 5
127080 -456314 52233 5
201642 -511122 54996 5
199246 -549104 57934 5
187440 -631615 63825 5
234092 310268 87176 5
176628 307201 87306 5
121853 304217 87430 5
66635 303147 87555 5
219247 260887 90142 5
178526 258771 90234 5
119818 256190 90367 5
79714 255269 90458 5
64015 254475 90493 5
247905 225258 93009 5
192765 223469 93134 5
148118 223251 93235 5
142368 222953 93248 5
97207 221488 93350 5
74335 220899 93402 5
189179 180485 96074 5
128327 180196 96212 5
-40583 171595 96594 5
195247 122446 99003 5
136647 121583 99133 5
91013 120840 99234 5
41605 118502 99343 5
-13223 117546 99465 5
-50970 115778 99550 5
186877 87689 101944 5
96508 85564 102148 5
-24065 82986 102421 5
271612 46524 104684 5
126643 41810 105012 5
128608 -4649 107940 5
48467 -9649 108121 5
47131 -42159 111056 5
27985 -43250 111100 5
-15855 -143169 117063 5
3558 -183450 119951 5
125604 -221453 122607 5
19301 -226735 122848 5
-61319 -231570 123030 5
193618 -265303 125386 5
175590 -265682 125426 5
-312 -275315 125824 5
278182 -311408 128126 5
219522 -313342 128259 5
123618 -318704 128476 5
269494 -348038 131078 5
195852 -349913 131245 5
178779 -350973 131284 5
103129 -354492 131455 5
64505 -356766 131542 5
44277 -357775 131588 5
240881 -398761 134075 5
173107 -402408 134228 5
150330 -402983 134280 5
125445 -404273 134336 5
107255 -405040 134377 5
230713 -438671 137030 5
193213 -440297 137115 5
147688 -443131 137218 5
201547 -483604 140028 5
200926 -520902 142962 5
186997 -521680 142993 5
202966 -573035 145889 5
-26811 138039 2407 9
29270 137144 2527 9
104310 135057 2687 9
-69404 103529 5080 9
111135 94708 5465 9
140206 94217 5527 9
-42627 55380 7900 9
16934 53286 8027 9
163292 50579 8339 9
271564 46543 8570 9
14811 18319 10786 9
11984 -25983 13543 9
58364 -26502 13642 9
27646 -57633 16340 9
-42417 -151769 21717 9
-66861 -188672 24429 9
-85052 -227718 27153 9
-4829 -229818 27324 9
141621 -234980 27636 9
-127465 -260917 29826 9
101743 -270868 30315 9
162075 -273508 30443 9
198917 -274284 30522 9
266680 -275119 30666 9
30923 -318967 32927 9
44065 -357554 35718 9
124997 -358528 35891 9
158435 -360248 35962 9
221371 -363179 36096 9
63067 -395760 38522 9
93893 -397224 38588 9
154605 -399727 38717 9
91038 -435403 41345 9
151555 -436368 41474 9
230843 -438564 41643 9
156842 -486658 44249 9
177096 -530159 47055 9
151631 -566420 49764 9
17008 152670 88164 9
162346 147414 88474 9
-51036 115839 90782 9
21795 112735 90937 9
196232 104127 91309 9
-58379 76532 93530 9
12004 73203 93680 9
45816 71608 93752 9
123188 67569 93917 9
183366 65566 94045 9
12511 26403 96444 9
156704 23018 96752 9
39333 -16032 99265 9
26012 -53446 102000 9
-20883 -140056 107426 9
-38654 -182598 110152 9
-22270 -183120 110187 9
3365 -183646 110241 9
-73945 -214174 112840 9
-10941 -217119 112974 9
121901 -220649 113258 9
-127623 -260983 115489 9
-31225 -262248 115694 9
108851 -264133 115993 9
139689 -265595 116059 9
282885 -273029 116364 9
69372 -297793 118672 9
205845 -304679 118963 9
34891 -340235 121362 9
96000 -341690 121492 9
221680 -343957 121760 9
68194 -387455 124196 9
204277 -390600 124486 9
84491 -422720 126994 9
156274 -424035 127147 9
252231 -427110 127352 9
144832 -469200 129886 9
160940 -516458 132684 9
166663 -516657 132696 9
169705 -561195 135466 9
-50584 77774 3723 13
126775 69090 4279 13
-4743 -229831 24180 13
60383 -293351 28447 13
171659 -421002 36921 13
193852 -543539 45116 13
-68226 94514 88984 13
-23579 92800 89124 13
156668 23053 93752 13
-40757 -150187 105321 13
-29413 -211973 109419 13
118046 -341276 118007 13
269346 -348109 118481 13
150336 -402876 122171 13
-68306 94348 409 17
-12895 90365 630 17
6104 88794 706 17
41909 86690 855 17
182715 74340 1444 17
277371 68642 1840 17
45614 -1913 6293 17
89250 -3241 6476 17
124039 -5775 6621 17
-48123 -153594 16746 17
-101295 -239729 21982 17
-64691 -240907 22129 17
-39955 -241448 22229 17
-364 -242287 22389 17
106462 -244538 22821 17
114029 -244637 22852 17
131581 -246576 22924 17
171014 -248792 23086 17
30967 -319055 27922 17
90008 -323976 28169 17
120596 -327092 28297 17
129374 -327552 28334 17
253240 -339588 28852 17
66101 -402297 33492 17
107038 -404958 33663 17
209561 -411567 34092 17
160398 -490671 39309 17
159603 -580657 44728 17
-50626 77751 87230 17
45897 71506 87633 17
123173 67401 87957 17
183192 65517 88208 17
263861 59389 88545 17
45496 -1971 93054 17
89210 -3317 93237 17
124158 -5582 93383 17
-39721 -159476 103543 17
-9795 -160412 103668 17
-101654 -240022 108706 17
-64655 -240738 108861 17
-39931 -241331 108965 17
-323 -242220 109130 17
120573 -249125 109636 17
75418 -333622 114870 17
110682 -335859 115017 17
147463 -338574 115171 17
167792 -339420 115256 17
221660 -344006 115482 17
269353 -348052 115681 17
75358 -411398 120292 17
82865 -411612 120324 17
116919 -413026 120466 17
124554 -413198 120498 17
143283 -414620 120576 17
156142 -414918 120630 17
226196 -419348 120923 17
188812 -496747 126190 17
189051 -496754 126191 17
159675 -580559 131490 17
-58310 76562 2574 21
11950 73260 2854 21
45834 71551 2989 21
123195 67439 3297 21
183252 65671 3536 21
263953 59571 3858 21
45419 -1977 8151 21
89209 -3439 8325 21
124163 -5777 8464 21
-47983 -153583 18105 21
-85223 -227791 23120 21
-39738 -231288 23301 21
121832 -238969 23945 21
70107 -311182 28902 21
107987 -315057 29053 21
239293 -320197 29576 21
63124 -395748 34041 21
93863 -397238 34160 21
154617 -399757 34402 21
144672 -469314 39526 21
193424 -474204 39720 21
199231 -549119 44907 21
184970 -630896 50013 21
-42697 55341 90413 21
16853 53308 90650 21
153414 46674 91194 21
11997 -25965 95794 21
92787 -29068 96116 21
130717 -32346 96267 21
-26281 -178961 105988 21
-118056 -246282 110766 21
-83163 -248995 110905 21
-4667 -256735 111218 21
105280 -261580 111656 21
175642 -265546 111936 21
282741 -272992 112363 21
75379 -333716 116700 21
110709 -335940 116841 21
147625 -338438 116988 21
167900 -339278 117069 21
221670 -344126 117283 21
269392 -348063 117473 21
75320 -411425 121863 21
82840 -411745 121893 21
116929 -413048 122029 21
124492 -413263 122059 21
143309 -414659 122134 21
156106 -414934 122185 21
226174 -419338 122464 21
160332 -490737 127365 21
151696 -566297 132494 21
66498 303147 1406 25
100080 300923 1512 25
127721 300152 1599 25
196192 297460 1815 25
205356 297304 1844 25
54893 242465 5458 25
247956 225394 6068 25
33739 180550 9479 25
144394 176304 9828 25
175554 174336 9927 25
-38299 120622 13340 25
-25710 119750 13380 25
41609 118530 13592 25
113532 116174 13819 25
168643 113811 13993 25
-42594 55483 17415 25
16959 53266 17603 25
153453 46697 18034 25
45465 -2105 21781 25
124044 -5766 22029 25
-66865 -188766 33692 25
-117898 -246404 37619 25
-83220 -249026 37729 25
-4037 -252300 37978 25
129036 -258038 38398 25
70192 -311193 42301 25
239321 -320084 42834 25
45765 -370988 46312 25
91952 -374577 46458 25
95950 -374875 46471 25
154184 -379537 46654 25
228034 -380134 46887 25
91062 -435425 50543 25
151624 -436382 50734 25
189499 -506453 54942 25
151853 -566453 58912 25
58347 309660 87235 25
94499 307418 87349 25
145882 304065 87511 25
217204 299756 87736 25
54887 242464 91328 25
249121 235125 91925 25
34893 182063 95354 25
128180 180311 95640 25
-12931 128059 99275 25
21664 125166 99384 25
61285 123443 99509 25
67220 122971 99528 25
90926 120899 99603 25
163959 118916 99833 25
-35497 69607 103292 25
29160 66406 103496 25
39083 66070 103528 25
166717 55675 103930 25
45487 -2066 107636 25
89164 -3412 107774 25
124174 -5683 107884 25
27655 -57406 111668 25
-38604 -182442 119655 25
-22232 -183204 119705 25
3377 -183546 119784 25
-101641 -240200 123525 25
-64555 -240704 123642 25
-39907 -241451 123720 25
-278 -242200 123845 25
106419 -244383 124182 25
114106 -244473 124206 25
170981 -248674 124385 25
81749 -308198 128192 25
219383 -313322 128626 25
252501 -314498 128731 25
44804 -365460 132164 25
83826 -366753 132287 25
133059 -368948 132442 25
178662 -372267 132586 25
132459 -433520 136529 25
230830 -438659 136839 25
160295 -490807 140705 25
172534 -559562 144832 25
204631 -560429 144933 25
195414 122345 3829 29
163947 119055 3967 29
113601 116217 4188 29
40413 107553 4509 29
22869 107542 4586 29
-6528 103793 4715 29
-33889 103809 4835 29
-69287 103570 4990 29
162898 35688 9656 29
119106 32479 9848 29
32992 20837 10226 29
14940 18258 10305 29
14701 18235 10306 29
30773 -57744 15920 29
27595 -57681 15934 29
-39207 -152048 21911 29
-39440 -152053 21912 29
-48123 -153367 21950 29
125546 -221470 26873 29
-4755 -229798 27444 29
-84142 -237896 27792 29
-101346 -239782 27868 29
268627 -299636 31929 29
212187 -306720 32177 29
123651 -318717 32571 29
31035 -318948 32971 29
205726 -396360 37889 29
161961 -396803 38081 29
107019 -404918 38322 29
201693 -483626 43591 29
159055 -486914 43784 29
204520 -560488 49263 29
169725 -561348 49416 29
187341 139387 89128 29
170140 136978 89203 29
104258 134933 89492 29
66164 131528 89659 29
21903 125048 89854 29
1667 122578 89942 29
-25509 119797 90062 29
-50988 115994 90173 29
272103 56590 94440 29
180297 53077 94843 29
163390 50554 94917 29
113448 43281 95136 29
47080 -42207 101112 29
28010 -43080 101195 29
-17530 -138524 107079 29
132279 -211006 112106 29
-11081 -216997 112735 29
-39413 -219055 112859 29
281451 -282139 117136 29
255704 -285073 117249 29
122327 -301330 117834 29
99300 -302277 117935 29
227906 -379979 123055 29
167932 -381132 123318 29
149452 -380745 123399 29
116620 -382787 123543 29
83808 -385659 123687 29
76363 -386152 123720 29
172537 -467598 128982 29
144808 -469201 129104 29
199478 -549185 134548 29
187499 -631612 140285 29
12529 26309 929 33
104575 26224 1148 33
122134 25375 1190 33
156650 22937 1272 33
12022 -25980 4007 33
52637 -26008 4103 33
99024 -29059 4213 33
26146 -53495 7118 33
-48004 -153561 13099 33
-73722 -197711 16116 33
-16181 -201830 16253 33
132099 -210933 16605 33
-117916 -246380 19090 33
-19226 -246228 19324 33
120563 -248920 19656 33
60387 -293422 22592 33
107839 -294104 22704 33
214335 -297669 22957 33
268651 -299626 23086 33
34841 -340384 25609 33
79550 -340618 25716 33
96050 -341596 25755 33
221676 -343968 26053 33
62964 -395768 28755 33
93882 -397091 28828 33
154601 -399916 28972 33
90892 -435423 31899 33
151549 -436336 32043 33
230698 -438573 32231 33
156745 -486684 35134 33
171303 -537571 38247 33
183831 -537692 38277 33
159697 -580567 41298 33
185012 -630764 44436 33
12639 26345 87124 33
104574 26182 87343 33
122130 25485 87384 33
156717 23027 87467 33
33800 -20721 90253 33
59979 -22483 90315 33
70776 -22814 90341 33
25962 -53509 93313 33
-48099 -153578 99294 33
-73639 -197699 102311 33
-16054 -201854 102448 33
132175 -210799 102800 33
-107909 -247597 105308 33
-83157 -249105 105367 33
-4001 -252188 105555 33
128906 -257964 105871 33
191298 -258016 106019 33
60341 -293236 108786 33
107875 -294051 108899 33
214239 -297452 109152 33
268677 -299623 109281 33
34891 -340468 111804 33
79551 -340503 111910 33
96037 -341436 111950 33
221677 -344113 112248 33
68350 -387480 114962 33
161043 -387462 115182 33
204278 -390629 115285 33
84700 -422546 118079 33
164843 -424763 118270 33
156836 -486780 121329 33
166736 -516725 124431 33
159739 -580656 127493 33
-6512 383996 7001 37
-6351 383967 7002 37
27386 377994 7220 37
79146 373497 7554 37
120789 366590 7822 37
150991 361665 8017 37
194897 358988 8300 37
243242 349479 8612 37
287436 347201 8897 37
54880 242358 15758 37
80862 237233 15926 37
89754 236018 15983 37
122427 231214 16194 37
143646 229425 16331 37
192732 223691 16648 37
243657 220881 16976 37
-38363 120664 23518 37
-25660 119834 23600 37
41664 118494 24034 37
45765 117677 24061 37
55432 117099 24123 37
113390 116134 24497 37
113539 116132 24498 37
168614 113808 24853 37
201860 109027 25068 37
202006 109014 25069 37
45466 -2076 32420 37
89179 -3442 32702 37
124058 -5513 32927 37
-108088 -247764 48152 37
-107932 -247764 48153 37
-105904 -247791 48166 37
-105743 -247814 48167 37
-83158 -249058 48313 37
-4806 -256657 48818 37
2165 -256638 48863 37
2314 -256656 48864 37
105209 -261688 49528 37
139629 -265705 49750 37
175596 -265646 49982 37
193567 -265421 50098 37
266747 -275028 50570 37
59769 -373974 57596 37
88055 -379036 57779 37
88221 -379060 57780 37
91755 -379041 57803 37
100222 -380483 57857 37
100390 -380508 57858 37
116636 -382782 57963 37
143605 -386409 58137 37
160974 -387276 58249 37
204228 -390726 58528 37
160814 -516265 66610 37
166683 -516621 66647 37
200768 -520992 66867 37
200924 -521002 66868 37
180722 -647193 75099 37
180864 -647210 75100 37
-61405 425631 90260 37
-5205 415333 90622 37
47765 409706 90964 37
47927 409705 90965 37
64697 408902 91073 37
69802 408890 91106 37
83075 408057 91192 37
149138 396774 91618 37
170109 393950 91753 37
172270 393817 91767 37
203907 390384 91971 37
218933 390575 92068 37
236101 388247 92179 37
37369 287049 99258 37
45231 286398 99309 37
56089 285955 99379 37
85665 286151 99570 37
97502 285673 99646 37
142448 281618 99936 37
164890 281803 100081 37
214632 272467 100402 37
214785 272441 100403 37
-40208 168257 107119 37
20537 163370 107511 37
28927 161663 107565 37
36404 160901 107613 37
78886 160289 107887 37
122540 158923 108169 37
122704 158895 108170 37
141123 155178 108289 37
150114 154264 108347 37
168125 152785 108463 37
-45344 53581 115447 37
-11062 48358 115668 37
-10914 48352 115669 37
17443 47686 115852 37
102984 34082 116404 37
118944 32340 116507 37
150429 28613 116710 37
-73720 -197727 131987 37
-16149 -201844 132358 37
121981 -220685 133249 37
125403 -221376 133271 37
187819 -231103 133674 37
34752 -340485 141048 37
79599 -340454 141337 37
96000 -341586 141443 37
118052 -341361 141585 37
118206 -341366 141586 37
178770 -351119 141977 37
248727 -358980 142428 37
144648 -469114 150118 37
167784 -468848 150267 37
193461 -474122 150433 37
62377 266866 2548 2
118609 265917 2670 2
65107 226718 5359 2
103911 227119 5443 2
117381 227193 5472 2
192694 223473 5635 2
243642 220886 5746 2
129906 185563 8305 2
153280 184484 8355 2
45018 143249 10926 2
59194 142209 10957 2
143983 142649 11140 2
187381 139401 11234 2
-69456 103509 13484 2
-33962 103828 13560 2
-6534 103869 13620 2
193093 98548 14052 2
-25870 60950 16383 2
118152 58563 16695 2
166782 55705 16800 2
14707 18190 19276 2
19900 18066 19287 2
72547 14708 19401 2
111990 12846 19487 2
12119 -26050 22076 2
52625 -26029 22163 2
99065 -28969 22264 2
-40810 -150166 30377 2
-66802 -188729 33126 2
-85048 -227764 35891 2
-39703 -231141 35990 2
121859 -238862 36339 2
-274 -275325 38880 2
104035 -274679 39106 2
119031 -275542 39138 2
153644 -276381 39213 2
281411 -281964 39490 2
31115 -318956 41753 2
123576 -318732 41953 2
44057 -357795 44586 2
126716 -363982 44765 2
221341 -363204 44970 2
66043 -402064 47439 2
107076 -404978 47528 2
133401 -450225 50390 2
189828 -451338 50512 2
156740 -486800 53246 2
159065 -486912 53251 2
177101 -530082 56095 2
183807 -572283 58915 2
202930 -572967 58956 2
66637 303226 86713 2
100206 300890 86786 2
127707 300098 86845 2
196258 297516 86994 2
205305 297214 87013 2
50924 261564 89484 2
66180 261483 89517 2
176826 254624 89757 2
60439 218805 92310 2
110440 216892 92418 2
131222 215576 92463 2
191744 212861 92594 2
33627 180518 95057 2
144484 176521 95297 2
175656 174315 95365 2
-26755 138112 97732 2
20841 137957 97835 2
104173 135183 98015 2
-68288 94505 100447 2
-23704 92860 100544 2
101288 88826 100814 2
164130 87891 100950 2
186830 87805 100999 2
-45462 53610 103302 2
5653 50953 103412 2
35680 51117 103477 2
153498 46768 103732 2
271695 46714 103988 2
26550 13827 106263 2
79150 11754 106377 2
100773 10121 106424 2
50517 -30162 109120 2
130794 -32352 109294 2
-48137 -153459 117322 2
-73578 -197690 120072 2
-16133 -201920 120196 2
-101688 -240188 122816 2
-64644 -240867 122897 2
-39980 -241322 122950 2
-276 -242412 123036 2
106488 -244452 123267 2
114061 -244637 123283 2
171052 -248725 123407 2
87766 -285471 126032 2
269102 -291076 126424 2
89031 -327885 128840 2
129469 -327670 128927 2
44763 -365649 131549 2
84032 -366671 131634 2
133092 -368757 131740 2
75364 -411442 134420 2
82979 -411697 134437 2
116945 -412854 134510 2
124500 -413199 134527 2
143300 -414588 134568 2
156137 -414743 134595 2
220344 -414866 134734 2
126897 -456255 137337 2
140378 -456159 137366 2
188826 -496765 140276 2
171218 -537778 143044 2
159756 -580723 145824 2
203717 -582356 145919 2
-40469 171742 235 6
192507 74976 6433 6
192341 74958 6434 6
182965 74362 6488 6
126914 69053 6816 6
39191 66228 7329 6
-10563 63254 7620 6
-25767 61125 7709 6
47177 -41972 14862 6
28159 -43197 14973 6
-9628 -160226 22773 6
-34555 -162362 22918 6
193722 -265305 29162 6
175759 -265692 29267 6
104160 -274558 29686 6
208711 -380043 36654 6
167960 -381232 36892 6
116889 -382813 37191 6
95010 -386248 37319 6
68382 -387465 37474 6
201731 -483710 44273 6
159252 -487131 44522 6
159076 -487147 44523 6
195365 122414 89784 6
164096 118947 89967 6
113474 116215 90263 6
40596 107630 90689 6
-6415 103745 90964 6
94107 -3018 97955 6
89341 -3442 97983 6
125596 -221335 112929 6
19393 -226834 113550 6
-4709 -229886 113691 6
-39626 -231342 113895 6
-83945 -238028 114155 6
-101356 -239824 114256 6
239438 -320145 119842 6
110948 -335909 120594 6
79738 -340656 120776 6
79566 -340674 120777 6
230873 -438669 127471 6
193426 -440333 127690 6
147855 -443283 127957 6
147672 -443298 127958 6
204704 -560486 135203 6
169774 -561373 135408 6
62037 218071 493 10
131238 215523 642 10
191984 212938 773 10
243870 209974 885 10
-40527 171665 3065 10
83398 164805 3332 10
123622 164939 3419 10
170165 165269 3519 10
-12861 127908 5918 10
41268 125232 6035 10
112176 122191 6188 10
136663 121646 6240 10
193013 119681 6362 10
-68261 94512 8592 10
-23614 92911 8688 10
96589 85631 8947 10
171895 82513 9109 10
-45449 53590 11434 10
5664 50706 11544 10
38709 49778 11615 10
153483 46654 11863 10
45446 -2038 14423 10
89187 -3411 14517 10
128582 -4617 14602 10
15559 -36387 17152 10
52304 -37968 17231 10
-39526 -159641 25412 10
-9848 -160404 25476 10
-73641 -197599 28132 10
-16128 -201906 28256 10
132145 -210965 28575 10
-118094 -246377 30829 10
-83200 -248920 30904 10
-3968 -252125 31082 10
191291 -258005 31496 10
60456 -293404 34007 10
107843 -294076 34109 10
214337 -297523 34339 10
268701 -299659 34456 10
75398 -333534 36832 10
103649 -333272 36893 10
240581 -340852 37188 10
45702 -370868 39562 10
91990 -374346 39662 10
208726 -380060 39913 10
227946 -379983 39954 10
75296 -411303 42418 10
82968 -411646 42435 10
116921 -412981 42508 10
124481 -413073 42524 10
156309 -414786 42593 10
226161 -419511 42744 10
126852 -456181 45323 10
140578 -456137 45352 10
179036 -508872 48228 10
194918 -508837 48262 10
175980 -539768 51015 10
184992 -630927 56620 10
82978 206948 87125 10
156120 205906 87282 10
234578 205359 87451 10
-40589 171643 89651 10
55777 164503 89859 10
83268 164740 89918 10
123617 164945 90005 10
170174 165257 90106 10
-12969 127912 92504 10
41278 125246 92621 10
112231 122227 92774 10
136735 121732 92827 10
192985 119762 92948 10
-37439 88038 95244 10
41909 86485 95415 10
96634 85654 95533 10
171829 82421 95695 10
-11056 48388 98094 10
17312 47867 98156 10
113437 43218 98363 10
45427 -2063 101009 10
89278 -3395 101104 10
124163 -5705 101179 10
15583 -36452 103738 10
52424 -38054 103817 10
-39595 -159656 111998 10
-9781 -160360 112063 10
-69876 -205087 114726 10
-3002 -209308 114870 10
132211 -211013 115162 10
-118091 -246241 117415 10
-40622 -245757 117582 10
-19296 -246169 117628 10
120516 -249138 117930 10
60502 -293304 120593 10
107776 -293990 120695 10
214360 -297668 120925 10
268709 -299623 121042 10
75399 -333716 123419 10
103546 -333461 123479 10
240705 -340683 123775 10
45701 -370950 126148 10
91963 -374336 126248 10
208838 -380195 126499 10
227900 -380105 126540 10
78331 -418537 129011 10
156329 -424028 129179 10
165039 -424646 129198 10
252297 -427233 129386 10
144540 -461964 131947 10
179042 -508929 134814 10
194803 -508835 134848 10
193798 -543462 137639 10
184867 -630914 143206 10
222499 451149 2155 14
152933 446169 2484 14
106245 443264 2706 14
-61204 425700 3499 14
-61419 425692 3500 14
286508 356123 7994 14
202133 352927 8393 14
189784 351886 8452 14
124141 349344 8763 14
49163 345579 9118 14
219394 261007 14454 14
203882 259367 14527 14
178389 258952 14648 14
146474 254381 14799 14
100541 254592 15017 14
64181 254275 15189 14
178223 172941 20791 14
123636 165032 21050 14
83439 164778 21240 14
55817 164563 21371 14
29146 161559 21498 14
192350 75036 26866 14
182850 74337 26911 14
126726 68993 27177 14
39232 66056 27592 14
-10654 63123 27828 14
-25801 60956 27900 14
140683 -15052 33253 14
70899 -22854 33584 14
52782 -23518 33670 14
43305 -24863 33715 14
38130 -24958 33739 14
12254 -25949 33862 14
132253 -210793 45609 14
86 -212354 46207 14
-59892 -212833 46488 14
-73985 -214064 46555 14
281526 -282132 51012 14
255789 -284968 51134 14
123441 -302274 51762 14
99353 -302416 51876 14
227999 -379875 57408 14
208669 -380019 57500 14
167972 -381076 57693 14
116836 -382718 57935 14
83871 -385633 58091 14
76328 -386116 58127 14
193454 -474099 63714 14
171980 -477142 63816 14
204626 -560412 69803 14
151725 -566357 70054 14
222535 451180 88145 14
152868 446207 88475 14
106094 443281 88697 14
-42018 441911 89399 14
251893 361731 94148 14
198530 357040 94401 14
127399 355729 94738 14
71058 352912 95005 14
216003 271634 100460 14
176644 269443 100647 14
128458 265002 100875 14
102707 263687 100997 14
66282 261431 101170 14
51031 261479 101242 14
189069 180406 106730 14
144524 176312 106941 14
96445 169885 107169 14
55894 164508 107361 14
29159 161558 107488 14
186964 87687 112882 14
70278 74807 113435 14
45797 71596 113551 14
9786 70872 113722 14
-35428 69663 113936 14
140630 -15067 119244 14
70943 -22745 119574 14
70744 -22754 119575 14
52821 -23620 119660 14
43307 -24919 119705 14
38151 -24950 119730 14
12133 -25955 119853 14
116642 -198732 131642 14
1703 -210399 132187 14
1478 -210420 132188 14
-29179 -212033 132333 14
-29393 -212050 132334 14
-59830 -212878 132479 14
-74118 -214178 132546 14
282821 -272883 136997 14
266912 -275118 137072 14
107926 -294028 137826 14
69599 -297759 138007 14
69376 -297777 138008 14
228087 -379912 143398 14
168030 -381120 143683 14
116747 -382693 143926 14
83859 -385672 144082 14
76200 -386213 144118 14
193552 -474095 149704 14
171829 -477153 149807 14
204521 -560583 155794 14
169791 -561257 155959 14
-61406 425623 1748 18
62990 418902 2178 18
125149 417251 2393 18
158402 415481 2508 18
5043 359695 6462 18
64200 355000 6667 18
118981 353503 6856 18
172060 352709 7040 18
189626 351846 7101 18
243252 349336 7286 18
287489 347329 7439 18
37301 286924 11058 18
45177 286247 11085 18
56071 285953 11123 18
142403 281492 11422 18
60375 218786 15622 18
110468 216951 15796 18
131425 215622 15868 18
152190 213770 15940 18
191824 212983 16077 18
243732 210038 16257 18
-40247 168243 19759 18
20576 163414 19969 18
78930 160122 20171 18
122586 159034 20322 18
-68285 94519 24146 18
-23685 92798 24300 18
96462 85708 24716 18
171856 82620 24977 18
12552 26314 28910 18
156729 23036 29409 18
15559 -36320 33405 18
52319 -38104 33532 18
-61576 -183464 42154 18
-118055 -246428 46396 18
-83180 -248950 46520 18
-3995 -252190 46791 18
128860 -257975 47250 18
30996 -319062 51396 18
89862 -323996 51600 18
127855 -324688 51731 18
68202 -387509 56009 18
132445 -392344 56232 18
179173 -394243 56393 18
205688 -396443 56485 18
240705 -398783 56606 18
127030 -456220 60697 18
160935 -516438 65299 18
166732 -516665 65319 18
-63437 449516 86945 18
106047 443288 87531 18
193588 437821 87834 18
199330 437640 87854 18
-6517 383829 91626 18
49522 380093 91820 18
89348 378071 91958 18
108045 376400 92023 18
133595 376020 92111 18
203024 370981 92351 18
50234 314097 96307 18
74269 313068 96390 18
115338 310311 96532 18
135274 309659 96601 18
152351 308822 96660 18
176458 307236 96744 18
55089 242275 100808 18
142646 234406 101111 18
247873 225292 101475 18
-40471 171726 104962 18
83263 164797 105390 18
131995 164069 105559 18
-59308 106565 109381 18
-51324 106261 109409 18
-6586 103749 109564 18
140188 94148 110072 18
-10929 48394 114033 18
17353 47804 114131 18
113376 43355 114463 18
12027 -25993 118597 18
58341 -26643 118757 18
92712 -29149 118876 18
130803 -32402 119008 18
-48095 -153605 127358 18
-85177 -227622 131714 18
-39693 -231275 131871 18
121791 -238940 132430 18
60394 -293314 136702 18
107879 -294123 136866 18
214253 -297657 137235 18
44143 -357562 141130 18
126681 -364138 141416 18
150920 -366316 141500 18
91094 -435259 145777 18
151531 -436322 145986 18
230721 -438769 146260 18
179104 -508909 150566 18
201555 -510908 150644 18
151746 -566208 154956 18
180797 -647052 159541 18
-40483 171678 2354 22
55721 164485 2753 22
83409 164680 2868 22
132144 164232 3070 22
-68328 94497 7616 22
-23701 92852 7801 22
6142 88850 7925 22
41866 86466 8073 22
96527 85565 8300 22
192439 75033 8698 22
45246 6876 13465 22
-42292 -151764 23857 22
-39378 -151990 23869 22
-85015 -227724 29057 22
-39677 -231250 29245 22
121777 -238862 29915 22
134537 -240705 29968 22
186509 -247380 30184 22
31149 -318886 34920 22
127897 -324672 35318 22
102124 -399962 40589 22
150233 -403028 40789 22
156797 -486780 46193 22
159062 -487018 46203 22
151819 -566474 51550 22
191358 -570642 51714 22
96267 170031 88963 22
146110 166894 89170 22
170223 165286 89270 22
-56209 96363 93708 22
-53058 96405 93721 22
36650 94482 94093 22
96580 85780 94343 22
171893 82520 94654 22
26549 13747 99429 22
74057 8849 99626 22
-43102 -225279 115273 22
-4866 -229834 115431 22
121881 -238762 115979 22
131664 -238674 116018 22
70202 -311092 121120 22
108045 -315029 121277 22
63009 -395833 126468 22
93882 -397170 126596 22
154608 -399887 126848 22
172922 -402387 126924 22
166403 -479678 132275 22
201524 -483673 132421 22
169690 -561357 137666 22
60408 218792 2007 26
110504 216931 2134 26
131352 215676 2187 26
191753 213008 2340 26
96271 169826 5387 26
146287 166843 5514 26
170248 165358 5575 26
1497 122812 8436 26
90867 120852 8663 26
163903 118860 8848 26
-58184 76554 11574 26
12085 73207 11752 26
45735 71626 11838 26
123355 67579 12035 26
183364 65654 12187 26
12043 -26019 18331 26
58432 -26671 18449 26
99041 -28986 18552 26
-16793 -170553 28126 26
-51136 -221810 31328 26
-113382 -267219 34459 26
103945 -274684 35011 26
119071 -275505 35049 26
153637 -276263 35137 26
281359 -282140 35461 26
89862 -323963 38265 26
127882 -324743 38361 26
45717 -370928 41442 26
227964 -379994 41904 26
84668 -422635 44830 26
156397 -423844 45012 26
252222 -427179 45255 26
171817 -476946 48341 26
187745 -524107 51670 26
67573 232333 87548 26
101144 231199 87633 26
143734 229418 87741 26
194577 227483 87870 26
247754 225316 88005 26
128255 180233 90991 26
-26755 138100 93887 26
29368 137165 94030 26
-37369 88130 97150 26
42087 86595 97351 26
171992 82395 97681 26
102940 34082 100795 26
153706 32605 100924 26
47345 -12814 103943 26
140642 -15049 104180 26
-39741 -159500 113590 26
-9822 -160255 113666 26
-69862 -205011 116803 26
-3007 -209247 116973 26
-4784 -256843 120258 26
105279 -261728 120537 26
175587 -265662 120716 26
70145 -311126 123737 26
44268 -357814 126961 26
148040 -363039 127224 26
113483 -410733 130426 26
138300 -411050 130489 26
157668 -412028 130538 26
220344 -414724 130697 26
144439 -461909 133794 26
195081 -511024 137212 26
169800 -561305 140437 26
77102 456237 7152 30
193485 437960 8210 30
199182 437624 8262 30
110836 274153 19241 30
110949 274140 19242 30
203793 259498 20095 30
-2650 113119 29991 30
22852 107474 30230 30
140202 94104 31290 30
186822 87798 31714 30
-9145 -239683 53496 30
-9029 -239697 53497 30
128881 -258062 54750 30
129093 -258105 54752 30
145702 -261981 54903 30
145806 -261996 54904 30
175528 -265736 55175 30
163237 -440144 66845 30
199735 495813 90741 30
38783 341406 101059 30
127304 329844 101863 30
55697 164545 112994 30
55936 164522 112996 30
78913 160231 113205 30
79117 160211 113207 30
162281 147570 113963 30
47383 -13062 124700 30
-26263 -179178 135813 30
3374 -183435 136082 30
116583 -198889 137111 30
44776 -365626 148240 30
60613 -368172 148384 30
149197 -380597 149190 30
149421 -380623 149192 30
172501 -559548 161183 30
213831 445867 2757 34
106195 443251 3035 34
242981 396075 6022 34
172432 393832 6204 34
-6382 384056 6665 34
287530 347122 9248 34
243834 344899 9360 34
195785 343774 9484 34
144913 340166 9615 34
112392 337661 9699 34
200577 290028 12812 34
125249 287831 13006 34
97706 285725 13077 34
56127 285815 13184 34
212956 243561 16120 34
147011 243187 16290 34
222869 192137 19435 34
188994 190532 19522 34
155628 189366 19608 34
134715 188466 19662 34
187260 139347 22867 34
104202 135053 23081 34
186953 87844 26217 34
163984 87896 26276 34
96627 85678 26443 34
-24058 83118 26752 34
271565 46655 29330 34
126481 41787 29704 34
97009 -9302 33120 34
48498 -9885 33245 34
-16746 -170417 43434 34
132094 -210953 46391 34
31 -212264 46731 34
-62008 -215824 46891 34
191339 -257898 49578 34
152843 -260302 49677 34
135386 -260350 49722 34
105309 -261645 49800 34
-113241 -267478 50363 34
255955 -310129 52752 34
108151 -315100 53133 34
85419 -316643 53191 34
248919 -358995 56110 34
158489 -360289 56343 34
52137 -360382 56617 34
209635 -411550 59552 34
157737 -411926 59685 34
124668 -413238 59771 34
200155 -454919 62916 34
201487 -510990 66253 34
195143 -511055 66269 34
204561 -560547 69585 34
169679 -561303 69675 34
162775 484941 86400 34
-24325 478260 86876 34
216791 438670 89595 34
199240 437618 89640 34
159289 435082 89743 34
147669 434269 89773 34
113887 431595 89860 34
79649 429888 89949 34
-61401 425828 90312 34
251202 384186 92861 34
125207 383443 93178 34
100208 382679 93240 34
49547 379872 93366 34
27497 378157 93423 34
283252 338721 96104 34
160035 331544 96422 34
127488 330024 96506 34
111379 329162 96547 34
200433 290021 99658 34
154223 286400 99777 34
97626 285687 99923 34
249221 235119 102872 34
142620 234227 103147 34
101308 231185 103254 34
181370 188485 106387 34
129958 185593 106520 34
34852 182020 106765 34
187347 139300 109712 34
104117 135037 109927 34
12690 131009 110162 34
186848 87751 113054 34
64371 82252 113369 34
-39578 78685 113637 34
-50443 77878 113665 34
162754 35724 116456 34
119004 32381 116569 34
12701 26386 116843 34
140551 -14934 119853 34
47952 -19866 120092 34
33708 -20627 120129 34
-16708 -170557 130279 34
125548 -221459 133253 34
-43012 -225332 133687 34
-85092 -227697 133796 34
193619 -265365 136418 34
175573 -265695 136464 34
139820 -265722 136556 34
-267 -275433 136917 34
278390 -311420 139539 34
219445 -313539 139691 34
123696 -318787 139938 34
30952 -319074 140177 34
221520 -363189 143026 34
150954 -366455 143208 34
94608 -368761 143353 34
45714 -370945 143479 34
220446 -414899 146369 34
162426 -418146 146519 34
102402 -422144 146673 34
84606 -422792 146719 34
172724 -467718 149832 34
144788 -469204 149904 34
201501 -513609 153098 34
176778 -514400 153162 34
-34901 457395 1520 38
-52331 416369 4247 38
-5066 415233 4347 38
212353 406991 4811 38
44702 371084 7217 38
94159 369193 7322 38
158289 367756 7459 38
192826 366235 7533 38
46973 330144 9985 38
159387 284650 12988 38
73232 246219 15568 38
146969 243123 15725 38
169331 202140 18536 38
55771 164492 21057 38
67152 122953 23845 38
164045 119048 24051 38
-34563 84268 26391 38
162787 35631 29575 38
45485 -1949 32088 38
89278 -3268 32182 38
128606 -4730 32266 38
27972 -43207 34814 38
-69781 -205145 45659 38
84559 -292160 51515 38
214431 -297608 51792 38
268605 -299618 51907 38
75586 -333553 54259 38
253268 -339708 54638 38
110681 -376906 57097 38
227908 -380113 57347 38
166762 -419817 59980 38
196937 -421066 60045 38
232463 -422790 60120 38
-55891 468222 87139 38
-38592 467821 87176 38
118186 462461 87510 38
127404 421202 90293 38
136515 420932 90312 38
-6347 384000 92771 38
176317 378348 93161 38
233872 377278 93283 38
38968 341206 95631 38
127250 338321 95819 38
136219 297588 98602 38
119824 256133 101330 38
176656 254580 101451 38
90707 215102 104031 38
152190 213588 104162 38
191849 212863 104247 38
243626 210057 104357 38
-56262 96367 112008 38
164024 87945 112478 38
-45437 53585 114794 38
35629 51157 114967 38
153448 46883 115218 38
57201 8708 117777 38
65356 -32835 120557 38
-48133 -153467 128605 38
-6785 -238287 134220 38
90006 -324058 139953 38
128040 -324735 140034 38
150944 -366297 142846 38
144428 -449864 148359 38
189825 -451316 148456 38
160384 -490714 151156 38
45588 -1914 2795 3
89299 -3388 2902 3
124052 -5678 2987 3
-16027 -143074 12173 3
-66877 -188748 15225 3
116526 -198878 15675 3
-84179 -237804 18359 3
-9115 -239634 18543 3
106411 -244306 18826 3
114046 -244640 18845 3
171029 -248641 18985 3
84412 -292295 21949 3
107757 -293984 22006 3
214277 -297447 22267 3
268626 -299655 22401 3
79487 -340616 25113 3
118134 -341358 25208 3
221833 -343906 25462 3
68249 -387389 28262 3
161023 -387388 28490 3
204273 -390668 28596 3
90935 -435369 31494 3
151597 -436290 31643 3
230789 -438640 31837 3
184326 -483216 34900 3
201567 -483551 34942 3
177163 -530103 38059 3
159736 -580755 41192 3
203607 -582457 41300 3
45395 6825 88559 3
27973 -43099 91693 3
-38649 -182603 101059 3
-22239 -183371 101099 3
3480 -183548 101162 3
-85153 -227759 104122 3
-39660 -231335 104233 3
141584 -234770 104677 3
255798 -285216 108134 3
89156 -327841 110902 3
59740 -374063 114006 3
91912 -374424 114085 3
154301 -379521 114238 3
208742 -380126 114371 3
227939 -380122 114418 3
84526 -422754 117243 3
138142 -427157 117375 3
171776 -477171 120634 3
186910 -521911 123847 3
183782 -572365 127016 3
202917 -573028 127063 3
-60340 522724 76 7
198218 469048 3803 7
131158 463108 4045 7
118142 462511 4092 7
2112 460157 4511 7
-34711 457221 4644 7
-60398 456198 4737 7
245953 401897 8310 7
229335 399995 8370 7
172416 393925 8575 7
121966 387941 8757 7
-6312 383865 9220 7
220204 330035 13081 7
172553 328767 13253 7
104402 323644 13499 7
70948 320559 13620 7
219287 260911 17763 7
203848 259442 17819 7
178468 258810 17911 7
119876 256225 18122 7
100510 254755 18192 7
64180 254352 18323 7
222913 192213 22429 7
189043 190537 22551 7
155841 189293 22671 7
134796 188444 22747 7
34984 182000 23107 7
195421 122250 27207 7
163978 119088 27320 7
113595 116257 27502 7
40627 107600 27766 7
22899 107284 27830 7
-6582 103858 27936 7
-33742 103935 28034 7
-69254 103532 28162 7
271691 46521 31610 7
153671 46721 32036 7
113631 43254 32181 7
130958 -32394 36797 7
65427 -32970 37034 7
15668 -36391 37213 7
-16597 -170461 46687 7
187951 -231241 50627 7
141696 -234872 50794 7
6511 -249961 51282 7
-83124 -249136 51606 7
268737 -299633 55014 7
205890 -304741 55241 7
190445 -304911 55297 7
85373 -316668 55676 7
31133 -318918 55872 7
227925 -379854 59859 7
208914 -380152 59925 7
167828 -381236 60065 7
116692 -382848 60242 7
83926 -385669 60360 7
76206 -386168 60388 7
230905 -438625 64508 7
193328 -440321 64644 7
147800 -443189 64808 7
201492 -511125 69293 7
195167 -511075 69316 7
203662 -582471 73964 7
208877 503819 87981 7
115696 495096 88318 7
-5649 493698 88756 7
220559 424743 92619 7
136521 420903 92921 7
119957 419275 92984 7
71187 417247 93157 7
-4984 415314 93432 7
-56018 410606 93616 7
251714 361665 97184 7
198470 357208 97376 7
127606 355790 97632 7
71122 352934 97836 7
200598 290115 102047 7
154448 286466 102214 7
97674 285570 102419 7
56207 285919 102569 7
247880 225207 106555 7
192847 223516 106754 7
133910 218837 106967 7
117158 218739 107027 7
62162 218074 107226 7
168343 152852 111521 7
83061 143578 111829 7
59199 142084 111915 7
20764 137983 112054 7
-26666 138063 112225 7
192361 74887 116113 7
182898 74432 116147 7
126725 68952 116350 7
39171 66068 116666 7
-10635 63132 116846 7
94005 -3161 121147 7
89296 -3425 121164 7
-15947 -143167 130901 7
132260 -210964 135045 7
1713 -210390 135516 7
-29293 -211889 135628 7
-60047 -212894 135739 7
-73927 -214004 135789 7
282880 -272942 139180 7
211960 -276043 139436 7
208186 -276117 139450 7
153697 -276144 139646 7
253311 -339522 143965 7
240660 -340819 144011 7
151931 -349889 144331 7
64006 -351698 144649 7
52548 -351913 144690 7
220561 -414778 148762 7
166978 -419777 148956 7
102322 -422149 149189 7
84554 -422805 149253 7
201684 -483622 153509 7
159279 -487143 153662 7
199353 -549125 158196 7
115573 495123 463 11
161103 491456 648 11
186473 491866 752 11
195702 490769 789 11
204102 489921 823 11
-61328 425897 5013 11
62967 418912 5518 11
216884 410055 6143 11
38820 341222 10688 11
112375 337507 10987 11
131449 336877 11064 11
220212 330046 11425 11
50915 261639 16005 11
66182 261466 16067 11
176791 254519 16517 11
205117 251967 16632 11
144338 176369 21653 11
175563 174469 21780 11
12540 26319 31654 11
26019 -53507 36977 11
-69833 -205142 47124 11
-3000 -209209 47396 11
84383 -292315 53019 11
107748 -294065 53114 11
107990 -294066 53115 11
45834 -370870 58131 11
208676 -380252 58793 11
227935 -379963 58871 11
193752 -537292 69269 11
-34767 457199 89413 11
152861 446054 90176 11
213849 442375 90424 11
23722 373448 94919 11
41727 372893 94992 11
80509 372132 95150 11
192026 365373 95603 11
251680 361657 95846 11
73416 291185 100394 11
154250 286413 100718 11
184735 286011 100842 11
169499 207985 106048 11
20775 138010 110712 11
29315 137145 110747 11
-25985 61061 115790 11
163466 50608 116560 11
33669 -20596 121301 11
59910 -22357 121408 11
70765 -22753 121452 11
-4845 -256808 136949 11
2159 -256698 136978 11
2393 -256700 136979 11
105188 -261558 137397 11
139661 -265714 137537 11
282728 -272964 138118 11
79470 -340669 142560 11
96157 -341475 142628 11
118068 -341380 142717 11
78158 -418511 147823 11
78398 -418544 147824 11
156304 -424029 148141 11
164853 -424746 148176 11
157402 548394 2194 15
199570 500781 5376 15
-42189 442131 9279 15
286633 356165 15023 15
202162 353049 15238 15
135918 301066 18695 15
135572 103818 31853 15
-53002 96566 32332 15
-54207 96527 32335 15
-56206 96430 32340 15
263872 59537 34817 15
166830 55611 35063 15
-40724 -149934 48748 15
167915 -339292 61375 15
118072 -341197 61502 15
96119 -341644 61558 15
113160 -439611 68093 15
203162 563261 87601 15
173123 513138 90966 15
47865 409758 97863 15
192014 365478 100786 15
210456 267607 107318 15
128497 264856 107526 15
102810 263748 107591 15
50970 261527 107723 15
131310 215580 110808 15
146099 166789 114060 15
113527 116258 117432 15
21917 112812 117665 15
33895 63406 120924 15
-25865 61201 121075 15
26733 13846 124231 15
129475 -327587 146996 15
164980 -424697 153484 15
186185 -571692 163299 15
188022 -231264 16625 19
187776 -231268 16627 19
146066 -237610 16945 19
145930 -237621 16946 19
134619 -240567 17033 19
114243 -244413 17188 19
114004 -244473 17190 19
106636 -244501 17246 19
106411 -244539 17248 19
5514 -253398 18018 19
-31153 -262261 18298 19
-113185 -267438 18924 19
228108 -379963 26212 19
167968 -381159 26671 19
143729 -386489 26856 19
105894 -394770 27145 19
63160 -395871 27471 19
63037 -395903 27472 19
186446 -528049 36423 19
186314 -528077 36424 19
177227 -530064 36494 19
112204 13005 86456 19
100809 10087 86543 19
100687 10083 86544 19
74127 8728 86746 19
57366 8660 86874 19
45492 6756 86965 19
45365 6726 86966 19
-39249 -151955 97505 19
-47948 -153540 97571 19
199006 -274317 105579 19
179649 -274952 105727 19
153712 -276369 105925 19
87729 -285472 106429 19
230540 -419041 115232 19
230405 -419074 115233 19
226328 -419459 115264 19
226183 -419467 115265 19
197056 -421080 115487 19
196926 -421080 115488 19
171778 -421035 115680 19
156444 -423790 115797 19
138235 -427172 115936 19
134951 -428023 115962 19
134724 -428065 115964 19
91093 -435447 116296 19
203014 -572816 125386 19
183848 -572399 125526 19
183714 -572430 125527 19
-45403 53773 474 23
5562 50752 643 23
38731 49695 757 23
113401 43150 1015 23
126411 41966 1060 23
33652 -20572 5224 23
59871 -22436 5314 23
70808 -22783 5352 23
-42263 -151698 13930 23
-39363 -151920 13940 23
-74114 -214176 18304 23
-11069 -217119 18522 23
121923 -220631 18982 23
-355 -275394 23044 23
268611 -299713 23974 23
44222 -357649 27682 23
124851 -358556 27961 23
158539 -360270 28078 23
221379 -363005 28295 23
78170 -418605 32284 23
156426 -424038 32555 23
164850 -424619 32584 23
252259 -427262 32887 23
156862 -486689 37041 23
151819 -566302 41508 23
184962 -630957 46107 23
166720 55787 86412 23
45263 6915 90468 23
27504 -57637 94891 23
30729 -57820 94902 23
-73559 -197617 103510 23
-16189 -201705 103709 23
132189 -210840 104222 23
-127581 -260856 107808 23
-31349 -262316 108141 23
-12884 -262445 108205 23
101678 -270844 108601 23
162164 -273670 108810 23
179445 -274969 108870 23
208090 -276095 108969 23
211788 -276270 108982 23
281352 -282061 109223 23
34823 -340327 112854 23
79642 -340667 113009 23
96125 -341641 113066 23
221619 -343927 113500 23
269297 -348130 113665 23
63033 -395847 117436 23
93760 -397282 117542 23
154728 -399716 117753 23
144779 -469201 122203 23
171244 -537576 126779 23
183867 -537737 126823 23
224089 422283 2064 27
199989 420342 2202 27
199807 420324 2203 27
158565 415359 2439 27
83189 408074 2869 27
57282 405791 3017 27
49006 405532 3065 27
234215 310314 9412 27
177346 304839 9737 27
175786 304753 9746 27
136018 300936 9973 27
127923 300123 10019 27
222903 192251 16882 27
189097 190538 17076 27
155766 189473 17266 27
134693 188480 17386 27
35024 182007 17956 27
-40483 171791 18387 27
186910 87656 24494 27
70416 74766 25159 27
45934 71715 25299 27
-5681 66601 25594 27
130939 -32262 32219 27
52342 -38090 32668 27
39604 -39096 32741 27
-9655 -160367 40428 27
-34484 -162401 40570 27
191380 -257976 46685 27
152727 -260237 46906 27
108944 -264160 47156 27
-137 -275265 47780 27
269548 -348042 53644 27
158674 -360324 54278 27
126752 -364135 54460 27
94785 -368628 54643 27
94615 -368646 54644 27
45784 -370896 54923 27
193475 -473992 61485 27
171952 -477042 61608 27
159768 -580779 69083 27
251296 383965 90777 27
227766 382877 90912 27
176391 378334 91205 27
158941 377295 91305 27
155580 376944 91324 27
137960 376030 91425 27
80658 372105 91752 27
80484 372092 91753 27
44847 370925 91957 27
219258 261098 98366 27
203806 259565 98457 27
178473 258748 98599 27
146267 254580 98789 27
77451 250939 99176 27
168240 152810 106063 27
83021 143580 106550 27
59227 142102 106686 27
20886 138039 106905 27
272301 56600 112874 27
153666 46777 113552 27
113437 43235 113782 27
767 -198236 129237 27
-63212 -206948 129603 27
282874 -273018 135031 27
266896 -275070 135122 27
107925 -293856 136031 27
69534 -297826 136250 27
240785 -398736 142677 27
173069 -402409 143064 27
172890 -402421 143065 27
150360 -403068 143194 27
125567 -404250 143336 27
107100 -404926 143441 27
201703 -513548 150306 27
176688 -514416 150449 27
161006 -516470 150539 27
184980 -630687 157808 27
38962 341463 11745 31
64940 274009 16247 31
39089 66254 30126 31
-10617 63105 30303 31
183364 -271153 52593 31
138385 -411006 61944 31
201202 474801 89296 31
189210 474187 89339 31
152891 402991 94063 31
67141 122874 112750 31
5800 50696 117564 31
104919 -357492 144787 31
52235 -360372 144973 31
227920 -420559 148946 31
156416 -424003 149200 31
169688 -561159 158344 31
249187 235079 3307 35
97192 221439 4176 35
97022 221408 4177 35
74438 220832 4306 35
74261 220805 4307 35
60576 218852 4385 35
60388 218846 4386 35
193230 119731 11033 35
193057 119723 11034 35
173528 117730 11146 35
170961 117332 11160 35
122111 -220449 33656 35
-84028 -237878 34834 35
-101514 -240066 34934 35
103706 -333460 41167 35
221421 -433108 47900 35
218858 195037 92349 35
215181 194733 92370 35
155835 189293 92709 35
134838 188461 92829 35
134667 188455 92830 35
47069 -42160 108142 35
28084 -43234 108251 35
-39610 -159547 116043 35
151171 -366322 129765 35
59932 -374101 130286 35
193417 -474087 136931 35
-4742 496305 212 39
-44264 495212 305 39
-71837 493120 372 39
222517 451338 2833 39
-31872 450106 3458 39
-63262 449394 3535 39
226075 408383 6009 39
152710 402882 6189 39
94364 401572 6332 39
62939 401653 6410 39
251643 361696 9130 39
195010 358963 9269 39
127490 355774 9435 39
70871 352872 9574 39
234194 310135 12357 39
208758 310346 12420 39
159852 309312 12540 39
152521 308893 12558 39
106798 308151 12670 39
94333 307382 12701 39
78330 306279 12740 39
219291 260973 15578 39
178433 258760 15679 39
119706 256225 15823 39
79749 255194 15921 39
64235 254405 15959 39
247967 225188 18692 39
159572 217909 18909 39
131263 215597 18979 39
90815 215127 19078 39
178058 173039 22048 39
102276 168042 22234 39
55867 164509 22348 39
20582 163388 22435 39
195260 122266 25190 39
136779 121669 25334 39
90971 120957 25446 39
45804 117446 25557 39
-13123 117654 25702 39
-50970 115765 25795 39
203452 68256 28354 39
126809 68985 28543 39
39251 66131 28758 39
29327 66199 28782 39
-10667 63158 28880 39
157155 26280 31652 39
122142 25511 31738 39
33032 20878 31957 39
99111 -29073 34979 39
92931 -29130 34994 39
50602 -30283 35098 39
-16830 -170602 44817 39
132132 -210857 47635 39
-11175 -216943 47987 39
-39571 -218981 48057 39
193640 -265384 50668 39
175759 -265704 50712 39
139697 -265698 50801 39
-113202 -267387 51422 39
278319 -311158 53648 39
219439 -313335 53793 39
107987 -315110 54063 39
85312 -316642 54119 39
31033 -319044 54252 39
269422 -348134 56851 39
195901 -349919 57031 39
178925 -351064 57073 39
104831 -357248 57255 39
64401 -357011 57354 39
55855 -357433 57375 39
44209 -357713 57404 39
240805 -398764 60105 39
172978 -402334 60272 39
150259 -402853 60328 39
107010 -405005 60434 39
199922 -454958 63390 39
140480 -456170 63536 39
126994 -456232 63569 39
188971 -496732 66601 39
199379 -549185 69760 39
180771 -647159 76174 39
195438 468286 88875 39
131166 463021 89033 39
118284 462478 89065 39
2052 460321 89350 39
-34840 457343 89441 39
-60389 456187 89504 39
217048 409990 92006 39
83219 407939 92335 39
57176 405771 92399 39
48966 405552 92419 39
545 405850 92538 39
251958 374165 95105 39
230176 373169 95158 39
203151 370942 95225 39
163525 371124 95322 39
94258 369190 95492 39
44012 366000 95616 39
221370 318872 98364 39
175072 317790 98478 39
135504 314977 98575 39
108784 314502 98641 39
74437 312983 98725 39
215893 271742 101562 39
176511 269642 101659 39
128261 266134 101777 39
118532 265762 101801 39
99591 264821 101848 39
50980 261482 101967 39
247882 225334 104668 39
192792 223581 104803 39
147948 223318 104913 39
142246 222887 104927 39
108208 220134 105011 39
62033 218190 105124 39
189135 180439 107996 39
70367 175896 108288 39
-40119 168281 108560 39
195356 122289 111165 39
136871 121651 111309 39
90860 120906 111422 39
45726 117466 111533 39
-13180 117617 111678 39
-51115 115869 111771 39
182855 74480 114380 39
117867 72311 114540 39
45837 71509 114717 39
9591 70928 114806 39
-35460 69659 114917 39
162718 35759 117614 39
119063 32355 117721 39
12752 26328 117983 39
140536 -14840 120853 39
47970 -19926 121080 39
33688 -20674 121115 39
-9733 -160367 130775 39
-34645 -162283 130836 39
1585 -210269 133931 39
-29366 -211975 134007 39
-60054 -212915 134083 39
191370 -258012 136649 39
152748 -260236 136744 39
135586 -260362 136786 39
105456 -261748 136861 39
-12895 -262365 137151 39
-31258 -262213 137196 39
-113314 -267354 137398 39
268797 -299630 139643 39
205848 -304705 139798 39
190287 -304762 139836 39
81708 -308109 140103 39
269329 -348067 142826 39
195753 -349925 143007 39
178905 -351109 143049 39
103009 -354504 143235 39
64391 -356917 143330 39
55881 -357554 143351 39
44267 -357697 143379 39
240880 -398795 146081 39
172979 -402410 146247 39
150323 -403059 146303 39
107022 -404874 146409 39
230744 -438769 149290 39
193276 -440361 149382 39
147710 -443229 149494 39
188863 -496669 152577 39
193868 -537341 155749 39
183886 -537746 155773 39
171399 -537784 155804 39
187476 -631631 162133 39
