3055
159437 587317 1444 0
211286 536927 4554 0
174618 536038 4646 0
195702 490769 7833 0
-29940 481072 8397 0
50986 433913 11435 0
218815 390826 14258 0
203935 390384 14294 0
-6312 383865 14818 0
243654 344813 17433 0
144862 340265 17680 0
205460 297224 20769 0
82437 293118 21076 0
193333 248241 24039 0
168684 247310 24101 0
136031 246464 24182 0
54994 242357 24385 0
212320 198365 27232 0
184912 198353 27300 0
48904 192067 27640 0
136147 144786 30662 0
115415 144567 30714 0
82942 143697 30795 0
59227 142102 30854 0
193093 98548 33760 0
-12868 90578 34275 0
180309 53203 37032 0
150184 53269 37107 0
-39378 -151990 50541 0
858 -198211 53680 0
134593 -240735 56586 0
-19120 -246263 56970 0
-83124 -249136 57130 0
281411 -281964 59459 0
107925 -293856 59903 0
168045 -339440 62982 0
118134 -341358 63107 0
96119 -341644 63162 0
161023 -387388 66240 0
151736 -436347 69503 0
112923 -438516 69600 0
201684 -483622 72618 0
186279 -528143 75897 0
159756 -580723 79203 0
185070 -630826 82380 0
208063 568905 88802 0
203882 522175 92053 0
168877 522217 92140 0
-31948 516372 92642 0
-74303 513364 92748 0
189144 474247 95330 0
150327 472769 95427 0
-38515 467749 95899 0
-62858 465864 95960 0
220495 424517 98491 0
127404 421202 98724 0
62967 418912 98885 0
-52331 416369 99173 0
176485 378270 101841 0
158941 377295 101885 0
137734 376036 101938 0
133665 376007 101948 0
80658 372105 102081 0
44847 370925 102170 0
220204 330035 104972 0
99665 322014 105273 0
70838 320515 105345 0
114718 279126 108476 0
249235 235075 111379 0
116549 227695 111711 0
104109 227129 111742 0
149630 182325 114868 0
66164 131528 118317 0
6438 128990 118466 0
-12861 127908 118515 0
172044 82628 121292 0
27028 77935 121655 0
153706 32605 124578 0
119004 32381 124665 0
48119 -19932 128082 0
132146 -211049 140832 0
-61899 -215765 141317 0
191291 -258005 143924 0
135481 -260247 144064 0
-31153 -262261 144480 0
-113126 -267343 144685 0
70202 -311092 147467 0
195942 -349972 150393 0
103129 -354492 150625 0
64505 -356766 150721 0
55957 -357327 150743 0
240881 -398761 153520 0
173058 -402408 153690 0
150423 -403065 153746 0
107255 -405040 153854 0
161335 -449402 156959 0
144428 -449864 157001 0
188826 -496765 160130 0
199246 -549104 163344 0
180829 -647046 169870 0
201673 552673 176298 0
208788 503849 179523 0
84188 501806 179832 0
-4742 496305 180054 0
-44370 495338 180153 0
-71697 493378 180222 0
167228 455449 182864 0
157793 455103 182888 0
-31929 450101 183362 0
-63437 449516 183441 0
226075 408383 185957 0
62939 401653 186365 0
251714 361665 189133 0
195010 358963 189275 0
127399 355729 189444 0
208933 310384 192480 0
152521 308893 192621 0
78430 306111 192806 0
219258 261098 195706 0
152190 213588 199102 0
92083 209463 199252 0
170174 165257 202297 0
36645 160854 202631 0
170921 117107 205535 0
26695 111323 205896 0
203635 68224 208693 0
123261 67567 208894 0
-10618 63254 209229 0
-61534 -183547 225556 0
-39547 -231407 228741 0
-61145 -231543 228795 0
128040 -324735 234802 0
159643 -371813 237963 0
59769 -373974 238213 0
230387 -418892 241039 0
171757 -420990 241180 0
102322 -422149 241348 0
84491 -422720 241391 0
167708 -468749 244423 0
144832 -469200 244480 0
176688 -514416 247641 0
204658 -560445 250811 0
194577 227483 1222 4
62070 218158 1553 4
175657 174312 4509 4
96271 169826 4708 4
136877 121672 7846 4
90926 120899 7961 4
41717 118540 8084 4
-51061 115827 8316 4
117867 72311 11134 4
12033 73085 11399 4
157275 26237 14275 4
12701 26386 14637 4
70859 -22726 17731 4
52782 -23518 17777 4
12133 -25955 17878 4
-39490 -218986 30967 4
193618 -265303 33625 4
175759 -265704 33669 4
256173 -310307 36708 4
108208 -315077 37078 4
85325 -316601 37135 4
248684 -358868 39967 4
158489 -360289 40192 4
44865 -365678 40476 4
138301 -410886 43483 4
113483 -410733 43545 4
200099 -454956 46568 4
140466 -456185 46717 4
189748 -506535 49834 4
199353 -549125 53050 4
243709 209961 88579 4
157079 204233 88796 4
75009 201728 89001 4
141061 155045 92076 4
64112 154480 92268 4
16908 152514 92386 4
202063 109162 95163 4
40627 107600 95567 4
-6534 103869 95685 4
-33939 103815 95753 4
183354 65517 98450 4
16959 53266 98866 4
-45462 53610 99022 4
100879 10067 101896 4
74057 8849 101963 4
57317 8499 102005 4
46995 -42060 105271 4
28093 -43264 105318 4
-17530 -138524 111912 4
-6911 -238336 118366 4
-64555 -240704 118510 4
282874 -273018 120881 4
153712 -276369 121204 4
129475 -327587 124505 4
110865 -376928 127791 4
230540 -419041 130732 4
226196 -419348 130743 4
196904 -421202 130816 4
171752 -421029 130879 4
193552 -474095 134065 4
187736 -524097 137319 4
186185 -571692 140563 4
212956 243561 172896 4
147166 243098 173061 4
222863 192359 176111 4
188944 190511 176196 4
155686 189437 176279 4
187420 139419 179440 4
29325 137232 179835 4
201299 97614 182645 4
140206 94217 182798 4
-12705 90506 183180 4
153666 46777 186004 4
124174 -5683 189318 4
48480 -9859 189507 4
27655 -57406 192799 4
116616 -198832 202297 4
-16133 -201920 202629 4
-68338 -204651 202759 4
186533 -247316 205362 4
6525 -249979 205812 4
-104283 -257653 206089 4
269291 -290980 208395 4
107757 -293984 208799 4
253305 -339710 211675 4
168055 -339420 211888 4
118085 -341308 212013 4
179370 -394217 215100 4
139657 -395566 215199 4
93778 -397129 215314 4
230865 -438738 218211 4
163292 -439964 218380 4
193795 -537289 224784 4
183737 -537690 224809 4
171303 -537774 224840 4
184992 -630927 231286 4
27006 78034 158 8
117830 72280 384 8
150429 28613 3706 8
39333 -16032 6668 8
-34632 -162443 16203 8
-69496 -207002 19356 8
1585 -210269 19534 8
-104226 -257591 22509 8
-31371 -262145 22691 8
105279 -261728 23033 8
175590 -265682 23209 8
282821 -272883 23477 8
70192 -311193 26185 8
55822 -357555 29389 8
148040 -363039 29620 8
221371 -363179 29803 8
113321 -410728 32773 8
138222 -411006 32835 8
209425 -411552 33013 8
179153 -508786 39418 8
194899 -508851 39457 8
172534 -559562 42641 8
204521 -560583 42721 8
-10681 63125 87543 8
170919 60470 87997 8
74168 8674 90995 8
-26259 -179197 103704 8
185207 -234481 107473 8
-355 -275394 110249 8
129374 -327552 113813 8
59790 -374084 116879 8
110669 -377029 117007 8
228019 -380069 117300 8
84619 -422643 120181 8
166634 -426139 120386 8
166406 -479660 123626 8
186265 -528162 126916 8
113401 43150 175333 8
89299 -3388 178513 8
124165 -5668 178600 8
28950 -47562 181602 8
799 -198225 191252 8
116607 -198860 191541 8
-101549 -240086 194236 8
-64626 -240744 194328 8
-39907 -241451 194390 8
107776 -293990 197999 8
214431 -297608 198266 8
96066 -341667 201210 8
195760 -349844 201459 8
63033 -395847 204367 8
93768 -397152 204444 8
162051 -396825 204615 8
205535 -396346 204724 8
240807 -398798 204812 8
178440 -445417 207896 8
188863 -496669 211162 8
176009 -539657 214370 8
208762 310298 1115 12
152523 308896 1256 12
78285 306165 1441 12
219291 260973 4329 12
178526 258771 4431 12
119824 256133 4577 12
100604 254752 4625 12
64180 254352 4716 12
243827 209918 7507 12
157000 204167 7724 12
76666 199477 7925 12
170205 165225 10931 12
37217 155758 11264 12
201860 109027 14092 12
40586 107597 14495 12
-33826 103866 14681 12
263875 59624 17191 12
35591 51306 17748 12
5722 50841 17823 12
100792 10001 20825 12
74110 8723 20892 12
57194 8606 20934 12
46988 -42198 24199 12
28011 -43029 24247 12
-17508 -138461 30841 12
-61402 -183513 34190 12
185174 -234399 36814 12
-6932 -238352 37294 12
-64613 -240865 37438 12
282835 -273026 39810 12
153590 -276193 40133 12
129398 -327663 43433 12
159569 -371719 46598 12
59876 -374099 46847 12
252224 -427052 49636 12
193424 -474204 52993 12
187832 -524194 56247 12
186205 -571639 59491 12
205440 297151 88603 12
73374 290975 88933 12
212987 243712 91824 12
147005 243130 91989 12
54986 242419 92219 12
222790 192200 95040 12
188994 190532 95124 12
155803 189361 95207 12
34921 182038 95510 12
187399 139345 98368 12
104202 135053 98576 12
201409 97473 101573 12
140188 94148 101726 12
-12821 90425 102109 12
180215 53201 104866 12
124184 -5558 108246 12
48634 -9799 108435 12
27502 -57485 111728 12
-39373 -152052 118375 12
116724 -198883 121225 12
-16215 -201841 121557 12
-68525 -204719 121688 12
186569 -247383 124291 12
6511 -249961 124741 12
-104203 -257541 125017 12
269230 -290938 127324 12
122203 -301396 127691 12
253382 -339629 130603 12
125919 -348757 130922 12
63791 -351608 131077 12
52398 -352041 131106 12
205532 -396269 133984 12
162072 -396915 134090 12
102211 -399840 134235 12
230830 -438659 137140 12
163389 -440010 137308 12
201693 -483626 140453 12
193845 -537326 143712 12
183831 -537692 143737 12
171384 -537740 143768 12
159791 -580687 147037 12
185007 -630949 150214 12
220314 329805 172806 12
99585 321971 173108 12
70989 320371 173179 12
176644 269566 176155 12
128186 266191 176276 12
118647 265683 176300 12
194626 227517 179350 12
103922 227215 179577 12
175581 174288 182638 12
96443 170051 182836 12
195382 122362 185828 12
136700 121743 185975 12
90980 120945 186089 12
41879 118438 186212 12
-50975 115805 186444 12
171829 82421 189127 12
26985 77937 189489 12
157164 26208 192404 12
14725 18318 192760 12
70974 -22745 195859 12
52701 -23642 195905 12
12209 -26055 196006 12
132211 -211013 208666 12
-39373 -218997 209095 12
193640 -265384 211753 12
175642 -265546 211798 12
-113375 -267414 212520 12
278390 -311420 214781 12
219374 -313459 214928 12
108174 -315063 215206 12
85419 -316643 215263 12
248714 -359012 218095 12
158623 -360293 218320 12
44894 -365685 218605 12
240805 -398764 221355 12
172978 -402334 221524 12
150233 -403028 221581 12
107019 -404918 221689 12
200046 -454847 224697 12
140598 -456197 224845 12
194981 -508871 227949 12
179099 -508953 227989 12
199379 -549185 231178 12
187294 139359 1098 16
29426 137068 1493 16
201199 97528 4303 16
140374 94240 4455 16
-12759 90366 4838 16
264023 59488 7386 16
150341 53415 7671 16
35629 51121 7957 16
124147 -5728 10976 16
48501 -9820 11165 16
28877 -47503 14454 16
-34660 -162381 21093 16
116515 -198911 23955 16
-16189 -201705 24287 16
-68309 -204631 24417 16
186440 -247347 27020 16
6527 -250018 27470 16
-104209 -257481 27747 16
281359 -282140 30023 16
107802 -293858 30458 16
253337 -339667 33333 16
118114 -341336 33671 16
96125 -341641 33726 16
228044 -380068 36636 16
94928 -386458 36969 16
252396 -427097 39815 16
149619 -432464 40072 16
90943 -435399 40219 16
201665 -483670 43182 16
193986 -537263 46441 16
183837 -537714 46467 16
159627 -580686 49767 16
184970 -630896 52944 16
195260 122266 88558 16
136764 121747 88704 16
90971 120957 88819 16
41605 118502 88942 16
-51089 115845 89174 16
171987 82540 91856 16
27177 78043 92218 16
157190 26173 95133 16
14892 18322 95489 16
92744 -28944 98560 16
50602 -30283 98663 16
-26281 -178961 108561 16
132099 -210933 111396 16
-39571 -218981 111825 16
193566 -265362 114482 16
175587 -265662 114527 16
278401 -311231 117510 16
219384 -313528 117658 16
123563 -318858 117897 16
248765 -358992 120824 16
158564 -360168 121050 16
44961 -365666 121334 16
240880 -398795 124084 16
172915 -402383 124254 16
150451 -403025 124310 16
107193 -405031 124418 16
200038 -454862 127426 16
140409 -456093 127575 16
194961 -508798 130679 16
179042 -508929 130719 16
199304 -548975 133908 16
170365 165329 172860 16
36495 160881 173195 16
201999 109222 176021 16
40413 107553 176425 16
-33932 103871 176611 16
264019 59454 179106 16
35588 51262 179677 16
100773 10121 182754 16
74041 8866 182821 16
57230 8612 182863 16
92859 -29179 186014 16
50597 -30087 186120 16
-17606 -138538 192770 16
-26165 -179130 196032 16
185280 -234312 198743 16
-6751 -238254 199223 16
-64694 -240815 199368 16
282728 -272964 201740 16
153602 -276381 202062 16
129519 -327524 205363 16
228013 -379927 208359 16
116775 -382845 208634 16
252441 -427076 211535 16
193475 -473992 214923 16
201577 -511072 218142 16
186075 -571616 221421 16
47998 -19871 1387 20
169274 593794 3551 20
-58937 548978 6220 20
-72483 504592 9426 20
115620 494979 9896 20
165398 493374 10021 20
186471 491973 10074 20
-31868 450269 12786 20
152825 446099 13236 20
132233 -210995 14137 20
-61963 -215806 14622 20
373 405969 16088 20
62807 401815 16244 20
94258 401554 16323 20
169100 399024 16510 20
191380 -257976 17237 20
135434 -260341 17373 20
-31192 -262288 17785 20
-113185 -267438 17990 20
123997 349603 19637 20
243621 344893 19936 20
70371 -311006 20779 20
78270 306091 22763 20
121724 304354 22872 20
217030 299808 23110 20
104799 -357423 23931 20
64017 254308 25967 20
193257 248236 26291 20
172922 -402387 27017 20
150323 -403059 27072 20
107161 -404836 27177 20
82975 207042 29255 20
156009 206009 29437 20
161523 -449231 30272 20
144664 -449897 30313 20
29159 161558 32360 20
141122 154947 32640 20
188971 -496732 33453 20
-50995 115787 35400 20
21874 112689 35582 20
199301 -548962 36649 20
-10654 63123 38741 20
79150 11754 42205 20
180792 -647189 43177 20
-26083 -179034 54902 20
185134 -234409 58670 20
-351 -275479 61447 20
129312 -327640 65011 20
59887 -374109 68077 20
110785 -376917 68204 20
227906 -379979 68497 20
84587 -422668 71379 20
166695 -426105 71584 20
166363 -479491 74823 20
186304 -528142 78113 20
195612 575678 91096 20
161119 529457 94250 20
-60412 486831 96936 20
165991 480477 97502 20
-61543 -183507 98861 20
51063 434044 100455 20
113814 431603 100612 20
151929 430167 100707 20
216000 427361 100867 20
-39590 -231306 102046 20
100015 382535 103817 20
176317 378348 104008 20
153645 -276371 104827 20
112392 337661 107088 20
127998 -324788 108107 20
37346 286787 110141 20
45312 286257 110161 20
97488 285637 110291 20
145811 284018 110412 20
159597 -371640 111275 20
54988 242317 113425 20
249088 235054 113910 20
230554 -419099 114347 20
171778 -421035 114490 20
102402 -422144 114660 20
84620 -422726 114704 20
48804 192041 116649 20
155619 189311 116916 20
167914 -468866 117733 20
144746 -469288 117790 20
49561 143892 119891 20
82986 143534 119975 20
187347 139300 120236 20
176778 -514400 120957 20
-54384 96531 122871 20
113437 43235 126531 20
89209 -3439 129710 20
124044 -5702 129798 20
815 -198235 142449 20
-101696 -240136 145433 20
-64644 -240906 145526 20
-39970 -241309 145588 20
107879 -294123 149197 20
108066 -344698 152438 20
195753 -349925 152657 20
62981 -395775 155589 20
161953 -396886 155833 20
240729 -398769 156025 20
178590 -445620 159094 20
188808 -496620 162359 20
175980 -539768 165567 20
93970 -3236 173016 20
-31895 516346 181248 20
173959 508489 181762 20
-39207 -152048 183045 20
-38429 467847 184471 20
131215 463063 184895 20
827 -198264 186185 20
63100 418840 187965 20
225919 408537 188372 20
126806 -243248 189127 20
106576 -244441 189177 20
-19252 -246164 189486 20
-83157 -249105 189642 20
36267 368552 191138 20
120789 366590 191349 20
192014 365478 191527 20
251643 361696 191677 20
107839 -294104 192409 20
70790 320505 194464 20
125165 319459 194600 20
175121 317822 194725 20
167970 -339368 195495 20
118164 -341403 195616 20
96081 -341590 195671 20
70337 268708 197703 20
161054 -387374 198749 20
117008 218735 201060 20
151624 -436382 202015 20
113116 -438452 202109 20
70342 175858 204183 20
201619 -483675 205125 20
-12953 127875 207215 20
61206 123484 207400 20
136682 121561 207589 20
-39547 78576 210389 20
26975 77922 210555 20
117906 72406 210782 20
159838 -580747 211720 20
157204 26363 214120 20
184934 -630880 214892 20
39313 -16155 217066 20
-69429 -206812 229754 20
1642 -210413 229932 20
-104404 -257647 232906 20
-31319 -262215 233089 20
155922 -269247 233557 20
70157 -311075 236583 20
55885 -357451 239787 20
147927 -363016 240017 20
113379 -410698 243171 20
138103 -410999 243233 20
179145 -508933 249815 20
172617 -559389 253039 20
203178 563111 396 24
210218 562838 413 24
-31895 516349 3047 24
173745 508487 3561 24
-38412 467871 6271 24
131082 463214 6695 24
-61449 425652 9453 24
62973 419041 9764 24
156902 419004 9999 24
23736 373444 12906 24
41771 372934 12951 24
80537 372038 13048 24
126972 371992 13164 24
163400 371155 13256 24
202932 370944 13354 24
70948 320559 16264 24
125150 319465 16400 24
175074 317729 16525 24
70504 268733 19503 24
128192 266185 19648 24
103984 227123 22827 24
70358 175863 25983 24
175647 174298 26246 24
-26723 138126 28980 24
66157 131512 29212 24
195355 122427 29535 24
-39540 78671 32188 24
27058 77950 32355 24
117926 72181 32582 24
102954 34129 35784 24
153752 32562 35911 24
39335 -16184 38865 24
-69474 -206975 51553 24
1648 -210276 51731 24
132132 -210857 52057 24
-107909 -247597 54697 24
-83158 -249058 54759 24
-4001 -252188 54957 24
135355 -260326 55305 24
152746 -260404 55349 24
70165 -311215 58382 24
278162 -311256 58902 24
52315 -351802 61578 24
103077 -354468 61705 24
221370 -363231 62000 24
66099 -402227 64852 24
107137 -404901 64955 24
140460 -456223 68278 24
179327 -508829 71615 24
194841 -508846 71654 24
172531 -559403 74838 24
-58921 548716 87220 24
157170 548286 87760 24
-72654 504529 90425 24
84149 501773 90817 24
175290 495063 91045 24
-36672 461290 93755 24
77248 456118 94040 24
157728 455183 94241 24
417 405784 97088 24
62834 401698 97244 24
94339 401580 97323 24
169218 399018 97510 24
225075 398741 97650 24
33723 361633 100411 24
55992 361139 100467 24
127360 355892 100645 24
172079 352651 100757 24
189726 351900 100801 24
243249 349394 100935 24
58262 309818 103713 24
135320 309716 103905 24
152380 308865 103948 24
176464 307350 104008 24
50950 261574 106934 24
66248 261458 106973 24
176785 254510 107249 24
82958 207054 110254 24
156110 205956 110437 24
234543 205195 110633 24
28968 161564 113359 24
141159 154939 113640 24
168212 152927 113708 24
-51077 115882 116399 24
21767 112704 116581 24
201885 109119 117032 24
-10667 63158 119740 24
170888 60634 120194 24
263936 59419 120427 24
14837 18211 123044 24
12068 -25960 126277 24
92802 -29123 126479 24
-26135 -179118 135902 24
-39839 -220093 139107 24
185192 -234280 139670 24
-113357 -267457 142164 24
-267 -275433 142446 24
153668 -276131 142831 24
281370 -282143 143150 24
89857 -323992 145912 24
127967 -324748 146007 24
60615 -368088 149079 24
94563 -368664 149163 24
159530 -371789 149326 24
78241 -418671 152363 24
164856 -424732 152579 24
252226 -427108 152798 24
144807 -469109 155769 24
186299 -527953 159113 24
186073 -571678 162352 24
161052 529554 175250 24
-71858 493112 177907 24
166080 480510 178502 24
-47436 445361 181208 24
127202 435402 181645 24
159141 435214 181725 24
59482 393733 184716 24
204154 388929 185077 24
38968 341206 187904 24
112473 337398 188088 24
220212 330046 188358 24
37281 286936 191140 24
45194 286357 191160 24
85720 286201 191261 24
97545 285621 191291 24
145768 284128 191411 24
54958 242292 194424 24
249142 235022 194910 24
48849 192093 197649 24
155671 189465 197916 24
16938 152519 200809 24
135948 144901 201107 24
-54242 96726 203871 24
101399 88895 204267 24
-45438 53570 207133 24
16853 53308 207289 24
153448 46883 207631 24
65373 3231 210650 24
27949 -43218 213797 24
-17599 -138372 220163 24
878 -198120 223449 24
116536 -198893 223738 24
-101535 -240165 226433 24
-60492 -242857 226536 24
106473 -244430 226953 24
186427 -247389 227153 24
84956 -290826 230139 24
214312 -297644 230463 24
79665 -340521 233366 24
96064 -341607 233407 24
62972 -395789 236580 24
161998 -396805 236822 24
240856 -398744 237013 24
90951 -435208 239874 24
151634 -436253 240026 24
230873 -438669 240224 24
188950 -496752 243359 24
171233 -537792 246555 24
184852 -630944 253069 24
121042 366543 7960 1
62377 266866 14587 1
62010 218195 17828 1
175656 174315 20784 1
9663 70909 27679 1
43246 -25002 34075 1
12254 -25949 34152 1
44763 -365649 56751 1
138103 -410795 59758 1
45922 395961 92388 1
286435 356216 95027 1
172233 352652 95312 1
100304 300758 98732 1
146262 254458 101857 1
156120 205906 105073 1
16860 152508 108661 1
170841 60582 114756 1
74244 8758 118237 1
79443 429823 176544 1
204254 385835 179472 1
125125 383344 179670 1
49522 380093 179859 1
154332 286558 186077 1
222705 192157 192386 1
189097 190538 192470 1
155835 189293 192553 1
124158 -5582 205593 1
5514 -253398 222089 1
-104154 -257542 222363 1
179217 -538743 241095 1
243727 344687 1099 5
144778 340401 1347 5
217204 299756 4406 5
82292 293082 4743 5
193459 248058 7705 5
168571 247200 7767 5
135910 246443 7849 5
55089 242275 8051 5
234667 205164 10842 5
169487 202115 11005 5
145520 200736 11065 5
76645 199275 11237 5
168274 152818 14248 5
49781 143994 14544 5
135425 103844 17570 5
29118 97823 17836 5
-52897 96485 18041 5
263872 59537 20489 5
180168 53269 20698 5
150284 53261 20773 5
35761 51166 21059 5
5778 50882 21134 5
65388 3384 24225 5
29009 -47444 27556 5
-39363 -151920 34207 5
783 -198287 37347 5
185336 -234371 40125 5
121791 -238940 40284 5
-19226 -246122 40637 5
-83003 -249131 40796 5
281352 -282061 43125 5
84960 -290595 43616 5
167847 -339187 46650 5
97828 -340807 46824 5
228156 -380038 49738 5
143713 -386374 49950 5
95090 -386458 50071 5
252237 -427097 52918 5
149592 -432363 53175 5
91038 -435403 53321 5
201567 -483551 56285 5
186315 -528097 59563 5
159736 -580755 62869 5
220264 329857 88638 5
91082 325329 88961 5
164926 281758 92016 5
114558 279053 92142 5
93443 279018 92195 5
249187 235079 95046 5
142678 234344 95312 5
101178 231232 95416 5
149506 182303 98535 5
35024 182007 98821 5
170140 136978 101723 5
104137 135024 101888 5
12581 130896 102117 5
171895 82513 104959 5
26972 78035 105321 5
153675 32659 108260 5
119063 32355 108345 5
47516 -12943 111750 5
-34609 -162424 121675 5
132189 -210840 124498 5
-29406 -212006 124902 5
-74118 -214178 125014 5
-31349 -262316 128147 5
-113314 -267354 128352 5
214360 -297668 130773 5
122206 -301374 131003 5
195852 -349913 134059 5
151728 -349919 134169 5
64015 -351687 134389 5
52557 -352054 134417 5
240956 -398797 137186 5
172932 -402270 137356 5
150336 -402876 137413 5
107038 -404958 137521 5
178612 -445497 140582 5
188967 -496739 143796 5
193798 -543462 147024 5
251680 361657 172800 5
195000 358999 172941 5
127540 355909 173110 5
208702 310491 176147 5
152542 308807 176287 5
78274 306271 176473 5
128546 265039 179587 5
66288 261392 179743 5
152176 213590 182768 5
92084 209581 182919 5
170223 165286 185963 5
36620 160880 186297 5
195356 122289 189140 5
45781 117485 189514 5
203409 68218 192360 5
123355 67579 192560 5
39083 66070 192771 5
-10667 63256 192895 5
14960 18311 196071 5
92931 -29130 199116 5
50584 -30116 199222 5
-26147 -179155 209134 5
121913 -220619 212004 5
-39703 -231141 212408 5
-61237 -231399 212462 5
177334 -269087 215105 5
155966 -269391 215159 5
101790 -270794 215294 5
-121 -275464 215549 5
278194 -311265 218093 5
219439 -313335 218240 5
123549 -318813 218480 5
221360 -363244 221475 5
150954 -366455 221651 5
94615 -368646 221792 5
209520 -411566 224745 5
156309 -414786 224878 5
78254 -418589 225073 5
167749 -468794 228090 5
144636 -469298 228147 5
201606 -511136 231245 5
204631 -560429 234477 5
28919 161441 165 9
36589 160879 184 9
141062 155051 438 9
168193 152973 506 9
-51115 115869 3198 9
21917 112812 3380 9
135442 103818 3664 9
-18392 58700 6534 9
150324 53401 6941 9
180125 53078 7016 9
14761 18228 9842 9
50371 -30282 13171 9
-26266 -179154 22700 9
-39705 -231328 25906 9
131737 -238561 26351 9
-113283 -267340 28962 9
-390 -275387 29244 9
269138 -290804 29918 9
75532 -333467 32678 9
253210 -339644 33118 9
59932 -374101 35875 9
110807 -376882 36002 9
227946 -379983 36295 9
84554 -422805 39177 9
164817 -424724 39377 9
252354 -427179 39596 9
166403 -479678 42621 9
186319 -528151 45911 9
186119 -571698 49151 9
49514 143902 87689 9
83061 143578 87773 9
143983 142649 87925 9
187221 139420 88033 9
-68288 94505 90635 9
101367 88897 91059 9
-45449 53590 93932 9
5562 50752 94059 9
113376 43355 94329 9
89210 -3317 97508 9
124049 -5756 97596 9
28892 -47561 100598 9
-40786 -149941 106903 9
770 -198266 110247 9
116569 -198796 110537 9
-101641 -240200 113231 9
-64601 -240863 113324 9
-39931 -241331 113386 9
106411 -244306 113751 9
186397 -247279 113951 9
84870 -290807 116938 9
214335 -297669 117261 9
79550 -340618 120164 9
96000 -341586 120205 9
118143 -341398 120261 9
63067 -395760 123363 9
93882 -397170 123440 9
154605 -399727 123592 9
112847 -438420 126728 9
163252 -440019 126854 9
188811 -496780 130157 9
162777 -545983 133332 9
-12958 127979 175013 9
21664 125166 175100 9
61224 123533 175198 9
90892 121024 175273 9
163959 118916 175455 9
-39573 78576 178187 9
26964 77908 178353 9
117880 72363 178580 9
203529 68267 178794 9
12511 26403 181557 9
157120 26253 181918 9
39380 -16106 184864 9
-34645 -162441 194399 9
-73927 -214004 197541 9
121929 -220534 198030 9
-127581 -260856 200646 9
-31374 -262156 200887 9
105209 -261688 201228 9
145898 -261994 201330 9
152730 -262083 201347 9
193554 -265423 201449 9
282741 -272992 201672 9
70145 -311126 204381 9
219394 -313526 204754 9
55881 -357554 207585 9
104803 -357358 207707 9
157038 -361774 207838 9
221335 -363128 207999 9
107076 -405033 210953 9
209536 -411551 211209 9
140374 -456087 214276 9
176622 -514414 217607 9
172448 -559380 220837 9
74921 201551 213 13
144354 199304 380 13
184685 198323 477 13
212361 198353 545 13
16883 152606 3297 13
136020 144925 3594 13
-33852 103821 6410 13
-6415 103745 6478 13
135517 103832 6833 13
-45347 53612 9621 13
5675 50811 9749 13
153498 46768 10118 13
57178 8637 13117 13
74184 8692 13160 13
28010 -43080 16284 13
-17631 -138430 22650 13
-61577 -183618 25780 13
-61253 -231568 29021 13
106419 -244383 29440 13
186412 -247324 29640 13
84871 -290724 32627 13
214239 -297452 32950 13
75418 -333622 35843 13
110682 -335859 35931 13
147463 -338574 36023 13
167915 -339292 36074 13
253228 -339654 36288 13
83871 -385633 39104 13
95010 -386248 39132 13
143605 -386409 39253 13
161148 -387419 39297 13
90947 -435276 42362 13
151597 -436290 42513 13
230713 -438671 42711 13
166417 -479601 45790 13
171218 -537715 49042 13
183867 -537737 49074 13
159621 -580766 52253 13
184865 -630928 55557 13
34924 182002 87582 13
128219 180325 87815 13
-26813 138122 90667 13
29270 137144 90808 13
104200 134917 90995 13
-68261 94512 93804 13
-12895 90365 93942 13
101504 88828 94228 13
102984 34082 97472 13
153723 32469 97599 13
39412 -16075 100553 13
27606 -57622 103763 13
-40779 -150101 110072 13
-69395 -206901 113241 13
1522 -210280 113418 13
132119 -210978 113745 13
-118055 -246428 116359 13
-83220 -249026 116446 13
-3995 -252190 116644 13
135398 -260314 116993 13
152711 -260316 117036 13
122193 -301356 120200 13
211987 -306724 120424 13
242423 -307982 120500 13
52369 -352042 123265 13
103009 -354504 123392 13
221379 -363005 123688 13
63009 -395833 126532 13
93863 -397238 126609 13
154617 -399757 126761 13
140378 -456159 129965 13
179207 -508689 133312 13
194954 -508972 133350 13
162786 -545853 136501 13
180780 -647200 143026 13
29146 161559 175047 13
36609 161119 175066 13
-50992 115784 178087 13
21783 112878 178274 13
201876 109114 178719 13
-39544 78802 181356 13
26976 78138 181522 13
117916 72306 181749 13
203483 68281 181963 13
12552 26314 184726 13
12022 -25980 187964 13
52653 -25812 188066 13
92720 -28927 188166 13
-34611 -162258 197568 13
-62008 -215824 200739 13
121985 -220398 201199 13
-127595 -260943 203815 13
-31268 -262318 204056 13
101919 -270790 204389 13
266747 -275028 204801 13
85205 -316655 207587 13
123508 -318749 207683 13
44755 -365685 210726 13
94548 -368594 210851 13
133173 -368942 210947 13
78336 -418567 214050 13
164850 -424619 214267 13
252269 -427109 214485 13
144733 -469278 217456 13
160813 -516457 220736 13
172470 -559373 224006 13
70767 320499 142 17
125123 319604 275 17
175088 317900 396 17
62390 267029 3342 17
118542 265756 3482 17
128448 265129 3507 17
219249 260889 3734 17
60576 218852 6577 17
110440 216892 6702 17
131425 215622 6754 17
243766 209937 7035 17
70367 175896 9842 17
175579 174327 10105 17
-26833 138144 12839 17
29315 137145 12979 17
-39490 78598 16047 17
26979 77971 16213 17
117861 72254 16440 17
203425 68135 16654 17
12592 26374 19417 17
38155 -24843 22721 17
43220 -24948 22734 17
27619 -57666 25935 17
-39426 -152112 32247 17
-69567 -207010 35412 17
1536 -210390 35590 17
-127531 -260925 38507 17
-31345 -262313 38747 17
101787 -270870 39080 17
266912 -275118 39493 17
70225 -311063 42241 17
219435 -313409 42614 17
44751 -365567 45418 17
133059 -368948 45638 17
66226 -402238 48711 17
106999 -404980 48813 17
209463 -411447 49069 17
140405 -456074 52137 17
160917 -516295 55435 17
172581 -559509 58697 17
50234 314097 87551 17
74258 312998 87611 17
127957 312131 87746 17
50970 261527 90793 17
66222 261386 90831 17
176656 254580 91107 17
45276 203636 94019 17
75012 201626 94093 17
144189 199344 94266 17
184798 198321 94368 17
28990 161436 97218 17
36553 161009 97237 17
141181 155034 97499 17
-51014 115811 100258 17
21856 112633 100440 17
201859 109107 100890 17
-18344 58515 103580 17
150242 53382 104001 17
180124 53111 104076 17
14713 18291 106903 17
11984 -25983 110136 17
58481 -26650 110252 17
92886 -29005 110338 17
-61576 -183464 119672 17
-61819 -215806 122911 17
-113364 -267462 126022 17
-196 -275340 126305 17
153592 -276175 126690 17
281376 -282191 127009 17
75379 -333716 129734 17
110667 -335798 129822 17
253296 -339644 130179 17
44887 -365655 132898 17
94618 -368764 133022 17
133041 -368962 133118 17
78170 -418605 136221 17
165039 -424646 136438 17
252226 -427256 136656 17
144648 -469114 139627 17
160940 -516458 142908 17
159697 -580567 146145 17
184980 -630687 149461 17
37369 287049 174999 17
85665 286151 175120 17
97645 285655 175150 17
145787 284071 175270 17
54874 242394 178283 17
249056 235121 178768 17
48996 191962 181508 17
155634 189537 181775 17
-26811 138208 184601 17
29346 137112 184738 17
-68155 94530 187695 17
101461 88748 188119 17
-45403 53773 190992 17
16901 53338 191148 17
153453 46697 191489 17
48523 -9770 194467 17
27612 -57595 197655 17
-40744 -149946 203964 17
-61455 -183542 207152 17
-117916 -246380 210251 17
6312 -250020 210562 17
191339 -257898 211024 17
85036 -290821 213998 17
214274 -297612 214322 17
75373 -333660 217214 17
110870 -335897 217303 17
147625 -338438 217395 17
167833 -339373 217445 17
62999 -395837 220423 17
93753 -397237 220500 17
154601 -399916 220652 17
90994 -435433 223733 17
151555 -436368 223885 17
230905 -438625 224083 17
188852 -496777 227218 17
162624 -545910 230392 17
159739 -580656 233625 17
184924 -630787 236928 17
157082 26390 1107 21
14703 18407 1463 21
92903 -29192 4507 21
50526 -30129 4613 21
-26261 -179081 14525 21
121936 -220637 17395 21
-39607 -231334 17799 21
193567 -265421 20456 21
175528 -265736 20501 21
101780 -270832 20685 21
-297 -275446 20940 21
278319 -311158 23484 21
219559 -313518 23631 21
123518 -318732 23871 21
248849 -358991 26798 21
158494 -360321 27023 21
44896 -365616 27307 21
230495 -419115 30083 21
226173 -419388 30094 21
197048 -421044 30167 21
171709 -421135 30230 21
102209 -422019 30404 21
84606 -422792 30448 21
199960 -454800 33400 21
140575 -456222 33548 21
201487 -510990 36636 21
195006 -511022 36652 21
199369 -549141 39881 21
100684 9967 88728 21
74094 8696 88794 21
57336 8454 88836 21
46999 -42091 92102 21
28105 -43087 92149 21
-17440 -138520 98743 21
906 -198255 101937 21
185326 -234398 104716 21
121849 -238912 104875 21
-9115 -239634 105202 21
-39803 -241336 105279 21
-60307 -242768 105330 21
-118091 -246241 105475 21
281327 -282069 107716 21
107926 -294028 108150 21
167921 -339301 111240 21
118105 -341373 111364 21
96109 -341704 111419 21
228108 -379963 114329 21
116636 -382782 114608 21
252422 -427126 117509 21
149700 -432442 117765 21
91070 -435392 117912 21
201731 -483710 120875 21
187735 -524152 124150 21
186148 -571571 127394 21
184927 -630881 130637 21
153777 32562 172835 21
118944 32340 172922 21
12671 26437 173188 21
124114 -5775 176149 21
48509 -9748 176338 21
27748 -57568 179630 21
132175 -210799 189089 21
-29393 -212050 189493 21
191370 -258012 192181 21
152843 -260302 192278 21
135371 -260414 192321 21
105309 -261645 192396 21
-31201 -262315 192738 21
-113297 -267337 192943 21
269166 -290891 195227 21
122214 -301400 195594 21
253305 -339680 198506 21
126134 -348797 198824 21
63926 -351677 198980 21
52525 -351906 199008 21
240930 -398753 201777 21
172979 -402410 201947 21
150360 -403060 202004 21
107015 -404927 202112 21
230759 -438753 205043 21
163314 -440048 205211 21
188936 -496710 208387 21
199307 -549020 211601 21
184904 -630898 218117 21
207726 551934 1254 2
157376 548308 1380 2
208877 503819 4491 2
-5893 493775 5028 2
-71837 493120 5193 2
152861 446054 7871 2
-47404 445373 8372 2
245953 401897 10879 2
169328 399039 11070 2
78922 395114 11296 2
59625 393718 11345 2
286508 356123 14017 2
189680 351894 14259 2
124141 349344 14423 2
49163 345579 14611 2
176458 307236 17532 2
121733 304149 17669 2
219287 260911 20665 2
178468 258810 20767 2
119818 256190 20914 2
100525 254816 20962 2
64117 254448 21053 2
243870 209974 23844 2
156963 204324 24061 2
76713 199303 24262 2
141308 155175 27340 2
64186 154492 27533 2
17008 152670 27651 2
202080 109287 30428 2
40464 107715 30832 2
-33889 103809 31018 2
183325 65447 33715 2
16934 53286 34131 2
100884 10025 37161 2
74103 8833 37228 2
57352 8530 37270 2
47177 -41972 40536 2
28159 -43197 40583 2
-17526 -138533 47177 2
185291 -234412 53150 2
-6721 -238358 53630 2
-64691 -240907 53775 2
282880 -272942 56146 2
153697 -276144 56469 2
129469 -327670 59770 2
116683 -382679 63042 2
230473 -418976 65997 2
226174 -419265 66008 2
196937 -421066 66081 2
171747 -421104 66144 2
193608 -474148 69330 2
187745 -524107 72584 2
186202 -571661 75828 2
207274 531648 88735 2
190997 530684 88776 2
161260 529388 88850 2
181588 483761 92040 2
-24325 478260 92554 2
216862 438609 95191 2
199330 437640 95235 2
159289 435082 95335 2
113718 431702 95449 2
79437 430023 95535 2
-61406 425623 95887 2
236101 388247 98383 2
204128 385851 98463 2
125278 383359 98660 2
100104 382650 98723 2
49734 379954 98849 2
283275 338604 101505 2
127354 338269 101895 2
112488 337466 101932 2
200463 290063 104952 2
154199 286629 105068 2
97674 285570 105209 2
212865 243754 108161 2
222869 192137 111376 2
189043 190537 111461 2
155841 189293 111544 2
34984 182000 111846 2
187341 139387 114705 2
104173 135183 114913 2
201408 97480 117910 2
140261 94284 118063 2
-12688 90407 118445 2
153671 46721 121269 2
124287 -5768 124583 2
48462 -9871 124772 2
27673 -57548 128064 2
116638 -198899 137562 2
-16230 -201753 137894 2
-68318 -204536 138024 2
186547 -247239 140627 2
6458 -250061 141077 2
-104305 -257567 141354 2
269326 -290990 143660 2
122325 -301347 144028 2
253268 -339708 146940 2
126127 -348776 147258 2
63783 -351680 147414 2
52563 -352058 147442 2
179289 -394173 150365 2
139691 -395477 150464 2
93893 -397224 150579 2
230931 -438752 153476 2
163355 -440118 153645 2
193752 -537292 160049 2
183914 -537730 160074 2
171399 -537784 160105 2
210243 562648 172968 2
162739 517973 176327 2
-51112 502825 176861 2
161205 464251 179571 2
131259 463001 179645 2
-34681 457145 180060 2
224089 422283 182653 2
156869 419049 182821 2
252068 374194 185823 2
230176 373169 185878 2
163367 371264 186045 2
44103 366044 186343 2
175281 317781 189255 2
135674 314930 189354 2
108868 314420 189421 2
74269 313068 189508 2
176644 269443 192492 2
128261 266134 192613 2
118532 265762 192637 2
194631 227390 195687 2
62165 218097 196018 2
175724 174282 198974 2
96267 170031 199173 2
195317 122439 202165 2
136871 121651 202311 2
90867 120852 202426 2
45757 117591 202539 2
-51036 115839 202781 2
118073 72225 205598 2
9786 70872 205869 2
157263 26143 208740 2
14706 18383 209097 2
70899 -22854 212196 2
52649 -23636 212242 2
12119 -26050 212343 2
122106 -220494 225028 2
193722 -265305 228089 2
175676 -265576 228134 2
278355 -311377 231118 2
219445 -313539 231265 2
108151 -315100 231543 2
85312 -316642 231600 2
248863 -358935 234431 2
158539 -360270 234657 2
44904 -365620 234941 2
209561 -411567 237770 2
124500 -413199 237982 2
200155 -454919 241033 2
140480 -456170 241182 2
194918 -508837 244286 2
179249 -508938 244326 2
179564 -558636 247565 2
223994 422301 1140 6
199989 420342 1200 6
156817 419091 1308 6
119894 419126 1400 6
63097 418980 1542 6
-52089 416447 1830 6
251958 374165 4310 6
230107 373216 4365 6
163525 371124 4531 6
44702 371084 4828 6
283252 338721 7472 6
91114 325296 7952 6
184715 285970 10958 6
159504 284727 11021 6
145932 284178 11055 6
249121 235125 14037 6
142725 234265 14303 6
101308 231185 14407 6
222783 192178 17343 6
188872 190520 17428 6
155602 189363 17511 6
34852 182020 17813 6
187260 139347 20672 6
104330 134940 20879 6
12793 130911 21108 6
171907 82620 23950 6
27100 77966 24312 6
153915 32471 27235 6
119106 32479 27322 6
12752 26328 27588 6
124163 -5777 30550 6
48449 -9889 30739 6
27508 -57651 34031 6
-34484 -162401 40666 6
132260 -210964 43490 6
1713 -210390 43816 6
-29293 -211889 43893 6
-73945 -214174 44005 6
191508 -258010 46581 6
152727 -260237 46678 6
135525 -260383 46721 6
105280 -261580 46797 6
-31225 -262248 47138 6
-113241 -267478 47343 6
214337 -297523 49764 6
122336 -301372 49994 6
195901 -349919 53050 6
151931 -349889 53160 6
64391 -356917 53379 6
55937 -357503 53400 6
240705 -398783 56178 6
173107 -402408 56347 6
150330 -402983 56404 6
107160 -405031 56512 6
230721 -438769 59443 6
188812 -496747 62788 6
199231 -549119 66002 6
180797 -647052 72528 6
225927 408336 88615 6
152709 402869 88798 6
94298 401592 88944 6
62774 401684 89023 6
251893 361731 91790 6
195105 359013 91932 6
127503 355751 92101 6
208708 310322 95138 6
152385 308875 95279 6
78330 306279 95464 6
219394 261007 98352 6
178433 258760 98454 6
119706 256225 98601 6
100510 254755 98649 6
64015 254475 98740 6
152297 213756 101759 6
91961 209407 101910 6
175626 174273 104941 6
96445 169885 105139 6
195421 122250 108132 6
136779 121669 108278 6
90860 120906 108393 6
45804 117446 108506 6
-50970 115765 108748 6
203594 68166 111351 6
123195 67439 111552 6
39145 66152 111762 6
-10635 63132 111887 6
157092 26311 114707 6
14811 18319 115063 6
92787 -29068 118108 6
50466 -30059 118214 6
-17603 -138409 124864 6
-26062 -179113 128125 6
121981 -220685 130995 6
-39660 -231335 131399 6
-61222 -231435 131453 6
282792 -273050 133833 6
153637 -276263 134156 6
-326 -275308 134541 6
278387 -311289 137084 6
219593 -313513 137231 6
123618 -318704 137471 6
248731 -358869 140398 6
157107 -361828 140627 6
126716 -363982 140703 6
60734 -368171 140868 6
230405 -419074 143684 6
226174 -419338 143695 6
197031 -420992 143768 6
171659 -421002 143831 6
102334 -422098 144004 6
84700 -422546 144048 6
167944 -468791 147080 6
144808 -469201 147138 6
201628 -511050 150236 6
195143 -511055 150252 6
204626 -560412 153469 6
216849 438604 172878 6
199303 437792 172922 6
159155 435144 173022 6
127240 435377 173102 6
51120 434116 173292 6
245961 401883 176045 6
169117 399111 176237 6
78774 394937 176463 6
59598 393808 176511 6
286501 356215 179184 6
189649 351836 179426 6
123993 349355 179590 6
49141 345593 179777 6
217098 299759 182597 6
127923 300123 182820 6
212908 243762 185848 6
159771 243980 185981 6
147205 243259 186012 6
55112 242414 186242 6
234703 205176 189033 6
169526 202121 189196 6
145559 200809 189256 6
76773 199531 189428 6
168177 152856 192440 6
49703 144060 192736 6
-26833 138070 192927 6
201910 109110 195595 6
135508 103824 195761 6
29166 97827 196027 6
-52889 96354 196232 6
263894 59520 198680 6
180297 53077 198889 6
35662 51307 199251 6
5644 50763 199326 6
100767 9949 202328 6
74127 8728 202395 6
47131 -42159 205702 6
27985 -43250 205750 6
-39249 -151955 212398 6
116603 -198712 215256 6
767 -198236 215541 6
185205 -234357 218317 6
131702 -238589 218451 6
121941 -238872 218475 6
-6764 -238331 218797 6
-60448 -242710 218931 6
-118007 -246302 219075 6
281507 -282126 221316 6
107990 -294066 221750 6
253368 -339472 224640 6
167906 -339445 224849 6
118176 -341309 224968 6
96000 -341690 225022 6
227939 -380122 227930 6
143729 -386489 228141 6
95143 -386480 228262 6
252299 -427140 231109 6
149519 -432437 231366 6
91094 -435259 231512 6
201557 -483657 234476 6
187926 -524161 237750 6
186128 -571720 240995 6
184962 -630957 244238 6
54893 242465 229 10
249124 235047 702 10
48787 191986 3441 10
155590 189344 3708 10
-26811 138039 6492 10
29373 137110 6633 10
104161 134972 6820 10
-68341 94332 9629 10
-12935 90506 9767 10
101413 88892 10053 10
-45439 53544 12926 10
5601 50718 13053 10
113437 43218 13323 10
48407 -9739 16400 10
27504 -57637 19588 10
-40810 -150166 25897 10
-16128 -201906 29199 10
-118167 -246273 32184 10
-19195 -246011 32431 10
186421 -247404 32945 10
84805 -290743 35931 10
214253 -297657 36255 10
63769 -351502 39121 10
62983 -395743 42357 10
93923 -397288 42434 10
154682 -399774 42586 10
90935 -435369 45667 10
163237 -440144 45848 10
188812 -496749 49151 10
162763 -545832 52326 10
180753 -647191 58851 10
60375 218786 87710 10
110422 216899 87835 10
131222 215576 87887 10
243746 210032 88169 10
34972 182006 90887 10
144313 176411 91160 10
175554 174336 91238 10
-12969 127912 94007 10
21683 125147 94094 10
61222 123458 94192 10
136663 121646 94381 10
-39622 78786 97180 10
26976 78035 97347 10
117990 72208 97574 10
203405 68061 97788 10
12540 26319 100551 10
157155 26280 100912 10
12119 -25840 103810 10
52637 -26008 103909 10
-34693 -162430 113393 10
-74102 -214172 116534 10
121919 -220657 117024 10
-127623 -260983 119640 10
-31387 -262342 119881 10
101844 -270656 120214 10
266680 -275119 120626 10
70186 -311080 123375 10
219431 -313412 123748 10
44776 -365626 126551 10
94608 -368761 126676 10
133092 -368757 126772 10
66159 -402186 129845 10
107010 -405005 129947 10
209519 -411501 130203 10
140371 -456043 133270 10
160814 -516265 136561 10
172501 -559548 139831 10
204561 -560547 139911 10
45322 203635 175153 10
75093 201505 175227 10
144255 199296 175400 10
184727 198402 175501 10
212184 198310 175570 10
16839 152603 178322 10
168190 152851 178700 10
-51089 115957 181392 10
21795 112735 181574 10
135441 103725 181858 10
-18503 58510 184713 10
150291 53445 185135 10
180193 53107 185210 10
14780 18215 188036 10
46997 -42004 191357 10
-17619 -138319 197709 10
-61607 -183501 200805 10
-61213 -231470 204046 10
-39714 -231383 204100 10
121832 -238969 204504 10
-113351 -267330 207156 10
-385 -275380 207438 10
153588 -276126 207823 10
281451 -282139 208143 10
75399 -333716 210868 10
110804 -335823 210956 10
147587 -338392 211048 10
253206 -339587 211312 10
59767 -373989 214069 10
110683 -377052 214196 10
227935 -379963 214489 10
78249 -418558 217355 10
164812 -424704 217571 10
252222 -427179 217790 10
144672 -469314 220761 10
186259 -528166 224105 10
159619 -580706 227278 10
185012 -630764 230582 10
93519 279172 259 14
114618 279000 312 14
54913 242283 3386 14
249054 234999 3872 14
34929 181991 6576 14
128327 180196 6810 14
-26755 138100 9662 14
29292 137199 9802 14
104117 135037 9989 14
-68328 94355 12798 14
101310 88942 13222 14
102940 34082 16467 14
153668 32478 16593 14
39305 -16187 19547 14
27610 -57523 22758 14
-40757 -150187 29067 14
-69514 -206807 32235 14
1453 -210429 32413 14
-118081 -246198 35354 14
-4034 -252194 35639 14
135386 -260350 35988 14
70107 -311182 39064 14
219383 -313322 39438 14
52399 -351876 42260 14
103017 -354562 42387 14
248716 -358899 42751 14
63160 -395871 45527 14
93762 -397198 45604 14
154763 -399809 45756 14
140432 -456177 48960 14
179104 -508909 52297 14
162805 -545990 55496 14
180778 -647072 62021 14
50924 261564 87616 14
176826 254624 87931 14
60439 218805 90880 14
110468 216951 91005 14
131310 215580 91057 14
243626 210057 91338 14
28934 161465 94041 14
36506 161001 94060 14
141117 155081 94322 14
-51092 115927 97081 14
21705 112840 97263 14
201882 109223 97714 14
-39553 78658 100350 14
27105 78008 100517 14
117957 72190 100744 14
203433 68230 100958 14
12525 26426 103720 14
12027 -25993 106959 14
58364 -26502 107075 14
-34669 -162365 116562 14
-69566 -206870 119715 14
1510 -210290 119893 14
-127465 -260917 122810 14
-31397 -262193 123051 14
101678 -270844 123383 14
266802 -275169 123796 14
70114 -311221 126544 14
44798 -365614 129721 14
94539 -368768 129845 14
159516 -371785 130008 14
78222 -418646 133045 14
165004 -424495 133262 14
252428 -427155 133480 14
144779 -469201 136451 14
160865 -516415 139731 14
172470 -559541 143000 14
54880 242358 175106 14
249221 235119 175592 14
45271 203742 178322 14
144268 199287 178570 14
184738 198387 178671 14
16893 152598 181491 14
136018 144687 181789 14
-51099 115891 184561 14
21714 112669 184743 14
-45464 53582 187815 14
5688 50780 187943 14
153513 46747 188313 14
57180 8598 191312 14
27972 -43207 194479 14
-17625 -138473 200845 14
-61547 -183531 203975 14
-101530 -240179 207115 14
-64696 -240847 207207 14
-39915 -241437 207269 14
106436 -244417 207635 14
186457 -247168 207835 14
-327 -275452 210608 14
269167 -290889 211282 14
75398 -333534 214038 14
110858 -335747 214126 14
167900 -339278 214269 14
59728 -374152 217238 14
110671 -376910 217366 14
227999 -379875 217659 14
90892 -435423 220556 14
151680 -436413 220708 14
230744 -438769 220906 14
166454 -479583 223985 14
171303 -537571 227237 14
183709 -537699 227268 14
159675 -580559 230448 14
184867 -630914 233751 14
162579 518045 363 18
-60341 486708 3041 18
150200 472808 3567 18
-61328 425897 6284 18
69045 421595 6604 18
119808 419247 6731 18
156796 419088 6824 18
-6517 383829 9656 18
49547 379872 9796 18
89348 378071 9895 18
132929 378059 10004 18
155380 376856 10060 18
230077 373084 10247 18
90924 325269 13139 18
37301 286924 16245 18
45231 286398 16265 18
85741 286262 16366 18
97626 285687 16396 18
145771 283991 16516 18
67763 232323 19561 18
101198 231196 19645 18
194551 227349 19878 18
128180 180311 22952 18
-26666 138063 25805 18
29368 137165 25945 18
170189 136987 26297 18
-68226 94514 28941 18
-12911 90452 29080 18
101319 88907 29365 18
102984 34228 32609 18
153752 32416 32736 18
47445 -13060 35710 18
27595 -57681 38901 18
-40724 -149934 45210 18
-68477 -204566 48381 18
132145 -210965 48882 18
-117898 -246404 51497 18
-83163 -248995 51584 18
-3968 -252125 51782 18
135415 -260340 52130 18
152748 -260438 52174 18
122193 -301350 55337 18
212155 -306647 55562 18
242457 -308110 55638 18
52348 -351958 58403 18
103010 -354624 58529 18
248716 -359004 58894 18
62964 -395768 61669 18
93760 -397282 61746 18
154608 -399887 61898 18
140384 -456139 65103 18
188821 -496699 68464 18
162632 -545891 71638 18
180955 -647097 78164 18
-74431 513378 87246 18
84136 501901 87642 18
199573 500773 87931 18
-62967 465621 90514 18
77186 456284 90865 18
157726 455121 91066 18
-52222 416442 93781 18
47765 409706 94031 18
64621 408958 94073 18
69802 408890 94086 18
152788 402823 94294 18
245811 401860 94526 18
33728 361837 97236 18
56223 361110 97292 18
127398 355808 97470 18
172060 352709 97582 18
189685 351997 97626 18
50179 314012 100517 18
74245 312981 100577 18
127956 312141 100712 18
195592 311211 100881 18
208799 310336 100914 18
51031 261479 103759 18
66182 261466 103797 18
178399 258808 104078 18
207816 258135 104151 18
60408 218792 107023 18
110504 216931 107148 18
131440 215536 107200 18
243694 209900 107481 18
96323 169998 110353 18
146110 166894 110477 18
170165 165269 110537 18
-25557 119870 113288 18
41609 118530 113456 18
168643 113811 113773 18
-39562 78578 116493 18
26986 78093 116659 18
117838 72198 116886 18
203383 68091 117100 18
12529 26309 119863 18
12038 -25984 123102 18
52625 -26029 123203 18
92882 -29035 123304 18
-34623 -162353 132705 18
-61986 -215688 135877 18
122045 -220687 136337 18
-127568 -260940 138953 18
-31389 -262323 139193 18
101775 -270851 139526 18
266896 -275070 139939 18
85294 -316518 142725 18
123520 -318815 142821 18
44883 -365572 145864 18
94577 -368774 145988 18
133012 -368904 146084 18
78175 -418585 149187 18
164855 -424740 149404 18
252202 -427139 149622 18
144643 -469292 152593 18
160935 -516438 155874 18
172500 -559576 159143 18
-71770 493269 174732 18
120778 490462 175214 18
-63416 449461 177993 18
127182 435419 178470 18
159008 435090 178549 18
45996 395770 181507 18
69036 395577 181564 18
78729 395062 181589 18
170125 394046 181817 18
172475 393949 181823 18
218906 390625 181939 18
38820 341222 184729 18
127250 338321 184950 18
73416 291185 188064 18
200349 290091 188374 18
64008 254314 191272 18
168497 247227 191533 18
45298 203855 194465 18
74932 201684 194539 18
144157 199249 194712 18
184780 198432 194814 18
212218 198372 194882 18
17039 152528 197634 18
135950 144668 197932 18
-33962 103828 200747 18
-6586 103749 200815 18
135432 103742 201170 18
-45437 53585 203958 18
16909 53323 204114 18
150175 53313 204447 18
180171 53130 204522 18
57366 8660 207455 18
27935 -43264 210622 18
-17654 -138427 216988 18
-61475 -183622 220118 18
-39693 -231275 223413 18
121777 -238862 223816 18
84933 -290753 226964 18
269080 -291003 227425 18
75341 -333610 230180 18
110713 -335945 230269 18
147493 -338434 230361 18
167792 -339420 230411 18
253306 -339727 230625 18
83726 -385773 233441 18
94967 -386468 233469 18
143785 -386476 233591 18
161043 -387462 233634 18
90939 -435430 236699 18
151651 -436399 236851 18
230806 -438768 237049 18
166372 -479653 240128 18
171354 -537623 243380 18
183826 -537702 243411 18
159751 -580637 246591 18
184869 -630916 249894 18
94257 401730 135 22
169179 399068 317 22
97218 356752 3374 22
127490 355774 3450 22
172203 352760 3562 22
189705 351867 3605 22
243252 349336 3739 22
58347 309660 6517 22
175683 304804 6810 22
50980 261482 9739 22
176791 254519 10053 22
82978 206948 13059 22
156010 206086 13241 22
234578 205359 13438 22
29051 161537 16164 22
36576 161058 16183 22
141233 154922 16444 22
-51098 115726 19203 22
21698 112629 19385 22
201916 109090 19836 22
-10714 63055 22544 22
170823 60616 22998 22
263861 59389 23231 22
14745 18283 25848 22
50369 -30226 29177 22
-26292 -179094 38706 22
-40083 -220140 41911 22
185254 -234319 42474 22
-113236 -267469 44968 22
153643 -276295 45635 22
281355 -282133 45955 22
90008 -323976 48716 22
127897 -324672 48811 22
59871 -374112 51881 22
110783 -377039 52008 22
227964 -379994 52301 22
78398 -418544 55167 22
252370 -427169 55602 22
144788 -469204 58573 22
186446 -528049 61917 22
186078 -571659 65156 22
99985 382613 87621 22
38898 341260 90708 22
112390 337440 90892 22
73303 291060 94034 22
154250 286413 94237 22
184882 285917 94313 22
54887 242464 97228 22
249087 235050 97714 22
48837 192004 100453 22
155656 189445 100720 22
49572 143928 103695 22
82895 143511 103778 22
144078 142522 103931 22
-54436 96646 106675 22
140202 94104 107162 22
-45375 53543 109938 22
35563 51152 110140 22
153461 46681 110435 22
65377 3246 113455 22
28905 -47560 116603 22
116502 -198772 126542 22
-101561 -240145 129237 22
-64608 -240806 129330 22
-39955 -241448 129391 22
106430 -244434 129757 22
186479 -247372 129957 22
84851 -290678 132943 22
214399 -297695 133267 22
79642 -340667 136170 22
96037 -341436 136211 22
95001 -386508 139449 22
90902 -435442 142678 22
163253 -439997 142859 22
171281 -537743 149359 22
23683 373531 174910 22
41690 372889 174955 22
80479 371991 175052 22
163601 371126 175260 22
247303 366141 175469 22
70900 320449 178268 22
125171 319628 178404 22
175197 317878 178529 22
73704 269870 181515 22
103975 227229 184831 22
70462 175932 187987 22
175593 174283 188250 22
-12931 128059 191019 22
136660 121678 191393 22
-34563 84268 194205 22
103030 34103 197789 22
153661 32617 197915 22
39294 -16160 200869 22
-69540 -206891 213557 22
1703 -210399 213735 22
-104327 -257671 216710 22
105292 -261743 217234 22
152716 -262123 217353 22
70099 -311038 220386 22
219391 -313401 220760 22
55866 -357463 223591 22
148017 -363088 223821 22
66070 -402282 226856 22
107037 -404970 226959 22
140411 -456232 230282 22
179221 -508764 233619 22
194850 -508998 233658 22
172486 -559451 236842 22
89187 -3411 372 3
124052 -5678 458 3
167681 627752 1348 3
28980 -47537 3460 3
195678 575747 4518 3
207164 531584 7730 3
190906 530766 7770 3
161092 529462 7845 3
-31909 516537 8327 3
178280 479110 11042 3
-38592 467821 11584 3
116526 -198878 13399 3
151934 430116 14348 3
125397 430202 14414 3
79649 429888 14529 3
-101688 -240188 16093 3
-64644 -240867 16186 3
-39980 -241322 16248 3
106488 -244452 16614 3
186549 -247255 16814 3
204087 385875 17465 3
89449 378175 17744 3
27386 377994 17899 3
84838 -290781 19800 3
214277 -297447 20123 3
283365 338720 20523 3
79470 -340669 23026 3
96157 -341475 23068 3
118242 -341386 23123 3
184735 286011 23987 3
159387 284650 24049 3
146028 283956 24083 3
105818 -394826 26332 3
139514 -395538 26416 3
161961 -396803 26473 3
240715 -398760 26669 3
142620 234227 27338 3
101281 231394 27439 3
112971 -438402 29590 3
163278 -439980 29716 3
222913 192213 30379 3
188876 190568 30461 3
155628 189366 30541 3
34928 182017 30840 3
187381 139401 33699 3
104080 134990 33907 3
12690 131009 34136 3
171218 -537778 36216 3
183792 -537761 36247 3
101288 88826 37154 3
-34298 84167 37493 3
124163 -5705 43577 3
48498 -9885 43766 3
-34555 -162362 53694 3
1681 -210406 56843 3
-29413 -211973 56921 3
-73985 -214064 57033 3
186509 -247380 59621 3
5359 -253385 60074 3
-104228 -257469 60348 3
214219 -297630 62792 3
122327 -301330 63022 3
195753 -349759 66079 3
151843 -349822 66188 3
64006 -351698 66408 3
52548 -351913 66436 3
205688 -396443 69293 3
162101 -396898 69402 3
102124 -399962 69552 3
66101 -402297 69642 3
178655 -445490 72601 3
193852 -543539 79043 3
39322 -16182 87726 3
210332 562825 91962 3
-58923 548746 92635 3
173926 508584 95293 3
-51077 502823 95855 3
-34645 -162283 97261 3
161066 464082 98565 3
131158 463108 98640 3
-34711 457221 99054 3
-69499 -206941 100414 3
1482 -210291 100591 3
69885 409078 102033 3
64697 408902 102046 3
545 405850 102206 3
-104245 -257623 103581 3
105188 -261558 104091 3
145763 -261980 104192 3
152601 -261991 104209 3
193588 -265211 104312 3
247478 366243 104852 3
192032 365470 104986 3
104655 363336 105196 3
56149 361151 105313 3
70263 -311055 107243 3
219522 -313342 107616 3
175072 317790 108262 3
135504 314977 108359 3
108784 314502 108424 3
74296 312980 108507 3
55855 -357433 110447 3
104763 -357315 110570 3
158639 -360327 110704 3
221341 -363204 110861 3
176511 269642 111496 3
128063 266205 111615 3
118609 265917 111638 3
51143 261692 111802 3
107076 -404978 113815 3
209455 -411425 114071 3
133910 218837 114837 3
117088 218776 114878 3
62162 218074 115012 3
140578 -456137 117139 3
175690 174309 117968 3
96501 169845 118166 3
179036 -508872 120475 3
194817 -508975 120515 3
195365 122414 121169 3
136647 121583 121311 3
91013 120840 121421 3
45726 117466 121533 3
-50970 115778 121775 3
172485 -559445 123708 3
204578 -560613 123785 3
117872 72369 124593 3
39284 66113 124789 3
157298 26199 127734 3
14940 18258 128090 3
92902 -29042 131135 3
50517 -30162 131241 3
-26063 -179153 141153 3
122111 -220449 144022 3
193680 -265277 147083 3
175759 -265692 147128 3
101743 -270868 147313 3
-274 -275325 147568 3
278182 -311408 150112 3
219476 -313458 150259 3
123696 -318787 150498 3
248919 -358995 153425 3
157022 -362002 153655 3
126681 -364138 153731 3
60613 -368172 153896 3
209635 -411550 156764 3
157283 -415586 156894 3
78331 -418537 157092 3
201642 -511122 163264 3
195140 -511129 163280 3
204488 -560337 166518 3
-86235 628659 173703 3
50543 -30278 175234 3
169402 593740 176304 3
155142 539263 179611 3
199735 495813 182708 3
175356 495124 182769 3
115696 495096 182918 3
-60311 486652 183358 3
-26263 -179178 184762 3
152933 446169 186065 3
185301 -234456 188531 3
245930 401907 189083 3
169228 399123 189267 3
78885 395070 189490 3
59423 393777 189539 3
-113382 -267219 191024 3
-312 -275315 191307 3
281369 -282155 192011 3
189784 351886 192476 3
124039 349441 192634 3
49206 345675 192814 3
89862 -323996 194772 3
127855 -324688 194867 3
217232 299957 195642 3
127804 300102 195862 3
59740 -374063 197937 3
110681 -376906 198064 3
227900 -380105 198357 3
176931 254481 198974 3
77451 250939 199214 3
84526 -422754 201239 3
164853 -424746 201440 3
252231 -427110 201658 3
169423 202218 202251 3
145635 200583 202309 3
76732 199389 202475 3
171776 -477171 204697 3
168211 152888 205471 3
187811 -524153 207977 3
201951 109274 208630 3
29296 97796 209054 3
-53002 96566 209260 3
-54207 96527 209263 3
186182 -571618 211213 3
263957 59635 211738 3
150301 53377 212012 3
35680 51117 212288 3
5800 50696 212361 3
74116 8722 215422 3
47080 -42207 218730 3
28084 -43234 218777 3
185283 -234444 231344 3
131710 -238617 231478 3
121859 -238862 231503 3
-6785 -238287 231825 3
-64655 -240738 231969 3
281368 -282034 234364 3
110948 -335909 238010 3
228087 -379912 240957 3
116889 -382813 241235 3
252297 -427233 244137 3
149686 -432390 244393 3
193454 -474099 247524 3
187945 -524001 250778 3
186090 -571507 254022 3
208753 503713 1174 7
84346 501800 1485 7
-4839 496384 1708 7
-44143 495258 1806 7
-71682 493256 1875 7
167148 455558 4518 7
157842 455140 4541 7
-32058 450105 5016 7
-63295 449398 5094 7
225949 408463 7611 7
152710 402882 7794 7
94364 401572 7940 7
286512 356340 10742 7
172145 352700 11017 7
208758 310346 14134 7
152351 308822 14275 7
78237 306147 14460 7
219247 260887 17348 7
178389 258952 17450 7
119876 256225 17596 7
100663 254757 17644 7
64001 254287 17736 7
243732 210038 20527 7
91987 209494 20906 7
175583 174320 23937 7
96388 170011 24135 7
195459 122249 27127 7
136735 121732 27274 7
91065 120862 27388 7
45876 117503 27501 7
-50868 115717 27743 7
203452 68256 30347 7
123173 67401 30548 7
39073 66171 30758 7
-10563 63254 30882 7
157071 26207 33703 7
14707 18190 34059 7
92764 -29185 37104 7
50388 -30249 37210 7
-17582 -138537 43860 7
-26072 -179195 47121 7
121901 -220649 49991 7
-39712 -231359 50395 7
-61319 -231570 50449 7
282885 -273029 52829 7
153644 -276381 53152 7
278364 -311276 56080 7
219562 -313374 56227 7
123576 -318732 56467 7
248727 -358980 59394 7
158674 -360324 59619 7
44804 -365460 59904 7
230326 -419141 62680 7
226358 -419390 62690 7
197056 -421080 62763 7
171686 -421127 62827 7
102388 -422203 63000 7
84668 -422635 63044 7
200021 -454929 65996 7
201492 -511125 69232 7
195072 -511125 69248 7
204704 -560486 72464 7
199570 500781 88677 7
115703 494967 88887 7
-5651 493623 89190 7
216791 438670 91874 7
199240 437618 91918 7
159096 435138 92018 7
113844 431758 92131 7
-61288 425628 92569 7
245923 401917 95041 7
169149 399224 95233 7
78762 394941 95459 7
59443 393728 95507 7
286452 356137 98180 7
189626 351846 98422 7
124254 349475 98585 7
49055 345607 98773 7
217133 299777 101593 7
82367 293033 101930 7
213067 243775 104843 7
159845 243883 104976 7
147133 243106 105008 7
55069 242354 105238 7
243695 209936 108007 7
157140 204241 108223 7
76693 199509 108424 7
168343 152852 111435 7
49668 143936 111732 7
-26755 138112 111923 7
201981 109048 114591 7
135473 103901 114758 7
29117 97902 115023 7
-52909 96586 115228 7
-54448 96527 115232 7
263953 59571 117676 7
180339 53098 117885 7
35629 51157 118247 7
5653 50953 118322 7
124058 -5513 121266 7
47069 -42160 124698 7
27973 -43099 124746 7
-39320 -151974 131394 7
116642 -198732 134244 7
-16013 -201832 134576 7
-68501 -204695 134707 7
185177 -234454 137313 7
131582 -238546 137447 7
121850 -238911 137471 7
-8924 -239556 137798 7
-39742 -241355 137875 7
-60494 -242886 137927 7
-118094 -246377 138071 7
281526 -282132 140312 7
107889 -294001 140746 7
253240 -339588 143623 7
167898 -339429 143836 7
118244 -341344 143960 7
96022 -341665 144016 7
227925 -379854 146926 7
116692 -382848 147204 7
252259 -427262 150105 7
149522 -432476 150362 7
91093 -435447 150508 7
201547 -483604 153472 7
193849 -537270 156731 7
183849 -537503 156756 7
171437 -537581 156787 7
186262 -571452 159990 7
185098 -630890 163233 7
207123 531593 172898 7
191064 530733 172938 7
161039 529570 173013 7
-31917 516428 173496 7
-74358 513286 173602 7
189154 474252 176183 7
150401 472784 176280 7
-36839 461217 176748 7
224070 422414 179336 7
156845 419021 179504 7
119868 419101 179596 7
63070 418868 179738 7
-52253 416502 180027 7
251957 374114 182506 7
230274 373093 182560 7
203090 371060 182628 7
163491 371107 182727 7
44736 370932 183024 7
283458 338676 185667 7
125481 335122 186062 7
200433 290021 189115 7
154287 286644 189230 7
97706 285725 189372 7
249116 235046 192233 7
142699 234233 192499 7
101144 231199 192603 7
222718 192227 195539 7
189078 190760 195623 7
155640 189309 195707 7
34893 182063 196009 7
187459 139384 198867 7
104310 135057 199075 7
12644 130971 199304 7
171856 82620 202146 7
27077 77920 202508 7
153862 32638 205431 7
119038 32366 205518 7
12639 26345 205784 7
124044 -5766 208746 7
48640 -9825 208934 7
27646 -57633 212227 7
-34509 -162244 218862 7
132253 -210793 221685 7
-29304 -211913 222089 7
-73948 -214212 222201 7
191456 -257888 224777 7
152748 -260236 224874 7
135491 -260407 224917 7
105456 -261748 224992 7
-31258 -262213 225334 7
-113363 -267413 225539 7
269102 -291076 227823 7
122258 -301260 228190 7
253225 -339639 231103 7
125921 -348894 231421 7
63899 -351510 231576 7
52394 -352024 231605 7
240819 -398807 234374 7
173069 -402409 234543 7
150340 -402831 234600 7
107054 -404955 234708 7
230789 -438640 237639 7
163440 -439986 237807 7
189051 -496754 240983 7
199471 -549165 244197 7
180771 -647159 250724 7
149577 182154 1273 11
128251 180390 1327 11
170284 136800 4461 11
104258 134933 4626 11
66329 131710 4721 11
12733 130969 4855 11
-39578 78685 8226 11
103090 33998 11109 11
47480 -12946 14488 11
-34508 -162441 24413 11
1478 -210420 27563 11
-29174 -212053 27640 11
-74114 -214176 27752 11
-31333 -262294 30885 11
122408 -301327 33741 11
195823 -349872 36798 11
151871 -349701 36907 11
64352 -356752 37126 11
240758 -398735 39925 11
154754 -399756 40140 11
102260 -399958 40271 11
66043 -402064 40362 11
178491 -445600 43321 11
188862 -496808 46535 11
193940 -543574 49762 11
162751 -545952 49840 11
170294 165437 88709 11
36488 161045 89036 11
195480 122457 91878 11
26734 111474 92306 11
123188 67569 95299 11
39089 66254 95509 11
-5681 66601 95621 11
14728 18229 98810 11
92813 -29159 101855 11
50498 -30132 101961 11
-26087 -179145 111872 11
121923 -220631 114742 11
-39705 -231180 115150 11
-61322 -231530 115202 11
177212 -269098 117844 11
155998 -269254 117897 11
101895 -270839 118032 11
-137 -275265 118287 11
123651 -318717 121218 11
221520 -363189 124213 11
151171 -366322 124389 11
94785 -368628 124530 11
209504 -411452 127483 11
157440 -415810 127614 11
78345 -418452 127811 11
201517 -510959 133983 11
195081 -511024 133999 11
204520 -560488 137216 11
184758 198514 172905 11
76654 199288 173176 11
168125 152785 176187 11
135492 103736 179508 11
29293 97807 179774 11
-52938 96477 179979 11
264009 59538 182427 11
180337 53043 182636 11
150284 53257 182711 11
35556 51152 182998 11
5664 50706 183073 11
65461 3154 186163 11
29103 -47355 189494 11
-40611 -150065 196149 11
185135 -234476 202064 11
131653 -238602 202198 11
121881 -238762 202222 11
-19226 -246228 202575 11
-83200 -248920 202735 11
281489 -282200 205063 11
84901 -290784 205555 11
110709 -335940 208730 11
228059 -380008 211677 11
116747 -382693 211955 11
252307 -427016 214856 11
149503 -432440 215113 11
91062 -435425 215259 11
166354 -479470 218311 11
186307 -528154 221501 11
263872 59633 927 15
35570 51348 1480 15
5625 50700 1555 15
100716 10026 4557 15
74020 8818 4624 15
57201 8708 4666 15
92712 -29149 7817 15
-17637 -138526 14573 15
-26094 -179072 17834 15
185173 -234346 20546 15
-6870 -238382 21026 15
-64534 -240897 21170 15
282895 -272983 23542 15
153652 -276351 23865 15
129458 -327566 27165 15
159635 -371630 30330 15
59890 -374150 30579 15
252300 -427045 33372 15
193500 -474253 36725 15
201555 -510908 39945 15
195167 -511075 39961 15
186245 -571480 43223 15
180368 53081 88598 15
124048 -5744 91979 15
48451 -9787 92168 15
29044 -47553 95456 15
-39330 -152085 102107 15
116655 -198812 104957 15
-16143 -201834 105289 15
-68404 -204646 105420 15
186545 -247370 108023 15
6320 -249900 108473 15
-104355 -257608 108750 15
281444 -282178 111025 15
107843 -294076 111459 15
253311 -339522 114336 15
118240 -341123 114673 15
96042 -341604 114729 15
228034 -380134 117639 15
95195 -386438 117971 15
230843 -438564 120872 15
163461 -440031 121040 15
201524 -483673 124185 15
193868 -537341 127444 15
183912 -537615 127469 15
171450 -537705 127500 15
159768 -580779 130770 15
185009 -630809 133947 15
171992 82395 172859 15
27107 77926 173221 15
157120 26395 176136 15
14764 18272 176492 15
70803 -22810 179592 15
52821 -23620 179637 15
12043 -26019 179739 15
132279 -211006 192398 15
-29340 -212006 192802 15
193619 -265365 195485 15
175560 -265668 195530 15
-113202 -267387 196252 15
278245 -311387 198513 15
219585 -313476 198660 15
108032 -315164 198939 15
85373 -316668 198996 15
248745 -358891 201827 15
158682 -360252 202052 15
44749 -365579 202337 15
240785 -398736 205087 15
173058 -402422 205256 15
150259 -402853 205313 15
107100 -404926 205421 15
199922 -454958 208429 15
140452 -456117 208578 15
194964 -508871 211682 15
199478 -549185 214910 15
169203 553360 3626 19
201529 552606 3707 19
-74449 513211 6257 19
202469 504380 6949 19
-62973 465696 9526 19
157740 455161 10078 19
-52332 416518 12792 19
55984 361309 16303 19
195066 359050 16651 19
50069 314059 19528 19
74359 312996 19589 19
128043 312198 19723 19
208697 310275 19925 19
62417 266821 22799 19
207844 258252 23165 19
60428 218730 26034 19
110467 216847 26159 19
131263 215597 26211 19
243654 210145 26492 19
146099 166789 29489 19
170248 165358 29549 19
41618 118649 32472 19
168634 113963 32785 19
12004 73203 35633 19
123167 67434 35911 19
183192 65517 36061 19
11997 -25965 42113 19
58432 -26671 42229 19
-62006 -215739 54888 19
-127615 -260951 57964 19
101677 -270780 58538 19
266768 -275058 58950 19
123508 -318787 61832 19
44830 -365636 64875 19
94547 -368616 65000 19
159563 -371617 65162 19
196910 -421054 68496 19
167804 -468820 71663 19
160839 -516334 74885 19
159405 587367 87842 19
155067 539100 91071 19
211044 536694 91211 19
-44368 495193 93812 19
-5649 493698 93909 19
120751 490433 94225 19
-63431 449449 97005 19
199182 437624 97661 19
45961 395773 100518 19
78707 394945 100600 19
204061 389058 100913 19
236044 388157 100993 19
48996 345624 103766 19
283238 338640 104351 19
133142 247930 110456 19
177552 245185 110567 19
212882 243612 110656 19
74985 201722 113551 19
144251 199405 113724 19
218822 194951 113910 19
16846 152498 116645 19
192959 98602 120326 19
-18496 58474 123037 19
150304 53383 123459 19
47017 -42196 129681 19
-17605 -138338 136004 19
-61546 -183600 139129 19
-39626 -231342 142424 19
121822 -238848 142828 19
75586 -333553 149192 19
167847 -339313 149423 19
116620 -382787 152535 19
151592 -436202 155862 19
230771 -438682 156060 19
201556 -483662 159227 19
159642 -580657 165602 19
184859 -630854 168905 19
204867 567677 175435 19
168866 522338 178585 19
-30110 481133 181328 19
150337 472781 181779 19
70597 427189 184820 19
223985 422185 185203 19
49600 379896 188007 19
89461 378257 188107 19
133595 376020 188217 19
230036 373224 188458 19
93514 279104 194597 19
67573 232333 197772 19
101231 231224 197856 19
194649 227355 198090 19
128311 180339 201164 19
-26753 138078 204016 19
29280 137112 204157 19
-12910 90450 207291 19
171893 82520 207753 19
48467 -9649 213924 19
27616 -57645 217112 19
-40748 -150160 223421 19
-16181 -201830 226723 19
-118056 -246282 229708 19
-3936 -252155 229993 19
191298 -258016 230482 19
212013 -306597 233773 19
242462 -308124 233849 19
63824 -351674 236643 19
248709 -358840 237105 19
102065 -399950 239978 19
150314 -402933 240099 19
144450 -449971 243324 19
199252 -549156 249941 19
180704 -647081 256375 19
166045 480461 304 23
-47332 445398 3008 23
127156 435607 3444 23
159047 435262 3524 23
-6382 384056 6375 23
99971 382529 6631 23
176391 378334 6815 23
38783 341406 9703 23
112375 337507 9887 23
220296 329851 10157 23
37509 286868 12940 23
45274 286334 12960 23
85741 286207 13061 23
97502 285673 13090 23
145800 284046 13211 23
55028 242391 16224 23
249139 235002 16709 23
48785 192063 19448 23
155590 189325 19715 23
16902 152595 22609 23
115269 144518 22855 23
136025 144656 22907 23
-54458 96608 25670 23
-52876 96496 25674 23
101472 88785 26060 23
-45344 53581 28933 23
17125 53319 29089 23
153483 46654 29430 23
65419 3210 32450 23
27934 -43263 35596 23
-17640 -138434 41962 23
758 -198261 45248 23
116630 -198896 45538 23
-101654 -240022 48232 23
-64540 -240820 48325 23
-39855 -241502 48387 23
106462 -244538 48753 23
186497 -247405 48953 23
84960 -290808 51939 23
214359 -297629 52262 23
79551 -340503 55165 23
96050 -341596 55207 23
63124 -395748 58364 23
139501 -395580 58555 23
161963 -396850 58611 23
240770 -398808 58808 23
91125 -435301 61674 23
151538 -436146 61825 23
230737 -438770 62023 23
189020 -496656 65159 23
171315 -537726 68355 23
183707 -537688 68386 23
185018 -630943 74869 23
-38488 467840 87270 23
131166 463021 87694 23
-61401 425828 90453 23
62990 418902 90764 23
119828 419077 90906 23
156788 419091 90998 23
23722 373448 93906 23
41839 372857 93951 23
80509 372132 94048 23
126848 372036 94164 23
163411 371316 94255 23
203024 370981 94354 23
70781 320542 97263 23
125079 319469 97399 23
175169 317722 97524 23
70375 268757 100502 23
128070 266182 100647 23
103911 227119 103826 23
194569 227381 104053 23
70323 176025 106982 23
144378 176415 107167 23
175563 174469 107245 23
-26631 138175 109980 23
66174 131621 110212 23
195245 122243 110535 23
-39508 78781 113188 23
27049 77913 113354 23
117971 72235 113581 23
102984 34119 116784 23
153797 32453 116911 23
39278 -16154 119865 23
-34681 -162420 129400 23
-69461 -206961 132553 23
1587 -210293 132730 23
132094 -210953 133057 23
-108010 -247742 135696 23
-83226 -249119 135758 23
-4021 -252345 135956 23
135424 -260442 136305 23
152776 -260352 136348 23
70173 -311154 139382 23
219510 -313541 139755 23
52325 -352048 142577 23
103054 -354559 142704 23
221371 -363173 143000 23
66251 -402284 145852 23
107022 -404874 145954 23
209505 -411443 146210 23
140450 -456127 149278 23
179177 -508909 152614 23
194839 -508878 152654 23
172490 -559543 155838 23
-36886 461181 174754 23
77102 456237 175039 23
157862 455088 175241 23
354 405893 178087 23
62770 401707 178243 23
94338 401682 178322 23
169187 398997 178509 23
225160 398740 178649 23
33784 361624 181411 23
55986 361085 181466 23
127327 355826 181645 23
172041 352695 181757 23
189731 351830 181801 23
243242 349479 181935 23
58361 309705 184712 23
113179 305442 184849 23
175849 304788 185006 23
51043 261542 187934 23
66282 261431 187972 23
176791 254564 188248 23
45348 203836 191190 23
145525 200613 191430 23
212391 198284 191590 23
29117 161459 194359 23
36525 160923 194378 23
141099 155057 194639 23
168135 152905 194707 23
-51001 115827 197399 23
21781 112731 197581 23
135513 103788 197865 23
-10617 63105 200740 23
170764 60501 201193 23
263887 59578 201426 23
14701 18235 204043 23
11985 -26039 207276 23
58341 -26643 207392 23
92754 -29076 207478 23
-26231 -179079 216901 23
-40098 -220137 220106 23
185191 -234300 220669 23
-113259 -267454 223163 23
-357 -275360 223446 23
153741 -276248 223831 23
281328 -282168 224150 23
89862 -323963 226911 23
127882 -324743 227006 23
60654 -368172 230078 23
94654 -368765 230163 23
159497 -371731 230325 23
78158 -418511 233362 23
164843 -424763 233579 23
252259 -427243 233797 23
144698 -469144 236768 23
160914 -516451 240049 23
186155 -571658 243352 23
