216
107307 -293795 439 0
211954 -306840 1333 0
205498 315442 3304 0
153222 307929 3750 0
120221 302563 4033 0
49830 294213 4634 0
151717 -465105 11895 0
181490 -468434 12150 0
143955 144177 14907 0
113851 137805 15164 0
91719 133948 15353 0
57503 133258 15646 0
-48942 115685 16555 0
-51140 115642 16574 0
186077 -634338 23266 0
91932 -28815 26428 0
62504 -35448 26680 0
23186 -41765 27016 0
-54011 531570 32291 0
126010 500617 33862 0
195305 491959 34439 0
-2572 -208842 38313 0
-86629 -223536 39031 0
35736 345965 44172 0
72395 341191 44490 0
121560 338472 44869 0
193031 327217 45479 0
212232 324728 45643 0
253460 -343069 47201 0
166638 -356805 47944 0
91217 -366208 48588 0
53193 182381 55361 0
110446 174050 55850 0
180358 165987 56448 0
191567 164736 56544 0
74005 8665 66659 0
204274 447044 80853 0
150218 437384 81315 0
70548 427019 81996 0
12309 421205 82493 0
2098 419530 82581 0
29769 -313643 88391 0
79390 -318319 88816 0
143513 -330224 89364 0
209231 -338945 89925 0
204923 284720 91924 0
153649 273990 92362 0
115404 273030 92689 0
201662 110175 103091 0
21960 95393 104565 0
6728 92578 104695 0
-14450 88451 104876 0
-26637 87107 104980 0
-45561 83442 105142 0
-68015 81546 105334 0
173023 632501 111770 0
-55421 494825 120894 0
-26061 487663 121145 0
143773 472139 122597 0
118174 -228257 125896 0
-377 -242433 126909 0
-22138 -246600 127095 0
-89438 -252017 127671 0
88569 314893 133202 0
154308 303410 133764 0
196671 295095 134126 0
139492 -395600 136810 0
100310 -400852 137160 0
78998 -402254 137324 0
22122 154024 143711 0
168214 136811 144959 0
205718 -548114 147302 0
199224 -549211 147357 0
13245 -16237 154719 0
47929 -19967 155008 0
61753 -21308 155126 0
200573 577316 158423 0
-54544 548616 160603 0
-30556 -170989 165414 0
209661 415116 169422 0
182044 408101 169658 0
138689 403150 170029 0
94178 401519 170409 0
-12405 382838 171320 0
176131 240487 180804 0
60287 232001 181776 0
178970 -535186 189359 0
193718 -537363 189485 0
194875 83960 191702 0
126510 68711 192286 0
-4964 56797 193410 0
-31378 53787 193636 0
-45490 53528 193757 0
-86319 628509 198168 0
104969 438393 210880 0
150530 436646 211270 0
158996 435038 211342 0
207742 426424 211759 0
213883 425504 211811 0
145692 -262071 214308 0
106602 -266299 214610 0
-424 -274296 215525 0
39718 285225 221400 0
71305 283631 221670 0
131409 275747 222183 0
217175 258336 222916 0
184549 -414613 225021 0
51970 111900 232581 0
116667 108427 233134 0
192910 98405 233786 0
201158 97452 233856 0
-31976 516322 249026 0
-50479 -207916 253897 0
-3066 -209368 254271 0
125384 -221568 255362 0
185108 -234497 255873 0
214744 384418 257994 0
139735 372279 258635 0
61018 -386719 265889 0
96412 -389563 266192 0
137163 -397022 266540 0
172846 -402433 266865 0
199091 -405177 267069 0
248320 -405706 267490 0
151078 205043 269615 0
125237 204357 269836 0
76032 199637 270256 0
47898 198305 270497 0
163263 -562625 277840 0
179409 46035 280450 0
121492 36433 280945 0
70420 33694 281381 0
175082 563714 289018 0
210490 563051 289321 0
-41569 -148470 293415 0
77875 410315 299264 0
109252 406618 299532 0
141704 399791 299810 0
199976 397973 300308 0
283985 -271351 301710 0
266734 -274227 301857 0
91760 -296355 303353 0
85786 241713 310409 0
158734 230228 311088 0
201403 -447117 313493 0
170447 -452755 313757 0
4109 90831 320787 0
100533 71568 321665 0
169350 65365 322200 0
-61861 -233341 342377 0
-38492 -235900 342577 0
-18513 -239836 342748 0
-5405 -241926 342860 0
152352 -266123 344208 0
266671 -275179 345185 0
278432 358128 346065 0
215813 346759 346600 0
183835 342250 346873 0
157442 341574 347099 0
125257 335013 347374 0
61004 324981 347971 0
134674 -428245 355134 0
188880 -434652 355598 0
221920 -441652 355880 0
175794 177659 358019 0
144307 176276 358288 0
28912 161424 359274 0
158883 -596607 366418 0
60468 -7108 370110 0
161010 529362 377545 0
212825 527469 377956 0
-1825 -181064 381707 0
-40966 -184531 382026 0
129222 373443 388318 0
158495 368920 388569 0
180600 364580 388758 0
282300 352733 389627 0
179609 -322835 391217 0
101608 -330446 391884 0
75319 -333756 392109 0
168075 201242 399727 0
185047 200189 399872 0
-47481 63520 408962 0
101228 38550 410266 0
153650 32392 410681 0
213907 -647933 413078 0
196057 481742 424307 0
153678 478145 424670 0
-32071 450097 426257 0
-68664 445374 426570 0
-6057 -272360 431470 0
45526 -281781 431911 0
176352 307131 435561 0
190102 -471388 444262 0
209877 496191 466546 0
-24050 -217847 470559 0
90600 343313 476604 0
150245 338878 477113 0
206141 328409 477591 0
221470 327676 477722 0
82465 -368897 480663 0
130605 168691 488023 0
89098 -323134 520899 0
132713 276183 524541 0
-48997 85674 537171 0
189187 633183 543908 0
181367 462101 554918 0
-25447 -248416 559124 0
90761 306468 565220 0
164941 300170 565854 0
84594 -398684 569260 0
180852 581481 590591 0
-70623 540643 592793 0
205279 415707 601459 0
167203 413469 601785 0
88877 395243 602487 0
