4166
159437 587317 1444 0
213768 536474 4548 0
174618 536038 4646 0
195702 490769 7833 0
140432 490030 7971 0
-29940 481072 8397 0
218183 442639 11017 0
50986 433913 11435 0
218815 390826 14258 0
203935 390384 14294 0
121836 387788 14498 0
-6312 383865 14818 0
243654 344813 17433 0
195785 343774 17553 0
186231 343327 17577 0
144862 340265 17680 0
205460 297224 20769 0
162952 295721 20875 0
142299 295473 20927 0
82437 293118 21076 0
193333 248241 24039 0
168684 247310 24101 0
136031 246464 24182 0
67028 244161 24355 0
230946 202532 27185 0
144157 199249 27402 0
48904 192067 27640 0
38081 191710 27667 0
136147 144786 30662 0
115415 144567 30714 0
82942 143697 30795 0
59227 142102 30854 0
193093 98548 33760 0
37474 93829 34149 0
-12868 90578 34275 0
184313 53989 37022 0
150301 53377 37107 0
67703 48891 37313 0
46273 48247 37367 0
26073 -53492 43897 0
-39378 -151990 50541 0
858 -198211 53680 0
134593 -240735 56586 0
-19120 -246263 56970 0
-83124 -249136 57130 0
-136446 -249088 57264 0
281411 -281964 59459 0
121312 -291101 59859 0
89702 -292446 59938 0
252650 -331674 62771 0
147625 -338438 63033 0
126077 -339296 63087 0
98031 -340742 63157 0
172442 -383067 66211 0
95090 -386458 66405 0
228860 -433134 69310 0
151736 -436347 69503 0
112971 -438402 69600 0
201684 -483622 72618 0
184540 -483861 72661 0
186279 -528143 75897 0
202886 -578018 79095 0
159756 -580723 79203 0
185070 -630826 82380 0
208063 568905 88802 0
203882 522175 92053 0
168877 522217 92140 0
-30031 512272 92638 0
207238 475435 95284 0
189144 474247 95330 0
150327 472769 95427 0
-38592 467821 95899 0
220495 424517 98491 0
127404 421202 98724 0
62967 418912 98885 0
-52331 416369 99173 0
176485 378270 101841 0
158941 377295 101885 0
137734 376036 101938 0
133665 376007 101948 0
80658 372105 102081 0
44847 370925 102170 0
220204 330035 104972 0
172553 328767 105091 0
104279 323820 105262 0
201696 281873 108258 0
120471 276783 108461 0
249235 235075 111379 0
117474 227372 111709 0
104109 227129 111742 0
161663 183610 114838 0
41663 174770 115138 0
66164 131528 118317 0
6438 128990 118466 0
-12861 127908 118515 0
172044 82628 121292 0
136614 82309 121381 0
27028 77935 121655 0
-62697 75628 121879 0
153706 32605 124578 0
119004 32381 124665 0
81284 31714 124759 0
48119 -19932 128082 0
24583 -21363 128141 0
132146 -211049 140832 0
31 -212264 141162 0
-34367 -214676 141248 0
-61899 -215765 141317 0
191291 -258005 143924 0
157665 -259163 144008 0
135481 -260247 144064 0
-31153 -262261 144480 0
-113126 -267343 144685 0
276960 -298701 146950 0
114632 -304273 147356 0
195942 -349972 150393 0
103129 -354492 150625 0
64505 -356766 150721 0
55957 -357327 150743 0
240881 -398761 153520 0
173058 -402408 153690 0
150423 -403065 153746 0
125445 -404273 153809 0
107255 -405040 153854 0
161335 -449402 156959 0
144428 -449864 157001 0
133401 -450225 157029 0
188826 -496765 160130 0
199246 -549104 163344 0
180829 -647046 169870 0
201673 552673 176298 0
-51747 543286 176932 0
208788 503849 179523 0
84188 501806 179832 0
-4742 496305 180054 0
-44370 495338 180153 0
-71697 493378 180222 0
167228 455449 182864 0
157793 455103 182888 0
-31929 450101 183362 0
-63437 449516 183441 0
226075 408383 185957 0
157641 407288 186128 0
88451 404519 186301 0
69883 404446 186348 0
-16573 403835 186564 0
251714 361665 189133 0
195010 358963 189275 0
127399 355729 189444 0
95980 355325 189523 0
223725 315328 192443 0
135320 309716 192664 0
104552 307386 192741 0
78430 306111 192806 0
219258 261098 195706 0
162838 213073 199075 0
92083 209463 199252 0
170174 165257 202297 0
123690 164858 202413 0
36645 160854 202631 0
174481 116007 205526 0
26695 111323 205896 0
-51080 106393 206090 0
203635 68224 208693 0
132656 65268 208871 0
53493 64958 209069 0
-10618 63254 209229 0
72697 14627 212261 0
26550 13827 212376 0
-22239 -183371 225458 0
-61534 -183547 225556 0
122858 -225342 228335 0
19301 -226735 228594 0
-39703 -231141 228742 0
-61145 -231543 228795 0
-73919 -232053 228827 0
210604 -268244 231356 0
159010 -270073 231485 0
240056 -320829 234522 0
128040 -324735 234802 0
159643 -371813 237963 0
104849 -371891 238100 0
59684 -375081 238213 0
230387 -418892 241039 0
171757 -420990 241180 0
102322 -422149 241348 0
84526 -422754 241391 0
190052 -467790 244367 0
167708 -468749 244423 0
144832 -469200 244480 0
201669 -513622 247578 0
176688 -514416 247641 0
204578 -560613 250811 0
169774 -561373 250898 0
198232 225042 1213 4
148118 223251 1338 4
96998 221326 1466 4
60576 218852 1557 4
178058 173039 4503 4
96501 169845 4707 4
136871 121651 7846 4
91013 120840 7961 4
41717 118540 8084 4
-50970 115778 8316 4
196432 76952 10938 4
127978 72637 11109 4
118073 72225 11133 4
9663 70909 11404 4
-53532 67900 11562 4
157263 26143 14275 4
24587 23949 14607 4
96909 -21744 17666 4
70899 -22854 17731 4
52649 -23636 17777 4
38157 -24747 17813 4
12119 -26050 17878 4
-30290 -172225 27704 4
-10941 -217119 30896 4
-39490 -218986 30967 4
200482 -260062 33607 4
152730 -262083 33727 4
145833 -262050 33744 4
105456 -261748 33845 4
256173 -310307 36708 4
215661 -312820 36809 4
108151 -315100 37078 4
85312 -316642 37135 4
36206 -319708 37258 4
264594 -357015 39927 4
227534 -357282 40020 4
158639 -360327 40192 4
113763 -361055 40304 4
44904 -365620 40476 4
157668 -412028 43434 4
124500 -413199 43517 4
200155 -454919 46568 4
140578 -456137 46717 4
189748 -506535 49834 4
199353 -549125 53050 4
243870 209974 88579 4
156963 204324 88796 4
91422 201673 88960 4
75009 201728 89001 4
175657 155322 91989 4
141308 155175 92075 4
64186 154492 92268 4
17008 152670 92386 4
202080 109287 95163 4
113885 109650 95384 4
40464 107715 95567 4
-6534 103869 95685 4
-33889 103809 95753 4
277446 68660 98215 4
183354 65517 98450 4
16934 53286 98866 4
-11897 51124 98938 4
112058 12948 101868 4
79258 11767 101950 4
52525 -38111 105257 4
39692 -39017 105289 4
-17526 -138533 111912 4
-66726 -188737 115275 4
-6721 -238358 118365 4
-64644 -240867 118510 4
282880 -272942 120881 4
195712 -273713 121099 4
153697 -276144 121204 4
106865 -276907 121321 4
240056 -320829 124228 4
129469 -327670 124505 4
181397 -374559 127615 4
110865 -376928 127791 4
230473 -418976 130732 4
226174 -419265 130743 4
196937 -421066 130816 4
171757 -420990 130879 4
77138 -425555 131116 4
199672 -473013 134049 4
187745 -524107 137319 4
203014 -572816 140521 4
212865 243754 172896 4
147166 243098 173061 4
61257 239225 173275 4
222913 192213 176111 4
188876 190568 176196 4
155841 189293 176279 4
64592 185882 176507 4
187381 139401 179440 4
117304 137280 179615 4
29325 137232 179835 4
201408 97480 182645 4
140261 94284 182798 4
22613 84888 183092 4
-34298 84167 183234 4
276517 50158 185697 4
153671 46721 186004 4
110364 46477 186113 4
28484 44104 186317 4
124163 -5705 189318 4
48498 -9885 189507 4
30612 -57791 192792 4
116526 -198878 202297 4
-16230 -201753 202629 4
-68318 -204536 202759 4
186549 -247255 205362 4
119917 -251914 205529 4
5359 -253385 205815 4
-104228 -257469 206089 4
269326 -290990 208395 4
188415 -296655 208598 4
76067 -299476 208878 4
253268 -339708 211675 4
168561 -340735 211887 4
118134 -341358 212013 4
212551 -390424 215017 4
204478 -390678 215037 4
139657 -395566 215199 4
93893 -397224 215314 4
230931 -438752 218211 4
163278 -439980 218380 4
113268 -439673 218505 4
156862 -486689 221636 4
193752 -537292 224784 4
183914 -537730 224809 4
171303 -537774 224840 4
203717 -582356 227999 4
178091 -584317 228063 4
185070 -630826 231286 4
26972 78035 158 8
117830 72280 384 8
277371 68642 783 8
75351 29158 3518 8
130162 27709 3655 8
152021 26207 3710 8
157071 26207 3723 8
24583 -21363 6631 8
59871 -22326 6720 8
70803 -22810 6747 8
-34645 -162283 16203 8
-69499 -206941 19356 8
-50409 -207797 19404 8
-3000 -209209 19522 8
-104228 -257469 22509 8
-31371 -262145 22691 8
105188 -261558 23033 8
158875 -264610 23167 8
175590 -265682 23209 8
210604 -268244 23296 8
282880 -272942 23477 8
70202 -311092 26185 8
239909 -320817 26610 8
52137 -360382 29380 8
113763 -361055 29534 8
148040 -363039 29620 8
221341 -363204 29803 8
75364 -411442 32678 8
124500 -413199 32801 8
156137 -414743 32880 8
217755 -414501 33034 8
179153 -508786 39418 8
194817 -508975 39457 8
169774 -561373 42634 8
-53603 67907 87436 8
-5838 66796 87555 8
824 66239 87572 8
53406 64871 87703 8
166782 55705 87987 8
276517 50158 88261 8
26550 13827 90876 8
79150 11754 91008 8
100716 10026 91062 8
34490 -37922 94136 8
52304 -37968 94181 8
-47461 -180230 103651 8
19301 -226735 107058 8
185301 -234456 107473 8
-274 -275325 110249 8
114761 -279666 110537 8
255798 -285216 110889 8
105282 -326758 113753 8
129374 -327552 113813 8
189487 -331101 113964 8
252557 -331617 114121 8
51637 -374290 116859 8
95950 -374875 116970 8
227925 -379854 117300 8
77024 -425698 120162 8
134951 -428023 120307 8
166582 -430055 120386 8
228860 -433134 120542 8
166403 -479678 123626 8
186279 -528143 126916 8
183807 -572283 130149 8
202930 -572967 130197 8
-12057 51189 175020 8
46190 48293 175165 8
110364 46477 175326 8
58977 -4250 178437 8
124052 -5678 178600 8
26073 -53492 181595 8
-46969 -194397 191132 8
783 -198287 191252 8
116526 -198878 191541 8
-101549 -240086 194236 8
-64644 -240867 194328 8
-39980 -241322 194390 8
-276 -242412 194489 8
119804 -251931 194789 8
75813 -299336 197922 8
214399 -297695 198266 8
34891 -340235 201057 8
96022 -341665 201210 8
195823 -349872 201459 8
62983 -395743 204367 8
93778 -397129 204444 8
161961 -396803 204615 8
205535 -396346 204724 8
240715 -398760 204812 8
111018 -442532 207727 8
178612 -445497 207896 8
188826 -496765 211162 8
176009 -539657 214370 8
222177 305871 1081 12
177391 304874 1193 12
175786 304836 1197 12
145889 304262 1272 12
121803 304194 1332 12
66637 303226 1470 12
219394 261007 4328 12
178468 258810 4431 12
119818 256190 4577 12
93320 254695 4644 12
64180 254352 4716 12
59865 254274 4727 12
243870 209974 7507 12
157079 204233 7724 12
91422 201673 7888 12
75093 201505 7929 12
175654 155246 10918 12
148080 153386 10987 12
60985 152802 11204 12
25471 150977 11293 12
201981 109048 14092 12
40627 107600 14495 12
-33826 103866 14681 12
277446 68660 17143 12
203452 68256 17328 12
132656 65268 17505 12
53493 64958 17703 12
112227 12887 20796 12
79150 11754 20879 12
52304 -37968 24186 12
-17582 -138537 30841 12
7952 -192572 34017 12
-46836 -194413 34154 12
185301 -234456 36814 12
-6785 -238287 37294 12
-64555 -240704 37438 12
282880 -272942 39810 12
195712 -273713 40028 12
153644 -276381 40133 12
106810 -277001 40250 12
239909 -320817 43157 12
129469 -327670 43433 12
181397 -374559 46543 12
110807 -376882 46720 12
252307 -427016 49634 12
166699 -430054 49841 12
199591 -473178 52978 12
201478 -513623 56213 12
176688 -514416 56275 12
203078 -572985 59449 12
205460 297224 88603 12
163002 295818 88709 12
73374 290975 88933 12
213067 243775 91824 12
147005 243130 91989 12
61086 239032 92204 12
222913 192213 95040 12
189043 190537 95124 12
155841 189293 95207 12
64592 185882 95435 12
187381 139401 98368 12
117178 137281 98544 12
-9312 130593 98860 12
201408 97480 101573 12
140261 94284 101726 12
37474 93829 101983 12
-12935 90506 102109 12
276618 50155 104625 12
153498 46768 104933 12
110364 46477 105041 12
28583 44260 105245 12
124287 -5768 108246 12
48634 -9799 108435 12
30612 -57791 111720 12
-39378 -151990 118375 12
116638 -198899 121225 12
-16013 -201832 121557 12
-68318 -204536 121688 12
186549 -247255 124291 12
119917 -251914 124457 12
5514 -253398 124743 12
-104226 -257591 125017 12
269326 -290990 127324 12
188415 -296655 127526 12
122327 -301330 127691 12
99384 -302222 127748 12
253382 -339629 130603 12
168725 -340777 130815 12
118242 -341386 130941 12
96022 -341665 130997 12
212639 -390563 133945 12
204273 -390668 133966 12
139525 -395323 134128 12
93893 -397224 134242 12
230931 -438752 137140 12
163389 -440010 137308 12
111048 -442446 137439 12
201567 -483551 140453 12
184620 -483903 140495 12
193795 -537289 143712 12
183914 -537730 143737 12
171399 -537784 143768 12
203607 -582457 146928 12
177978 -584290 146992 12
168851 -584329 147015 12
185070 -630826 150214 12
221355 318984 172804 12
175072 317790 172919 12
135504 314977 173018 12
108784 314502 173085 12
74296 312980 173171 12
214632 272467 176060 12
176508 269723 176156 12
118609 265917 176300 12
99591 264821 176348 12
243623 221060 179229 12
133910 218837 179502 12
117008 218735 179544 12
62206 218127 179681 12
178223 172941 182631 12
102276 168042 182821 12
195421 122250 185828 12
136647 121583 185975 12
91013 120840 186089 12
45757 117591 186203 12
-50970 115778 186444 12
196432 76952 189066 12
127978 72637 189237 12
117872 72369 189262 12
9786 70872 189532 12
-53412 67995 189690 12
157071 26207 192404 12
40992 18988 192700 12
27909 18851 192732 12
14707 18190 192764 12
96991 -21724 195794 12
70974 -22745 195859 12
52649 -23636 195905 12
12254 -25949 196006 12
-30290 -172225 205833 12
132260 -210964 208666 12
-10941 -217119 209024 12
-39373 -218997 209095 12
200482 -260062 211736 12
152730 -262083 211855 12
-113241 -267478 212520 12
278182 -311408 214781 12
219522 -313342 214928 12
108208 -315077 215206 12
85419 -316643 215263 12
36206 -319708 215386 12
264594 -357015 218055 12
227534 -357282 218148 12
158639 -360327 218320 12
113931 -361065 218432 12
44763 -365649 218605 12
240715 -398760 221355 12
173058 -402408 221524 12
150330 -402983 221581 12
125445 -404273 221643 12
107076 -404978 221689 12
200021 -454929 224697 12
140578 -456137 224845 12
194981 -508871 227949 12
179099 -508953 227989 12
199379 -549185 231178 12
187381 139401 1098 16
117178 137281 1273 16
12793 130911 1534 16
-9211 130370 1589 16
201199 97528 4303 16
140374 94240 4455 16
-12821 90425 4838 16
278948 59925 7349 16
264009 59538 7386 16
166782 55705 7629 16
147727 54493 7677 16
50779 49405 7919 16
139717 -11087 10970 16
47516 -12943 11195 16
30839 -57883 14449 16
-34555 -162362 21093 16
116526 -198878 23955 16
-16013 -201832 24286 16
-68318 -204536 24417 16
186549 -247255 27020 16
6458 -250061 27470 16
-10722 -251166 27513 16
-104228 -257469 27747 16
281411 -281964 30023 16
121312 -291101 30423 16
89592 -292431 30502 16
253268 -339708 33333 16
168561 -340735 33545 16
118134 -341358 33671 16
96022 -341665 33726 16
228019 -380069 36636 16
172384 -382930 36775 16
95195 -386438 36968 16
252428 -427155 39815 16
166582 -430055 40030 16
201567 -483551 43182 16
184540 -483861 43225 16
193986 -537263 46441 16
183737 -537690 46467 16
203607 -582457 49657 16
168851 -584329 49744 16
185070 -630826 52944 16
195421 122250 88558 16
136779 121669 88704 16
91013 120840 88819 16
41605 118502 88942 16
-50970 115778 89174 16
196432 76952 91795 16
127978 72637 91966 16
117990 72208 91991 16
29261 66376 92213 16
797 66094 92284 16
-31121 65316 92364 16
157263 26143 95133 16
40902 18931 95424 16
14811 18319 95489 16
139780 -11289 98417 16
39322 -16182 98668 16
-26281 -178961 108561 16
132146 -211049 111396 16
31 -212264 111726 16
-34562 -214509 111813 16
-62008 -215824 111881 16
200482 -260062 114465 16
152810 -260428 114584 16
105188 -261558 114703 16
-113202 -267387 115249 16
278364 -311276 117510 16
219593 -313513 117657 16
123576 -318732 117897 16
36206 -319708 118116 16
264594 -357015 120785 16
227652 -357350 120877 16
158639 -360327 121050 16
113763 -361055 121162 16
44763 -365649 121334 16
240881 -398761 124084 16
173058 -402408 124254 16
150423 -403065 124310 16
125584 -404136 124372 16
107255 -405040 124418 16
200021 -454929 127426 16
140578 -456137 127575 16
194817 -508975 130679 16
199246 -549104 133908 16
175654 155246 172847 16
148080 153386 172916 16
60911 152661 173134 16
25616 151096 173222 16
201981 109048 176021 16
40464 107715 176425 16
-33889 103809 176611 16
278948 59925 179069 16
264009 59538 179106 16
166782 55705 179349 16
147755 54549 179397 16
58095 53642 179621 16
16934 53286 179724 16
111990 12846 182726 16
79258 11767 182808 16
92764 -29185 186014 16
50517 -30162 186120 16
-17582 -138537 192770 16
8029 -192456 195946 16
-46836 -194413 196083 16
185301 -234456 198743 16
-276 -242412 199207 16
-60380 -242882 199357 16
-118007 -246302 199501 16
282880 -272942 201739 16
195712 -273713 201957 16
153644 -276381 202062 16
106810 -277001 202179 16
252733 -314532 205055 16
123576 -318732 205377 16
227999 -379875 208356 16
116889 -382813 208634 16
103242 -383350 208668 16
252428 -427155 211535 16
166582 -430055 211750 16
199591 -473178 214907 16
201642 -511122 218142 16
204578 -560613 221375 16
169774 -561373 221462 16
48119 -19932 1387 20
24785 -21287 1445 20
169274 593794 3551 20
-58937 548978 6220 20
176148 541144 6808 20
-72483 504592 9426 20
115620 494979 9896 20
165398 493374 10021 20
186471 491973 10074 20
-31868 450269 12786 20
152861 446054 13236 20
218183 442639 13396 20
132260 -210964 14145 20
31 -212264 14472 20
-34562 -214509 14558 20
-62008 -215824 14625 20
-16573 403835 16046 20
62774 401684 16244 20
142230 398824 16443 20
189660 398008 16562 20
191291 -258005 17238 20
157665 -259163 17320 20
135481 -260247 17374 20
105188 -261558 17451 20
-113202 -267387 17990 20
58796 351068 19474 20
91482 349906 19556 20
123993 349355 19637 20
243621 344893 19936 20
70263 -311055 20779 20
66637 303226 22734 20
127721 300152 22887 20
196258 297516 23058 20
204456 297156 23079 20
205250 297108 23081 20
149673 -355699 23826 20
104803 -357358 23935 20
52137 -360382 24064 20
59721 254335 25957 20
64181 254275 25968 20
96303 253331 26048 20
193333 248241 26291 20
173058 -402408 27017 20
150423 -403065 27072 20
125445 -404273 27133 20
107076 -404978 27178 20
82978 206948 29255 20
156010 206086 29437 20
230991 202566 29625 20
161335 -449402 30280 20
144605 -449986 30321 20
133401 -450225 30349 20
11759 158303 32317 20
28737 157897 32359 20
141061 155045 32640 20
166798 154122 32704 20
188862 -496808 33456 20
-50970 115778 35400 20
21917 112812 35582 20
113885 109650 35812 20
196335 104126 36018 20
199400 -549203 36662 20
-53603 67907 38633 20
-5681 66601 38753 20
166782 55705 39184 20
276514 50220 39459 20
26550 13827 42074 20
79150 11754 42205 20
180797 -647052 43177 20
34490 -37922 45334 20
52319 -38104 45379 20
-47461 -180230 54849 20
19210 -226787 58255 20
185177 -234454 58670 20
-390 -275387 61446 20
114761 -279666 61734 20
255798 -285216 62087 20
105282 -326758 64951 20
129469 -327670 65011 20
189487 -331101 65161 20
252650 -331674 65319 20
51556 -374402 68056 20
95950 -374875 68167 20
227925 -379854 68497 20
77138 -425555 71360 20
134756 -428180 71504 20
166582 -430055 71584 20
228860 -433134 71740 20
166403 -479678 74823 20
186279 -528143 78113 20
183807 -572283 81347 20
202930 -572967 81395 20
195612 575678 91096 20
161092 529462 94250 20
-60412 486831 96936 20
77877 482678 97282 20
165991 480477 97502 20
-22239 -183371 98763 20
47977 432949 100447 20
113718 431702 100612 20
151934 430116 100707 20
216000 427361 100867 20
122813 -225561 101654 20
19301 -226735 101909 20
-61319 -231570 102107 20
-73919 -232053 102138 20
59495 382582 103716 20
176391 378334 104008 20
195712 -273713 104714 20
106810 -277001 104930 20
112375 337507 107088 20
131449 336877 107136 20
239909 -320817 107836 20
127855 -324688 108108 20
37301 286924 110141 20
45231 286398 110161 20
97502 285673 110291 20
145771 283991 110412 20
201592 281920 110551 20
159643 -371813 111280 20
95950 -374875 111435 20
59674 -375203 111525 20
54994 242357 113425 20
149428 237211 113661 20
249121 235125 113910 20
230554 -419099 114347 20
171757 -420990 114490 20
102322 -422149 114660 20
84668 -422635 114703 20
37956 191689 116622 20
129906 185563 116852 20
189949 -467833 117684 20
167944 -468791 117738 20
144636 -469298 117795 20
45018 143249 119880 20
86261 142539 119983 20
170140 136978 120193 20
201669 -513622 120905 20
176688 -514416 120966 20
-54458 96608 122871 20
37474 93829 123101 20
119476 91440 123306 20
186877 87689 123475 20
190676 -563749 124168 20
151746 -566208 124264 20
28484 44104 126319 20
113437 43218 126531 20
58977 -4250 129635 20
124052 -5678 129798 20
25942 -53495 132792 20
-46836 -194413 142330 20
116526 -198878 142739 20
-101641 -240200 145433 20
-64644 -240867 145526 20
-39980 -241322 145587 20
-276 -242412 145687 20
171029 -248641 146115 20
107889 -294001 149197 20
34775 -340360 152254 20
108066 -344698 152438 20
195942 -349972 152657 20
62983 -395743 155587 20
161963 -396850 155831 20
240715 -398760 156023 20
111048 -442446 158925 20
178655 -445490 159094 20
188812 -496747 162359 20
176009 -539657 165567 20
93970 -3236 173016 20
59106 -4326 173101 20
26073 -53492 176402 20
-31948 516372 181248 20
103385 510431 181586 20
173926 508584 181762 20
-39207 -152048 183045 20
-38592 467821 184471 20
93987 461915 184810 20
783 -198287 186185 20
62967 418912 187965 20
125221 417254 188120 20
158402 415481 188203 20
162343 415408 188213 20
208533 413162 188329 20
134593 -240735 189102 20
-19226 -246122 189476 20
-83124 -249136 189635 20
36267 368552 191138 20
104665 367935 191309 20
192014 365478 191527 20
244591 363520 191659 20
121394 -290974 192374 20
89737 -292264 192451 20
70767 320499 194464 20
125123 319604 194600 20
175072 317790 194725 20
223601 315518 194846 20
167915 -339292 195499 20
118134 -341358 195620 20
96109 -341704 195674 20
70375 268757 197703 20
172372 -383110 198735 20
95090 -386458 198923 20
96998 221326 201010 20
121003 219977 201070 20
228860 -433134 201828 20
151597 -436290 202016 20
112971 -438402 202111 20
41402 174605 204111 20
178058 173039 204453 20
201567 -483551 205132 20
184540 -483861 205174 20
-12861 127908 207215 20
41218 125246 207350 20
136647 121583 207589 20
165430 -532968 208463 20
-39622 78786 210388 20
27028 77935 210555 20
117872 72369 210782 20
277446 68660 211181 20
75351 29158 213916 20
130162 27709 214053 20
151939 26293 214107 20
157071 26207 214120 20
185070 -630826 214892 20
24583 -21363 217029 20
59871 -22326 217117 20
70803 -22810 217144 20
-34555 -162362 226601 20
-69499 -206941 229754 20
-50409 -207797 229801 20
-3000 -209209 229920 20
-104404 -257647 232906 20
-31225 -262248 233089 20
139592 -265702 233516 20
210604 -268244 233694 20
282792 -273050 233874 20
70263 -311055 236583 20
239909 -320817 237007 20
52137 -360382 239778 20
113763 -361055 239932 20
148017 -363088 240017 20
75364 -411442 243076 20
124500 -413199 243199 20
156309 -414786 243278 20
179153 -508786 249815 20
194817 -508975 249854 20
169774 -561373 253032 20
203178 563111 396 24
210218 562838 413 24
-41845 525028 3022 24
162552 518179 3533 24
-38592 467821 6271 24
93978 461883 6602 24
-61449 425652 9453 24
62967 418912 9764 24
125221 417254 9920 24
158402 415481 10003 24
162508 415399 10013 24
208533 413162 10128 24
23722 373448 12906 24
41771 372934 12951 24
80509 372132 13048 24
126848 372036 13164 24
163367 371264 13255 24
202932 370944 13354 24
258505 370682 13493 24
50273 326708 16213 24
90924 325269 16314 24
221355 318984 16640 24
70375 268757 19503 24
128063 266205 19647 24
96998 221326 22810 24
121242 219861 22870 24
133864 218994 22902 24
33627 180518 25891 24
128327 180196 26128 24
-26755 138112 28980 24
66164 131528 29212 24
195365 122414 29535 24
-39578 78685 32188 24
26972 78035 32354 24
117872 72369 32582 24
277371 68642 32980 24
75351 29158 35715 24
130162 27709 35852 24
152021 26207 35907 24
157263 26143 35920 24
24583 -21363 38829 24
59871 -22326 38917 24
70803 -22810 38944 24
-34645 -162283 48400 24
-69833 -205142 51552 24
-3049 -209313 51719 24
132146 -211049 52057 24
-136599 -248952 54626 24
-83124 -249136 54759 24
-14650 -252003 54930 24
-4034 -252194 54957 24
135371 -260414 55305 24
152835 -260452 55349 24
70145 -311126 58382 24
215661 -312820 58746 24
252501 -314498 58838 24
52137 -360382 61577 24
113763 -361055 61731 24
148040 -363039 61817 24
221341 -363204 62000 24
66043 -402064 64852 24
107076 -404978 64955 24
209635 -411550 65211 24
140480 -456170 68278 24
155909 -503170 71557 24
169705 -561195 74831 24
-58923 548746 87220 24
157170 548286 87760 24
-72654 504529 90425 24
84136 501901 90817 24
159224 496931 91005 24
199555 495585 91106 24
-36839 461217 93755 24
77186 456284 94040 24
99766 455673 94096 24
157740 455161 94241 24
222499 451149 94403 24
-61472 414864 96933 24
47765 409706 97206 24
64697 408902 97249 24
69937 408897 97262 24
83189 408074 97295 24
152710 402882 97469 24
225160 398740 97650 24
5043 359695 100340 24
95980 355325 100567 24
119165 353630 100625 24
168278 352614 100748 24
189626 351846 100801 24
201291 351740 100830 24
243252 349336 100935 24
58347 309660 103713 24
78692 308579 103764 24
88918 308358 103789 24
104552 307386 103828 24
175769 304978 104006 24
177369 304865 104010 24
50970 261527 106934 24
66288 261392 106973 24
176931 254481 107249 24
182039 254322 107262 24
82958 207054 110254 24
156120 205906 110437 24
230946 202532 110624 24
11759 158303 113316 24
28513 157915 113358 24
141061 155045 113640 24
166798 154122 113704 24
-51036 115839 116399 24
21705 112840 116581 24
113759 109593 116811 24
196335 104126 117018 24
-53603 67907 119633 24
-5838 66796 119752 24
29160 66406 119840 24
39073 66171 119865 24
132656 65268 120099 24
256167 61419 120407 24
278948 59925 120464 24
14707 18190 123044 24
65772 15622 123171 24
111990 12846 123287 24
12119 -26050 126277 24
92764 -29185 126479 24
-47461 -180230 135848 24
-39839 -220093 139107 24
122813 -225561 139514 24
-113241 -267478 142164 24
-274 -275325 142446 24
106810 -277001 142714 24
255704 -285073 143086 24
36141 -319558 145777 24
127855 -324688 146007 24
188066 -325490 146157 24
51637 -374290 149056 24
95950 -374875 149167 24
227925 -379854 149497 24
76968 -425677 152359 24
134951 -428023 152504 24
166582 -430055 152584 24
228860 -433134 152739 24
144636 -469298 155769 24
199591 -473178 155906 24
158296 -520356 159043 24
151725 -566357 162266 24
156502 -566688 162278 24
-51944 543326 174717 24
161092 529462 175250 24
-71837 493120 177907 24
-57504 492268 177943 24
77877 482678 178282 24
166045 480461 178502 24
-47436 445361 181208 24
127182 435419 181645 24
159008 435090 181725 24
176968 434434 181769 24
59495 382582 184716 24
100015 382535 184817 24
176391 378334 185008 24
38820 341222 187904 24
112375 337507 188088 24
131358 336930 188135 24
37301 286924 191140 24
45231 286398 191160 24
85741 286262 191261 24
97674 285570 191291 24
137272 282712 191390 24
164890 281803 191459 24
54893 242465 194424 24
149428 237211 194661 24
249121 235125 194910 24
37956 191689 197622 24
129205 185170 197850 24
16908 152514 200809 24
136020 144925 201107 24
-59308 106565 203859 24
-51324 106261 203879 24
-6534 103869 203991 24
58084 99357 204152 24
140171 94364 204357 24
-45462 53610 207133 24
-12057 51189 207217 24
5653 50953 207261 24
46152 48325 207362 24
110364 46477 207523 24
58977 -4250 210635 24
124052 -5678 210797 24
26073 -53492 213792 24
-17582 -138537 220163 24
-66877 -188748 223280 24
7952 -192572 223467 24
116526 -198878 223738 24
-101549 -240086 226433 24
-64644 -240867 226525 24
-39980 -241322 226587 24
-276 -242412 226686 24
106488 -244452 226953 24
114046 -244640 226972 24
171029 -248641 227115 24
77757 -290830 230121 24
94108 -290836 230162 24
121312 -291101 230230 24
214277 -297447 230463 24
276753 -298716 230619 24
34891 -340235 233254 24
79642 -340667 233366 24
96157 -341475 233407 24
62983 -395743 236577 24
161963 -396850 236818 24
240715 -398760 237009 24
90935 -435369 239874 24
151597 -436290 240026 24
222077 -441478 240202 24
156740 -486800 243279 24
171218 -537778 246555 24
168851 -584329 249789 24
184962 -630957 253069 24
121042 366543 7960 1
214664 272488 14206 1
62377 266866 14587 1
192694 223473 17501 1
62010 218195 17828 1
175656 174315 20784 1
83875 170699 21013 1
9663 70909 27679 1
43246 -25002 34075 1
12254 -25949 34152 1
264640 -357045 56201 1
44763 -365649 56751 1
138103 -410795 59758 1
222499 451149 88707 1
45922 395961 92388 1
286435 356216 95027 1
172233 352652 95312 1
168244 352526 95322 1
222013 305819 98428 1
100304 300758 98732 1
146262 254458 101857 1
156120 205906 105073 1
16860 152508 108661 1
170841 60582 114756 1
74244 8758 118237 1
45377 6982 118310 1
138228 -426996 147239 1
199591 -473178 150324 1
79649 429888 176544 1
238479 386794 179387 1
204254 385835 179472 1
125125 383344 179670 1
49522 380093 179859 1
54392 331971 183087 1
154332 286558 186077 1
222913 192213 192386 1
189043 190537 192470 1
155841 189293 192553 1
64783 185943 192781 1
119476 91440 199124 1
124287 -5768 205592 1
47038 -8844 205785 1
30709 -57823 209066 1
173215 -246922 221670 1
5514 -253398 222089 1
-104154 -257542 222363 1
75888 -299388 225153 1
101948 -346522 228328 1
179217 -538743 241095 1
243727 344687 1099 5
195785 343774 1219 5
186231 343327 1243 5
144778 340401 1347 5
217204 299756 4406 5
162934 295765 4541 5
142299 295473 4593 5
82292 293082 4743 5
193333 248241 7705 5
168684 247310 7767 5
135910 246443 7849 5
73375 246086 8005 5
234667 205164 10842 5
169487 202115 11005 5
145635 200583 11065 5
76713 199303 11237 5
48174 198346 11308 5
168211 152888 14248 5
54165 145953 14533 5
196335 104126 17418 5
135425 103844 17570 5
58146 99225 17763 5
29296 97796 17836 5
-53002 96566 18041 5
-54207 96527 18044 5
278948 59925 20451 5
263872 59537 20489 5
184313 53989 20688 5
150301 53377 20773 5
67496 48750 20980 5
46273 48247 21033 5
65388 3384 24225 5
28980 -47537 27556 5
-39378 -151990 34207 5
7952 -192572 37329 5
-46836 -194413 37466 5
185336 -234371 40125 5
121859 -238862 40284 5
-238 -242173 40589 5
-60494 -242886 40740 5
-118167 -246273 40884 5
281411 -281964 43125 5
121394 -290974 43525 5
89737 -292264 43604 5
252650 -331674 46437 5
147463 -338574 46700 5
126077 -339296 46754 5
97828 -340807 46824 5
228156 -380038 49738 5
172200 -382984 49878 5
103242 -383350 50051 5
252231 -427110 52918 5
166582 -430055 53132 5
91038 -435403 53321 5
201567 -483551 56285 5
184540 -483861 56327 5
186279 -528143 59563 5
202966 -573035 62761 5
220204 330035 88638 5
172553 328767 88757 5
104279 323820 88928 5
201743 281883 91924 5
164926 281758 92016 5
142572 281434 92072 5
108934 280046 92156 5
93443 279018 92195 5
249121 235125 95046 5
142620 234227 95312 5
101346 231251 95415 5
161621 183589 98505 5
111938 183237 98629 5
34928 182017 98821 5
170140 136978 101723 5
104173 135183 101888 5
12690 131009 102117 5
-9329 130364 102172 5
186964 87687 104921 5
141147 85109 105036 5
120936 83675 105086 5
27028 77935 105321 5
-62645 75693 105545 5
153675 32659 108260 5
119004 32381 108345 5
81068 31728 108437 5
139780 -11289 111519 5
47516 -12943 111750 5
-34555 -162362 121675 5
132189 -210840 124498 5
31 -212264 124829 5
-34367 -214676 124915 5
-61819 -215806 124983 5
156316 -256424 127678 5
3323 -258496 128061 5
-113382 -267219 128353 5
276960 -298701 130616 5
122327 -301330 131003 5
99353 -302416 131060 5
195942 -349972 134059 5
103129 -354492 134291 5
64589 -356820 134387 5
55855 -357433 134409 5
240956 -398797 137186 5
173058 -402408 137356 5
150330 -402983 137413 5
125445 -404273 137475 5
107076 -404978 137521 5
178655 -445490 140582 5
125387 -447371 140715 5
188967 -496739 143796 5
193852 -543539 147024 5
162763 -545832 147102 5
251714 361665 172800 5
195010 358963 172941 5
127540 355909 173110 5
95980 355325 173189 5
223797 315344 176109 5
143008 312943 176311 5
128043 312198 176349 5
107543 310900 176400 5
78845 309012 176472 5
128546 265039 179587 5
99591 264821 179660 5
50970 261527 179781 5
243776 220995 182539 5
131425 215622 182820 5
170174 165257 185963 5
123622 164939 186080 5
36645 160854 186297 5
195421 122250 189140 5
45726 117466 189514 5
203452 68256 192360 5
132656 65268 192537 5
53493 64958 192735 5
-10618 63254 192895 5
72697 14627 195927 5
26550 13827 196042 5
92931 -29130 199116 5
50543 -30278 199222 5
-22239 -183371 209124 5
-61402 -183513 209222 5
125538 -221420 211995 5
19348 -226787 212260 5
-39703 -231141 212408 5
-61319 -231570 212462 5
-73793 -232048 212493 5
210604 -268244 215022 5
177334 -269087 215105 5
159010 -270073 215151 5
108691 -270671 215277 5
101743 -270868 215294 5
-274 -275325 215549 5
278182 -311408 218093 5
219522 -313342 218240 5
123576 -318732 218480 5
221341 -363204 221475 5
150954 -366455 221651 5
105828 -368601 221764 5
100179 -368881 221778 5
63357 -370191 221870 5
217755 -414501 224724 5
157440 -415810 224875 5
78331 -418537 225073 5
189949 -467833 228034 5
167708 -468749 228090 5
144636 -469298 228147 5
201642 -511122 231245 5
204578 -560613 234477 5
169774 -561373 234564 5
11759 158303 124 9
28491 157882 164 9
141061 155045 438 9
166798 154122 502 9
-50970 115778 3198 9
21917 112812 3380 9
113885 109650 3610 9
196335 104126 3816 9
-53603 67907 6431 9
-5681 66601 6551 9
824 66239 6567 9
29160 66406 6638 9
39073 66171 6663 9
53493 64958 6699 9
166782 55705 6982 9
276517 50158 7257 9
14707 18190 9842 9
65608 15632 9969 9
111990 12846 10085 9
34490 -37922 13132 9
52304 -37968 13176 9
-47461 -180230 22647 9
-61237 -231399 25874 9
-39712 -231359 25927 9
131582 -238546 26350 9
-113241 -267478 28962 9
-390 -275387 29244 9
106810 -277001 29512 9
255798 -285216 29885 9
75532 -333467 32678 9
252512 -331834 33117 9
51556 -374402 35854 9
59562 -375050 35874 9
95950 -374875 35965 9
227925 -379854 36295 9
77138 -425555 39158 9
134756 -428180 39302 9
166582 -430055 39382 9
228860 -433134 39538 9
166403 -479678 42621 9
158296 -520356 45841 9
159134 -578397 49083 9
202713 -578027 49192 9
45018 143249 87678 9
59194 142209 87713 9
86254 142341 87781 9
143983 142649 87925 9
187221 139420 88033 9
-68341 94332 90635 9
37474 93829 90899 9
101288 88826 91059 9
186822 87798 91272 9
-45462 53610 93932 9
-12057 51189 94015 9
5601 50718 94059 9
46273 48247 94161 9
110364 46477 94321 9
153498 46768 94429 9
58977 -4250 97433 9
124052 -5678 97596 9
25942 -53495 100590 9
-40810 -150166 106903 9
-66877 -188748 110078 9
7952 -192572 110265 9
116526 -198878 110537 9
-101641 -240200 113231 9
-64644 -240867 113324 9
-39980 -241322 113385 9
-276 -242412 113485 9
106411 -244306 113751 9
114010 -244584 113770 9
171029 -248641 113913 9
75888 -299388 116915 9
122327 -301330 117031 9
34823 -340327 120052 9
79550 -340618 120164 9
96022 -341665 120205 9
195942 -349972 120455 9
62983 -395743 123363 9
93893 -397224 123440 9
154754 -399756 123592 9
111048 -442446 126723 9
178655 -445490 126892 9
188812 -496747 130157 9
162751 -545952 133332 9
-17052 133097 175003 9
12690 131009 175077 9
136647 121583 175387 9
-64901 78319 178123 9
27028 77935 178353 9
117872 72369 178580 9
203452 68256 178794 9
277446 68660 178979 9
12701 26386 181557 9
152021 26207 181905 9
157071 26207 181918 9
24583 -21363 184827 9
52649 -23636 184897 9
-34555 -162362 194399 9
-73985 -214064 197540 9
-34562 -214509 197639 9
121901 -220649 198030 9
-127623 -260983 200646 9
-31225 -262248 200887 9
105188 -261558 201228 9
145763 -261980 201330 9
152730 -262083 201347 9
193618 -265303 201449 9
282821 -272883 201672 9
70263 -311055 204381 9
215661 -312820 204745 9
252733 -314532 204837 9
52137 -360382 207576 9
113763 -361055 207730 9
148017 -363088 207815 9
221341 -363204 207999 9
75364 -411442 210874 9
124500 -413199 210997 9
156309 -414786 211076 9
186584 -417301 211152 9
226161 -419511 211251 9
140371 -456043 214276 9
176688 -514416 217607 9
169774 -561373 220830 9
48014 198535 149 13
142894 193215 378 13
188876 190568 489 13
11759 158303 3284 13
28737 157897 3326 13
141061 155045 3607 13
166798 154122 3671 13
-59308 106565 6346 13
-51324 106261 6366 13
-6534 103869 6478 13
58084 99357 6640 13
140261 94284 6845 13
-52852 65270 9602 13
-10618 63254 9708 13
147152 55328 10102 13
180309 53203 10185 13
276517 50158 10426 13
26550 13827 13041 13
79150 11754 13172 13
100773 10121 13226 13
27973 -43099 16284 13
-17582 -138537 22650 13
-66877 -188748 25767 13
7952 -192572 25954 13
-73919 -232053 28990 13
-50081 -232582 29049 13
106411 -244306 29440 13
114010 -244584 29459 13
171029 -248641 29602 13
77786 -290749 32609 13
84838 -290781 32627 13
94108 -290836 32650 13
121312 -291101 32718 13
214277 -297447 32950 13
276753 -298716 33106 13
34823 -340327 35741 13
79550 -340618 35853 13
96022 -341665 35894 13
76206 -386168 39085 13
95090 -386458 39132 13
143605 -386409 39253 13
161023 -387388 39297 13
204273 -390668 39405 13
77138 -425555 42327 13
134756 -428180 42471 13
166582 -430055 42551 13
228860 -433134 42707 13
156740 -486800 45766 13
165430 -532968 49028 13
159134 -578397 52252 13
185070 -630826 55557 13
33613 180508 87578 13
128327 180196 87815 13
-26833 138070 90667 13
29325 137232 90808 13
104080 134990 90995 13
-68341 94332 93804 13
-12935 90506 93942 13
101288 88826 94228 13
186822 87798 94441 13
28484 44104 97286 13
113437 43218 97498 13
28804 -15126 100526 13
25942 -53495 103759 13
-40810 -150166 110072 13
-69833 -205142 113240 13
-3000 -209209 113407 13
132146 -211049 113745 13
-136599 -248952 116313 13
-83220 -249026 116446 13
-14622 -252051 116618 13
-4034 -252194 116644 13
119917 -251914 116954 13
75888 -299388 120084 13
122327 -301330 120200 13
211987 -306724 120424 13
242423 -307982 120500 13
52394 -352024 123265 13
103129 -354492 123392 13
149673 -355699 123509 13
227534 -357282 123703 13
248684 -358868 123756 13
62983 -395743 126532 13
93893 -397224 126609 13
154754 -399756 126761 13
111048 -442446 129892 13
178655 -445490 130061 13
155909 -503170 133244 13
162751 -545952 136501 13
180797 -647052 143026 13
20576 163414 175026 13
-50970 115778 178087 13
21783 112878 178274 13
113885 109650 178499 13
201981 109048 178719 13
-64901 78319 181292 13
12004 73203 181484 13
117872 72369 181749 13
203452 68256 181963 13
277365 68590 182148 13
12701 26386 184726 13
12022 -25980 187964 13
52653 -25812 188066 13
92720 -28927 188166 13
-34555 -162362 197568 13
-73985 -214064 200709 13
-34562 -214509 200808 13
121901 -220649 201199 13
-127623 -260983 203815 13
-31225 -262248 204056 13
101743 -270868 204389 13
183364 -271153 204593 13
266680 -275119 204801 13
36206 -319708 207465 13
90008 -323976 207599 13
127855 -324688 207694 13
188066 -325490 207845 13
44763 -365649 210726 13
94615 -368646 210851 13
100041 -368798 210865 13
133012 -368904 210947 13
75364 -411442 214043 13
124500 -413199 214166 13
156309 -414786 214245 13
217755 -414501 214399 13
144636 -469298 217456 13
199591 -473178 217593 13
158296 -520356 220730 13
151725 -566357 223954 13
156502 -566688 223966 13
70767 320499 142 17
125123 319604 275 17
175072 317790 396 17
223601 315518 514 17
33040 269179 3268 17
61633 267414 3340 17
99591 264821 3435 17
219287 260911 3734 17
60576 218852 6577 17
110468 216951 6702 17
131310 215580 6754 17
243732 210038 7035 17
33627 180518 9750 17
144484 176521 10027 17
175592 174374 10105 17
-26755 138112 12839 17
29325 137232 12979 17
104080 134990 13166 17
-64961 78470 15983 17
12004 73203 16176 17
117867 72311 16440 17
203452 68256 16654 17
12540 26319 19417 17
24583 -21363 22687 17
59871 -22326 22776 17
70803 -22810 22803 17
27508 -57651 25935 17
30612 -57791 25943 17
-39378 -151990 32247 17
-73945 -214174 35401 17
-34562 -214509 35499 17
121901 -220649 35891 17
-136599 -248952 38484 17
-14622 -252051 38789 17
-4034 -252194 38816 17
135386 -260350 39164 17
70263 -311055 42241 17
215661 -312820 42605 17
252501 -314498 42697 17
44763 -365649 45418 17
133012 -368904 45638 17
66043 -402064 48711 17
107022 -404874 48813 17
209455 -411425 49069 17
133401 -450225 52119 17
200046 -454847 52286 17
155864 -503139 55415 17
169774 -561373 58690 17
50234 314097 87551 17
74258 312998 87611 17
107441 310966 87694 17
135320 309716 87764 17
152351 308822 87807 17
176458 307236 87867 17
180935 307054 87878 17
222013 305819 87981 17
50970 261527 90793 17
66222 261386 90831 17
176656 254580 91107 17
182123 254327 91121 17
45322 203635 94019 17
75009 201728 94093 17
144255 199296 94266 17
184727 198402 94368 17
11759 158303 97175 17
28641 157927 97217 17
141061 155045 97498 17
166798 154122 97563 17
-50970 115778 100258 17
21795 112735 100440 17
113759 109593 100670 17
196232 104127 100876 17
-62697 75628 103469 17
9663 70909 103650 17
123261 67567 103934 17
183354 65517 104084 17
256167 61419 104266 17
278948 59925 104323 17
14707 18190 106903 17
65772 15622 107030 17
111990 12846 107146 17
12119 -26050 110136 17
58364 -26502 110252 17
-61534 -183547 119672 17
-73857 -231926 122881 17
-50159 -232705 122940 17
121859 -238862 123370 17
-113382 -267219 126022 17
101743 -270868 126560 17
195712 -273713 126795 17
36206 -319708 129636 17
127855 -324688 129865 17
188066 -325490 130016 17
44763 -365649 132898 17
94615 -368646 133022 17
100055 -368846 133036 17
133005 -369042 133118 17
77024 -425698 136218 17
134951 -428023 136363 17
166582 -430055 136442 17
228860 -433134 136598 17
144636 -469298 139627 17
199672 -473013 139765 17
158246 -520416 142901 17
151725 -566357 146125 17
156502 -566688 146137 17
184980 -630687 149461 17
37301 286924 174999 17
45231 286398 175019 17
85665 286151 175120 17
97674 285570 175150 17
137452 282813 175249 17
164890 281803 175318 17
52114 249266 178276 17
135665 246325 178485 17
167035 245305 178563 17
177518 245000 178590 17
212865 243754 178678 17
37956 191689 181481 17
129906 185563 181711 17
161621 183589 181790 17
-26811 138208 184601 17
29325 137232 184738 17
104080 134990 184920 17
-68341 94332 187695 17
-12935 90506 187833 17
101288 88826 188119 17
186877 87689 188333 17
-45462 53610 190992 17
5653 50953 191120 17
46190 48293 191221 17
110266 46437 191381 17
45395 6825 194459 17
26073 -53492 197651 17
-40810 -150166 203964 17
-66877 -188748 207139 17
7848 -192469 207325 17
116526 -198878 207597 17
-118167 -246273 210250 17
6458 -250061 210562 17
119804 -251931 210845 17
75837 -299532 213975 17
122206 -301374 214091 17
212155 -306647 214316 17
242457 -308110 214392 17
34891 -340235 217113 17
79642 -340667 217225 17
96157 -341475 217266 17
62983 -395743 220423 17
93778 -397129 220500 17
154605 -399727 220652 17
91038 -435403 223733 17
151597 -436290 223885 17
230931 -438752 224083 17
156740 -486800 227138 17
162632 -545891 230392 17
159756 -580723 233625 17
203607 -582457 233735 17
184992 -630927 236928 17
157298 26199 1106 21
40902 18931 1397 21
27805 18868 1430 21
14940 18258 1462 21
96909 -21744 4497 21
70899 -22854 4562 21
52649 -23636 4608 21
12119 -26050 4709 21
-22239 -183371 14515 21
-61402 -183513 14613 21
132146 -211049 17369 21
-10941 -217119 17727 21
-39490 -218986 17798 21
210604 -268244 20413 21
177334 -269087 20496 21
159010 -270073 20542 21
108691 -270671 20668 21
101743 -270868 20685 21
-274 -275325 20940 21
278182 -311408 23484 21
219522 -313342 23631 21
123696 -318787 23870 21
36206 -319708 24089 21
264594 -357015 26758 21
227534 -357282 26851 21
158639 -360327 27023 21
113763 -361055 27135 21
44904 -365620 27307 21
230540 -419041 30083 21
226196 -419348 30094 21
197031 -420992 30167 21
171747 -421104 30230 21
102322 -422149 30404 21
84526 -422754 30448 21
200155 -454919 33399 21
140578 -456137 33548 21
201682 -513649 36635 21
176688 -514416 36698 21
204578 -560613 39868 21
169774 -561373 39955 21
112227 12887 88699 21
79284 11766 88781 21
52525 -38111 92088 21
39692 -39017 92120 21
-17508 -138461 98743 21
7952 -192572 101920 21
-46836 -194413 102057 21
185301 -234456 104716 21
121859 -238862 104875 21
-276 -242412 105180 21
-60307 -242768 105330 21
-117898 -246404 105474 21
282885 -273029 107712 21
195712 -273713 107930 21
153697 -276144 108035 21
106885 -276807 108152 21
252650 -331674 111028 21
147463 -338574 111291 21
126077 -339296 111345 21
97828 -340807 111415 21
228087 -379912 114329 21
172200 -382984 114469 21
103315 -383334 114641 21
252231 -427110 117509 21
166582 -430055 117723 21
91038 -435403 117912 21
201684 -483622 120875 21
184540 -483861 120918 21
187745 -524107 124150 21
203717 -582356 127350 21
185070 -630826 130637 21
153706 32605 172835 21
119004 32381 172922 21
81284 31714 173016 21
139780 -11289 176110 21
47516 -12943 176341 21
30612 -57791 179623 21
-34555 -162362 186266 21
132146 -211049 189089 21
86 -212354 189419 21
-34367 -214676 189506 21
-61899 -215765 189574 21
191291 -258005 192181 21
157802 -259148 192265 21
135386 -260350 192321 21
105309 -261645 192396 21
-31225 -262248 192738 21
-113241 -267478 192943 21
276960 -298701 195207 21
122327 -301330 195594 21
99353 -302416 195651 21
253305 -339710 198506 21
168561 -340735 198718 21
118134 -341358 198844 21
240956 -398797 201777 21
173058 -402408 201947 21
150330 -402983 202004 21
125445 -404273 202066 21
107076 -404978 202112 21
230931 -438752 205042 21
163355 -440118 205211 21
111048 -442446 205342 21
188967 -496739 208387 21
199353 -549125 211601 21
203717 -582356 214830 21
178113 -584189 214894 21
185070 -630826 218117 21
207726 551934 1254 2
157376 548308 1380 2
208877 503819 4491 2
-5893 493775 5028 2
-57504 492268 5157 2
228593 450235 7682 2
204299 449796 7743 2
152861 446054 7871 2
106245 443264 7988 2
245953 401897 10879 2
189660 398008 11019 2
149298 396710 11120 2
131037 395980 11166 2
102961 394272 11236 2
59625 393718 11345 2
286508 356123 14017 2
201380 351750 14230 2
124141 349344 14423 2
82184 347836 14528 2
63747 346898 14574 2
222177 305871 17418 2
177346 304839 17530 2
175786 304753 17534 2
146070 304246 17608 2
121733 304149 17669 2
66637 303226 17807 2
219287 260911 20665 2
178468 258810 20767 2
119818 256190 20914 2
100525 254816 20962 2
93320 254695 20980 2
64117 254448 21053 2
59721 254335 21064 2
243870 209974 23844 2
156963 204324 24061 2
91422 201673 24225 2
75093 201505 24266 2
175705 155236 27254 2
148080 153386 27323 2
60908 152869 27541 2
25471 150977 27630 2
202080 109287 30428 2
40464 107715 30832 2
-33889 103809 31018 2
277446 68660 33480 2
183325 65447 33715 2
16934 53286 34131 2
-12057 51189 34204 2
112058 12948 37133 2
79258 11767 37215 2
52525 -38111 40522 2
39692 -39017 40554 2
-17526 -138533 47177 2
7848 -192469 50354 2
-46836 -194413 50491 2
185291 -234412 53150 2
-6721 -238358 53630 2
-64644 -240867 53775 2
282880 -272942 56146 2
153697 -276144 56469 2
189487 -331101 59620 2
75399 -333716 59905 2
181397 -374559 62880 2
110865 -376928 63056 2
230473 -418976 65997 2
226174 -419265 66008 2
196937 -421066 66081 2
171747 -421104 66144 2
77138 -425555 66381 2
199672 -473013 69314 2
187745 -524107 72584 2
202930 -572967 75786 2
213711 536318 88719 2
189309 534924 88780 2
-41811 524955 89358 2
181588 483761 92040 2
77877 482678 92299 2
-24325 478260 92554 2
216862 438609 95191 2
199330 437640 95235 2
159289 435082 95335 2
113718 431702 95449 2
79649 429888 95535 2
-61406 425623 95887 2
238532 386734 98377 2
204087 385875 98463 2
125278 383359 98660 2
100104 382650 98723 2
59495 382582 98825 2
32474 381789 98892 2
283275 338604 101505 2
131449 336877 101885 2
54458 331815 102077 2
200463 290063 104952 2
154199 286629 105068 2
97674 285570 105209 2
212865 243754 108161 2
61086 239032 108541 2
222913 192213 111376 2
188876 190568 111461 2
155841 189293 111544 2
64592 185882 111772 2
187381 139401 114705 2
117304 137280 114880 2
29325 137232 115100 2
201408 97480 117910 2
140261 94284 118063 2
-12688 90407 118445 2
276517 50158 120962 2
153671 46721 121269 2
110364 46477 121378 2
124163 -5705 124583 2
48498 -9885 124772 2
30612 -57791 128057 2
116526 -198878 137562 2
-16230 -201753 137894 2
-68318 -204536 138024 2
186549 -247255 140627 2
119917 -251914 140794 2
5359 -253385 141080 2
-104228 -257469 141354 2
269326 -290990 143660 2
188415 -296655 143863 2
122327 -301330 144028 2
99353 -302416 144085 2
253268 -339708 146940 2
168561 -340735 147152 2
108066 -344698 147303 2
212551 -390424 150282 2
204478 -390678 150302 2
139691 -395477 150464 2
93893 -397224 150579 2
230931 -438752 153476 2
163278 -439980 153645 2
111048 -442446 153776 2
156862 -486689 156901 2
193752 -537292 160049 2
183914 -537730 160074 2
171399 -537784 160105 2
203717 -582356 163264 2
178113 -584189 163328 2
210332 562825 172968 2
172113 512170 176303 2
103385 510431 176475 2
-51077 502823 176861 2
198218 469048 179478 2
94202 461701 179738 2
-34711 457221 180060 2
224089 422283 182653 2
156869 419049 182821 2
125400 417251 182900 2
71334 417139 183035 2
258499 370753 185807 2
192924 366199 185971 2
104876 363416 186191 2
56149 361151 186313 2
5284 359466 186440 2
221355 318984 189140 2
175281 317781 189255 2
135674 314930 189354 2
108868 314420 189421 2
74296 312980 189508 2
214632 272467 192397 2
176511 269642 192492 2
128063 266205 192613 2
118609 265917 192637 2
99677 264757 192684 2
243623 221060 195583 2
133910 218837 195849 2
117170 218694 195890 2
62162 218074 196024 2
178058 173039 198968 2
102276 168042 199158 2
195365 122414 202165 2
136871 121651 202311 2
91013 120840 202426 2
45726 117466 202539 2
-50970 115778 202781 2
196432 76952 205403 2
127978 72637 205574 2
118073 72225 205598 2
9663 70909 205869 2
-53532 67900 206027 2
157263 26143 208740 2
27874 19110 209064 2
14706 18383 209097 2
96909 -21744 212131 2
70899 -22854 212196 2
52649 -23636 212242 2
12119 -26050 212343 2
-30290 -172225 222169 2
122111 -220449 225028 2
200482 -260062 228072 2
152730 -262083 228192 2
278182 -311408 231118 2
219522 -313342 231265 2
108151 -315100 231543 2
85312 -316642 231600 2
36206 -319708 231723 2
264594 -357015 234392 2
227534 -357282 234485 2
158639 -360327 234657 2
113763 -361055 234769 2
44904 -365620 234941 2
209635 -411550 237770 2
157668 -412028 237899 2
124500 -413199 237982 2
200155 -454919 241033 2
140578 -456137 241182 2
194918 -508837 244286 2
179036 -508872 244326 2
199285 -555032 247515 2
224089 422283 1140 6
199989 420342 1200 6
156817 419091 1308 6
125200 417459 1387 6
71187 417247 1522 6
-52089 416447 1830 6
251958 374165 4310 6
230176 373169 4365 6
163525 371124 4531 6
104838 367936 4679 6
44012 366000 4830 6
283252 338721 7472 6
91114 325296 7952 6
201592 281920 10916 6
165282 282011 11007 6
142403 281492 11064 6
114530 279230 11134 6
93519 279172 11186 6
249121 235125 14037 6
142725 234265 14303 6
101308 231185 14407 6
222913 192213 17343 6
189097 190538 17427 6
155628 189366 17511 6
64766 185782 17738 6
187381 139401 20672 6
117178 137281 20847 6
12793 130911 21108 6
-9211 130370 21163 6
186877 87689 23913 6
141147 85109 24027 6
120936 83675 24078 6
27100 77966 24312 6
-62697 75628 24537 6
153915 32471 27235 6
119106 32479 27322 6
81200 31649 27417 6
12701 26386 27588 6
139780 -11289 30511 6
47516 -12943 30741 6
30709 -57823 34023 6
-34484 -162401 40666 6
132146 -211049 43490 6
1681 -210406 43816 6
-29293 -211889 43893 6
-73945 -214174 44005 6
200482 -260062 46559 6
152694 -261967 46678 6
145898 -261994 46695 6
105279 -261728 46797 6
-31225 -262248 47138 6
-113241 -267478 47343 6
276753 -298716 49608 6
122327 -301330 49994 6
99353 -302416 50052 6
195942 -349972 53050 6
151931 -349889 53160 6
64391 -356917 53379 6
55957 -357327 53400 6
240715 -398760 56178 6
173107 -402408 56347 6
150330 -402983 56404 6
125549 -404275 56466 6
107160 -405031 56512 6
230721 -438769 59443 6
125212 -447447 59707 6
188826 -496765 62788 6
199246 -549104 66002 6
180797 -647052 72528 6
226075 408383 88615 6
157641 407288 88786 6
88314 404549 88959 6
69964 404321 89005 6
-16482 403886 89221 6
258499 370753 91774 6
192826 366235 91938 6
120832 366538 92118 6
55984 361309 92280 6
5243 359555 92407 6
223725 315328 95101 6
142884 312916 95303 6
128043 312198 95340 6
107543 310900 95391 6
78692 308579 95463 6
219287 260911 98352 6
178468 258810 98454 6
119818 256190 98601 6
100510 254755 98649 6
93320 254695 98667 6
64001 254287 98740 6
59661 254302 98751 6
243642 220886 101531 6
152297 213756 101759 6
91987 209494 101910 6
178058 173039 104935 6
102346 168089 105124 6
20699 163459 105328 6
195421 122250 108132 6
136735 121732 108278 6
91013 120840 108393 6
45726 117466 108506 6
-50868 115717 108747 6
277560 68706 111166 6
203594 68166 111351 6
132779 65354 111528 6
53493 64958 111726 6
-10618 63254 111887 6
157092 26311 114707 6
152021 26207 114720 6
40902 18931 114998 6
27909 18851 115030 6
14707 18190 115063 6
92764 -29185 118108 6
50517 -30162 118214 6
-17582 -138537 124864 6
-22239 -183371 128116 6
-61534 -183547 128214 6
125538 -221420 130986 6
19301 -226735 131252 6
-39660 -231335 131399 6
-61222 -231435 131453 6
-73919 -232053 131485 6
282880 -272942 133833 6
195712 -273713 134051 6
153644 -276381 134156 6
114829 -279497 134253 6
278355 -311377 137084 6
219522 -313342 137231 6
123576 -318732 137471 6
36206 -319708 137690 6
264594 -357015 140359 6
157107 -361828 140627 6
126716 -363982 140703 6
83722 -364545 140811 6
44763 -365649 140908 6
230326 -419141 143684 6
226358 -419390 143694 6
196937 -421066 143768 6
171757 -420990 143831 6
102322 -422149 144004 6
84700 -422546 144048 6
189949 -467833 147025 6
167944 -468791 147080 6
144832 -469200 147138 6
201642 -511122 150236 6
195140 -511129 150252 6
204704 -560486 153468 6
169774 -561373 153556 6
228593 450235 172849 6
204299 449796 172909 6
152861 446054 173038 6
106245 443264 173155 6
245953 401897 176045 6
189660 398008 176186 6
149298 396710 176287 6
131126 396038 176332 6
103183 394294 176402 6
75496 392491 176471 6
286508 356123 179184 6
201380 351750 179397 6
189731 351830 179426 6
124039 349441 179590 6
82309 347826 179694 6
63894 347004 179740 6
222013 305819 182585 6
135918 301066 182800 6
100304 300758 182889 6
212865 243754 185848 6
159771 243980 185981 6
147133 243106 186012 6
61182 239077 186227 6
234703 205176 189033 6
169526 202121 189196 6
145635 200583 189256 6
76713 199303 189428 6
48014 198535 189500 6
175654 155246 192421 6
148080 153386 192490 6
60837 152799 192708 6
25511 150983 192796 6
201981 109048 195595 6
135508 103824 195761 6
58084 99357 195955 6
29296 97796 196027 6
-52897 96485 196232 6
278948 59925 198643 6
263953 59571 198680 6
184313 53989 198879 6
150301 53377 198964 6
67496 48750 199171 6
46342 48265 199224 6
100767 9949 202328 6
74057 8849 202395 6
45492 6756 202466 6
47177 -41972 205702 6
27973 -43099 205750 6
-39249 -151955 212398 6
116603 -198712 215256 6
783 -198287 215541 6
185301 -234456 218317 6
131710 -238617 218451 6
121941 -238872 218475 6
-100 -242403 218780 6
-40409 -245631 218881 6
-83124 -249136 218988 6
-136446 -249088 219121 6
281526 -282132 221316 6
121499 -291109 221716 6
89592 -292431 221796 6
252650 -331674 224629 6
147625 -338438 224891 6
126077 -339296 224945 6
97899 -340744 225015 6
79642 -340667 225061 6
34961 -340391 225173 6
227925 -379854 227930 6
172319 -383078 228069 6
116692 -382848 228208 6
103242 -383350 228242 6
252297 -427233 231109 6
166699 -430054 231323 6
91093 -435447 231512 6
201567 -483551 234476 6
184540 -483861 234519 6
187945 -524001 237750 6
203607 -582457 240951 6
177978 -584290 241015 6
168851 -584329 241038 6
185098 -630890 244237 6
54994 242357 229 10
149428 237211 457 10
249121 235125 702 10
37956 191689 3414 10
129063 185137 3642 10
161621 183589 3723 10
-26833 138070 6492 10
29325 137232 6633 10
104080 134990 6820 10
-68341 94332 9629 10
-12935 90506 9767 10
101288 88826 10053 10
186822 87798 10266 10
-45462 53610 12926 10
-12057 51189 13009 10
5601 50718 13053 10
46273 48247 13155 10
110364 46477 13315 10
153483 46654 13423 10
46809 -8880 16396 10
96754 -9340 16521 10
139780 -11289 16629 10
25942 -53495 19584 10
-40810 -150166 25897 10
-66877 -188748 29072 10
7952 -192572 29259 10
116526 -198878 29531 10
-118167 -246273 32184 10
-19226 -246122 32431 10
119917 -251914 32779 10
75888 -299388 35909 10
122327 -301330 36025 10
211987 -306724 36249 10
242372 -308087 36325 10
34775 -340360 39046 10
79550 -340618 39158 10
96022 -341665 39199 10
62983 -395743 42357 10
93893 -397224 42434 10
154754 -399756 42586 10
91038 -435403 45667 10
163278 -439980 45848 10
221955 -441603 45994 10
156740 -486800 49071 10
162751 -545952 52326 10
168851 -584329 55582 10
177978 -584290 55605 10
180797 -647052 58851 10
60375 218786 87710 10
110422 216899 87835 10
131222 215576 87887 10
162819 213153 87966 10
243870 209974 88169 10
33613 180508 90883 10
144313 176411 91160 10
175583 174320 91238 10
-17052 133097 93997 10
12690 131009 94071 10
136647 121583 94381 10
-64901 78319 97117 10
12004 73203 97309 10
117872 72369 97574 10
203452 68256 97788 10
277365 68590 97973 10
12701 26386 100551 10
152021 26207 100899 10
157164 26208 100912 10
12119 -25840 103810 10
52637 -26008 103909 10
-34555 -162362 113393 10
-73985 -214064 116534 10
-34562 -214509 116633 10
121901 -220649 117024 10
-136599 -248952 119618 10
-14686 -252213 119923 10
5359 -253385 119973 10
135386 -260350 120298 10
152711 -260316 120341 10
70263 -311055 123375 10
215661 -312820 123739 10
252733 -314532 123831 10
44763 -365649 126551 10
94615 -368646 126676 10
100041 -368798 126690 10
133012 -368904 126772 10
66043 -402064 129845 10
107076 -404978 129947 10
209561 -411567 130203 10
140371 -456043 133270 10
155909 -503170 136549 10
169774 -561373 139824 10
45322 203635 175153 10
75009 201728 175227 10
91190 201759 175267 10
144255 199296 175400 10
184727 198402 175501 10
212320 198365 175570 10
11759 158303 178309 10
28737 157897 178351 10
141061 155045 178632 10
166798 154122 178696 10
-59091 106612 181380 10
-51344 106350 181399 10
135425 103844 181858 10
196335 104126 182010 10
-53603 67907 184625 10
-5681 66601 184745 10
875 66288 184762 10
29125 66346 184832 10
39073 66171 184857 10
132656 65268 185091 10
256304 61399 185400 10
278948 59925 185457 10
14707 18190 188036 10
65608 15632 188163 10
111990 12846 188279 10
34490 -37922 191326 10
52304 -37968 191370 10
-17619 -138319 197709 10
-61607 -183501 200805 10
-22402 -183339 200903 10
-73919 -232053 204015 10
-50081 -232582 204074 10
112681 -239974 204486 10
134593 -240735 204539 10
-113241 -267478 207156 10
-390 -275387 207438 10
106810 -277001 207706 10
255798 -285216 208079 10
36206 -319708 210770 10
90008 -323976 210904 10
127855 -324688 210999 10
188066 -325490 211150 10
51556 -374402 214048 10
95950 -374875 214159 10
181217 -374505 214372 10
77138 -425555 217352 10
134756 -428180 217496 10
166582 -430055 217576 10
228860 -433134 217732 10
144636 -469298 220761 10
199591 -473178 220898 10
158296 -520356 224035 10
151725 -566357 227259 10
156502 -566688 227271 10
185070 -630826 230582 10
93443 279018 259 14
214632 272467 555 14
54913 242283 3386 14
149428 237211 3623 14
249116 235046 3872 14
33627 180518 6573 14
144484 176521 6850 14
175563 174469 6928 14
-26755 138112 9662 14
29325 137232 9802 14
104080 134990 9989 14
-68341 94332 12798 14
-12845 90594 12937 14
101288 88826 13222 14
186877 87689 13436 14
28484 44104 16280 14
113437 43218 16493 14
28804 -15126 19521 14
26073 -53492 22754 14
-40810 -150166 29067 14
-69876 -205087 32234 14
-3000 -209209 32402 14
132119 -210978 32739 14
-136599 -248952 35308 14
-14662 -252064 35612 14
-3995 -252190 35639 14
135386 -260350 35988 14
70107 -311182 39064 14
215661 -312820 39428 14
252501 -314498 39520 14
34891 -340235 42216 14
108066 -344698 42399 14
195942 -349972 42619 14
62983 -395743 45527 14
93893 -397224 45604 14
154754 -399756 45756 14
111048 -442446 48887 14
178491 -445600 49055 14
155909 -503170 52239 14
162751 -545952 55496 14
180797 -647052 62021 14
33040 269179 87572 14
61633 267414 87643 14
99544 264866 87738 14
203848 259442 87999 14
60439 218805 90880 14
110468 216951 91005 14
131310 215580 91057 14
243732 210038 91338 14
20537 163370 94020 14
166798 154122 94386 14
-51061 115827 97081 14
21705 112840 97263 14
113739 109643 97493 14
-64749 78392 100287 14
11950 73260 100479 14
117872 72369 100744 14
203452 68256 100958 14
12511 26403 103720 14
12119 -26050 106959 14
58364 -26502 107075 14
-34693 -162430 116562 14
-73945 -214174 119704 14
-34367 -214676 119803 14
121901 -220649 120194 14
-127465 -260917 122810 14
-31225 -262248 123051 14
101678 -270844 123383 14
195712 -273713 123618 14
266680 -275119 123796 14
36071 -319472 126459 14
127855 -324688 126689 14
188066 -325490 126839 14
44763 -365649 129721 14
94539 -368768 129845 14
100055 -368846 129859 14
159643 -371813 130008 14
75296 -411303 133037 14
124500 -413199 133160 14
156137 -414743 133239 14
226196 -419348 133415 14
144636 -469298 136451 14
199672 -473013 136589 14
158296 -520356 139725 14
151725 -566357 142948 14
156485 -566656 142960 14
52114 249266 175099 14
133142 247930 175302 14
168497 247227 175390 14
37956 191689 178304 14
155628 189366 178598 14
181296 188524 178662 14
11759 158303 181479 14
28513 157915 181520 14
141061 155045 181802 14
166798 154122 181866 14
-59308 106565 184541 14
-51324 106261 184561 14
-6534 103869 184673 14
140261 94284 185040 14
-53603 67907 187795 14
797 66094 187931 14
166782 55705 188346 14
276517 50158 188620 14
26550 13827 191236 14
79150 11754 191367 14
27973 -43099 194479 14
-17582 -138537 200845 14
-66877 -188748 203962 14
7952 -192572 204149 14
116526 -198878 204420 14
-101549 -240086 207115 14
-64691 -240907 207207 14
-39980 -241322 207269 14
-276 -242412 207368 14
106488 -244452 207635 14
114046 -244640 207654 14
173215 -246922 207802 14
186509 -247380 207835 14
-274 -275325 210608 14
114761 -279666 210896 14
255704 -285073 211248 14
34891 -340235 213936 14
79642 -340667 214048 14
96022 -341665 214089 14
51637 -374290 217218 14
95950 -374875 217329 14
227925 -379854 217659 14
77138 -425555 220522 14
134756 -428180 220666 14
166582 -430055 220746 14
228860 -433134 220901 14
156740 -486800 223961 14
165338 -532926 227222 14
159134 -578397 230447 14
184865 -630928 233751 14
162739 517973 363 18
-60311 486652 3041 18
150200 472808 3567 18
198194 469235 3687 18
-61328 425897 6284 18
69045 421595 6604 18
119808 419247 6731 18
156817 419091 6824 18
200937 416213 6934 18
-6517 383829 9656 18
32383 381759 9753 18
89348 378071 9895 18
132929 378059 10004 18
155380 376856 10060 18
230176 373169 10247 18
46973 330144 13029 18
172553 328767 13343 18
37301 286924 16245 18
45231 286398 16265 18
85741 286262 16366 18
97674 285570 16396 18
137405 282721 16495 18
164890 281803 16564 18
61021 239076 19544 18
142620 234227 19748 18
33627 180518 22716 18
128219 180325 22952 18
-26755 138112 25805 18
29325 137232 25945 18
104080 134990 26132 18
-68341 94332 28941 18
-12935 90506 29080 18
101288 88826 29365 18
186877 87689 29579 18
28484 44104 32423 18
113437 43218 32635 18
28739 -15041 35680 18
26073 -53492 38897 18
-40810 -150166 45210 18
-69833 -205142 48377 18
132146 -211049 48882 18
-136599 -248952 51450 18
-83124 -249136 51584 18
-14622 -252051 51755 18
-4034 -252194 51782 18
135386 -260350 52130 18
152748 -260438 52174 18
75837 -299532 55221 18
122206 -301374 55337 18
212155 -306647 55562 18
242457 -308110 55638 18
52394 -352024 58403 18
103017 -354562 58529 18
149673 -355699 58646 18
227399 -357393 58840 18
248684 -358868 58894 18
62983 -395743 61669 18
93778 -397129 61746 18
154605 -399727 61898 18
111037 -442582 65029 18
178612 -445497 65198 18
155845 -503138 68381 18
162632 -545891 71638 18
180797 -647052 78164 18
-74303 513364 87246 18
-30169 512286 87356 18
103385 510431 87690 18
151591 507904 87811 18
202469 504380 87938 18
-62973 465696 90514 18
-49002 465685 90549 18
77186 456284 90865 18
99766 455673 90921 18
157793 455103 91066 18
222499 451149 91228 18
-61410 414685 93758 18
47765 409706 94031 18
64621 408958 94073 18
69802 408890 94086 18
83189 408074 94120 18
152710 402882 94294 18
229347 399880 94485 18
5043 359695 97164 18
95980 355325 97392 18
168194 352642 97572 18
189626 351846 97626 18
201380 351750 97655 18
50234 314097 100517 18
74245 312981 100577 18
107441 310966 100660 18
135320 309716 100730 18
152351 308822 100773 18
176458 307236 100833 18
180935 307054 100844 18
222013 305819 100947 18
33040 269179 103714 18
61633 267414 103786 18
99591 264821 103881 18
178389 258952 104078 18
207816 258135 104151 18
60576 218852 107023 18
110468 216951 107148 18
131310 215580 107200 18
243732 210038 107481 18
20723 163575 110172 18
-45515 121513 113238 18
41605 118502 113456 18
168643 113811 113773 18
-64961 78470 116429 18
12004 73203 116622 18
117838 72198 116886 18
203409 68218 117100 18
12540 26319 119863 18
12119 -26050 123102 18
58364 -26502 123218 18
92787 -29068 123304 18
-34555 -162362 132705 18
-73945 -214174 135847 18
-34562 -214509 135945 18
121901 -220649 136337 18
-127465 -260917 138953 18
-31371 -262145 139193 18
101743 -270868 139526 18
183364 -271153 139730 18
266680 -275119 139939 18
36206 -319708 142602 18
127855 -324688 142832 18
188066 -325490 142982 18
44763 -365649 145864 18
94615 -368646 145988 18
100041 -368798 146002 18
133012 -368904 146084 18
75364 -411442 149180 18
124500 -413199 149303 18
156137 -414743 149382 18
226161 -419511 149557 18
144636 -469298 152593 18
199591 -473178 152731 18
158224 -520283 155867 18
151725 -566357 159091 18
156502 -566688 159103 18
-71837 493120 174732 18
-57504 492268 174768 18
105278 490794 175175 18
120751 490433 175214 18
140317 489997 175263 18
-63437 449516 177993 18
106245 443264 178417 18
199330 437640 178650 18
-16573 403835 181350 18
131037 395980 181719 18
170125 394046 181817 18
172475 393949 181823 18
218906 390625 181939 18
38820 341222 184729 18
127250 338321 184950 18
66637 303226 188038 18
100206 300890 188122 18
127721 300152 188191 18
196192 297460 188362 18
204456 297156 188383 18
205250 297108 188385 18
52114 249266 191242 18
133142 247930 191445 18
167092 245399 191530 18
177518 245000 191556 18
212865 243754 191644 18
45322 203635 194465 18
75009 201728 194539 18
91197 201673 194580 18
144189 199344 194712 18
184727 198402 194814 18
212184 198310 194882 18
11759 158303 197621 18
28641 157927 197663 18
141061 155045 197945 18
166798 154122 198009 18
-59308 106565 200684 18
-51324 106261 200704 18
-6586 103749 200815 18
58084 99357 200977 18
140171 94364 201186 18
-52632 65219 203940 18
-10618 63254 204045 18
147032 55321 204439 18
180125 53078 204522 18
276517 50158 204763 18
26550 13827 207378 18
79150 11754 207510 18
100797 10140 207564 18
27973 -43099 210622 18
-17582 -138537 216988 18
-66877 -188748 220105 18
-73919 -232053 223327 18
-50159 -232705 223386 18
106488 -244452 223778 18
114046 -244640 223797 18
173215 -246922 223945 18
186549 -247255 223978 18
77786 -290749 226946 18
84870 -290807 226964 18
94108 -290836 226987 18
121312 -291101 227055 18
276753 -298716 227444 18
75399 -333716 230180 18
99437 -335218 230240 18
110804 -335823 230269 18
147463 -338574 230361 18
167833 -339373 230411 18
253268 -339708 230625 18
76206 -386168 233422 18
95010 -386248 233469 18
143729 -386489 233591 18
161023 -387388 233634 18
204277 -390600 233743 18
77024 -425698 236664 18
134951 -428023 236809 18
166582 -430055 236888 18
228860 -433134 237044 18
156740 -486800 240104 18
165430 -532968 243365 18
159011 -578471 246589 18
184992 -630927 249894 18
69883 404446 75 22
152710 402882 278 22
225115 398860 455 22
5043 359695 3144 22
95980 355325 3371 22
168278 352614 3552 22
189626 351846 3605 22
201291 351740 3634 22
243252 349336 3739 22
58347 309660 6517 22
78692 308579 6568 22
89096 308430 6594 22
175683 304804 6810 22
50970 261527 9739 22
66288 261392 9777 22
176826 254624 10053 22
182039 254322 10066 22
82978 206948 13059 22
156010 206086 13241 22
230991 202566 13429 22
11860 158497 16138 22
28737 157897 16179 22
141061 155045 16453 22
166798 154122 16516 22
-51115 115869 19203 22
21705 112840 19385 22
113885 109650 19616 22
196335 104126 19822 22
-53603 67907 22437 22
-5910 66839 22556 22
29160 66406 22644 22
39073 66171 22669 22
132656 65268 22903 22
263872 59537 23231 22
14707 18190 25848 22
65608 15632 25975 22
111990 12846 26091 22
50388 -30249 29177 22
-30356 -172292 38695 22
-40083 -220140 41911 22
122813 -225561 42318 22
-113241 -267478 44968 22
104035 -274679 45511 22
153644 -276381 45635 22
281411 -281964 45955 22
36071 -319472 48581 22
127855 -324688 48811 22
188066 -325490 48961 22
51637 -374290 51860 22
95950 -374875 51971 22
227925 -379854 52301 22
77138 -425555 55164 22
134756 -428180 55308 22
166582 -430055 55388 22
144636 -469298 58573 22
199672 -473013 58711 22
158296 -520356 61847 22
156480 -566876 65082 22
71739 383349 87551 22
100104 382650 87621 22
204874 379962 87883 22
38820 341222 90708 22
112375 337507 90892 22
131449 336877 90940 22
68439 293806 94022 22
82292 293082 94057 22
200463 290063 94352 22
54893 242465 97228 22
149428 237211 97465 22
249121 235125 97714 22
37956 191689 100426 22
155628 189366 100720 22
181296 188524 100784 22
44905 143222 103683 22
86261 142539 103787 22
170140 136978 103997 22
-54458 96608 106675 22
37474 93829 106905 22
119476 91440 107110 22
186877 87689 107278 22
-45462 53610 109938 22
5653 50953 110065 22
46273 48247 110167 22
110364 46477 110327 22
58977 -4250 113439 22
124052 -5678 113601 22
28892 -47561 116603 22
-66877 -188748 126084 22
7952 -192572 126271 22
116502 -198772 126542 22
-101549 -240086 129237 22
-64696 -240847 129329 22
-39980 -241322 129391 22
-319 -242339 129490 22
106488 -244452 129757 22
114046 -244640 129776 22
173215 -246922 129924 22
186457 -247168 129957 22
77786 -290749 132926 22
85036 -290821 132944 22
121499 -291109 133035 22
276753 -298716 133423 22
34891 -340235 136058 22
79642 -340667 136170 22
96022 -341665 136211 22
76206 -386168 139402 22
95090 -386458 139449 22
204273 -390668 139722 22
90892 -435423 142678 22
163278 -439980 142859 22
222069 -441599 143006 22
156740 -486800 146083 22
171218 -537778 149359 22
168851 -584329 152593 22
23683 373531 174910 22
41690 372889 174955 22
80479 371991 175052 22
163367 371264 175260 22
203151 370942 175359 22
50273 326708 178217 22
91114 325296 178319 22
221284 318981 178644 22
73704 269870 181515 22
96998 221326 184814 22
121242 219861 184874 22
33627 180518 187895 22
144484 176521 188172 22
175563 174469 188250 22
-17052 133097 191009 22
66174 131621 191217 22
-34563 84268 194205 22
182851 74397 194748 22
277446 68660 194985 22
75285 29330 197719 22
130047 27817 197856 22
151928 26449 197911 22
157071 26207 197924 22
28804 -15126 200843 22
-34555 -162362 210405 22
-69499 -206941 213557 22
-50409 -207797 213605 22
-3000 -209209 213724 22
132099 -210933 214061 22
-136599 -248952 216630 22
-4784 -256843 216959 22
105188 -261558 217234 22
145702 -261981 217335 22
152503 -262046 217352 22
70099 -311038 220386 22
215661 -312820 220750 22
252501 -314498 220842 22
52048 -360246 223581 22
113674 -361034 223735 22
148040 -363039 223821 22
66043 -402064 226856 22
107161 -404836 226959 22
209635 -411550 227215 22
140480 -456170 230282 22
155909 -503170 233561 22
172485 -559445 236842 22
204488 -560337 236922 22
58977 -4250 299 3
124052 -5678 458 3
194486 628835 1281 3
167681 627752 1348 3
28980 -47537 3460 3
195678 575747 4518 3
207164 531584 7730 3
190906 530766 7770 3
163874 529890 7838 3
-31909 516537 8327 3
178280 479110 11042 3
-38592 467821 11584 3
-66881 -188708 12940 3
7848 -192469 13127 3
116526 -198878 13399 3
151934 430116 14348 3
125397 430202 14414 3
79649 429888 14529 3
-101688 -240188 16093 3
-64644 -240867 16186 3
-39980 -241322 16248 3
-276 -242412 16347 3
106488 -244452 16614 3
114046 -244640 16633 3
171029 -248641 16775 3
238532 386734 17380 3
204087 385875 17463 3
89348 378071 17744 3
27386 377994 17899 3
77786 -290749 19782 3
84838 -290781 19800 3
94108 -290836 19823 3
188238 -296622 20058 3
214277 -297447 20123 3
276753 -298716 20280 3
54392 331971 21073 3
34891 -340235 22915 3
79470 -340669 23026 3
96157 -341475 23068 3
118242 -341386 23123 3
201632 282077 23958 3
164926 281758 24047 3
142572 281434 24101 3
114530 279230 24171 3
93603 279064 24222 3
105818 -394826 26332 3
139514 -395538 26416 3
161961 -396803 26473 3
240715 -398760 26669 3
149428 237211 27320 3
67763 232323 27518 3
111048 -442446 29585 3
178655 -445490 29754 3
222913 192213 30377 3
188876 190568 30459 3
155628 189366 30539 3
64592 185882 30766 3
187381 139401 33699 3
117304 137280 33874 3
12690 131009 34136 3
-9329 130364 34191 3
171218 -537778 36216 3
183792 -537761 36247 3
186830 87805 36964 3
22613 84888 37360 3
-34400 84232 37498 3
121702 36558 40343 3
139780 -11289 43538 3
47516 -12943 43769 3
30612 -57791 47051 3
-34555 -162362 53694 3
1681 -210406 56843 3
-29413 -211973 56921 3
-73985 -214064 57033 3
186549 -247255 59621 3
119917 -251914 59788 3
5359 -253385 60074 3
-104228 -257469 60348 3
276805 -298570 62667 3
122336 -301372 63039 3
99353 -302416 63095 3
195753 -349759 66079 3
151843 -349822 66188 3
64006 -351698 66408 3
52548 -351913 66436 3
205688 -396443 69293 3
162101 -396898 69402 3
106534 -400678 69541 3
66101 -402297 69642 3
224390 -442484 72487 3
187048 -442889 72580 3
125387 -447371 72734 3
193852 -543539 79043 3
29004 -15099 87700 3
210332 562825 91962 3
-58923 548746 92635 3
195762 510378 95238 3
173786 508706 95293 3
151591 507904 95349 3
-51077 502823 95855 3
-34555 -162362 97261 3
161066 464082 98565 3
131158 463108 98640 3
118142 462511 98672 3
94202 461701 98732 3
-34711 457221 99054 3
-69833 -205142 100413 3
-3000 -209209 100580 3
218093 413787 101662 3
208533 413162 101686 3
138502 411123 101861 3
83323 407985 101999 3
545 405850 102206 3
-104228 -257469 103581 3
3129 -258591 103841 3
105188 -261558 104091 3
145763 -261980 104192 3
152601 -261991 104209 3
193588 -265211 104312 3
258499 370753 104815 3
193029 366449 104974 3
120903 366452 105151 3
55984 361309 105313 3
5243 359555 105435 3
70263 -311055 107243 3
215661 -312820 107607 3
252501 -314498 107699 3
221154 319077 108161 3
175072 317790 108272 3
135504 314977 108369 3
108784 314502 108434 3
74296 312980 108517 3
52137 -360382 110438 3
113763 -361055 110592 3
147917 -362917 110677 3
221341 -363204 110861 3
214632 272467 111403 3
176511 269642 111497 3
128063 266205 111616 3
118609 265917 111639 3
99591 264821 111685 3
51143 261692 111803 3
107076 -404978 113815 3
209455 -411425 114071 3
243776 220995 114582 3
133910 218837 114847 3
117088 218776 114888 3
62162 218074 115021 3
140578 -456137 117139 3
178058 173039 117964 3
102276 168042 118152 3
20576 163414 118356 3
179036 -508872 120475 3
194817 -508975 120515 3
195365 122414 121169 3
136647 121583 121311 3
91013 120840 121421 3
45726 117466 121533 3
-50970 115778 121775 3
172485 -559445 123708 3
204578 -560613 123785 3
196432 76952 124397 3
127978 72637 124568 3
117872 72369 124593 3
39284 66113 124789 3
824 66239 124886 3
-31121 65316 124965 3
-52632 65219 125019 3
157298 26199 127734 3
152085 26211 127747 3
40902 18931 128025 3
27805 18868 128058 3
14940 18258 128090 3
92902 -29042 131135 3
50517 -30162 131241 3
-26063 -179153 141153 3
-47461 -180230 141206 3
125538 -221420 144014 3
19301 -226735 144279 3
210604 -268244 147045 3
177334 -269087 147125 3
159010 -270073 147170 3
108691 -270671 147296 3
101743 -270868 147313 3
-274 -275325 147568 3
278182 -311408 150112 3
219522 -313342 150259 3
123696 -318787 150498 3
36206 -319708 150717 3
264594 -357015 153386 3
157022 -362002 153655 3
126681 -364138 153731 3
83722 -364545 153838 3
44904 -365620 153935 3
209635 -411550 156764 3
157737 -411926 156893 3
124500 -413199 156976 3
145694 -464632 160163 3
201642 -511122 163264 3
195140 -511129 163280 3
199285 -555032 166509 3
-86235 628659 173703 3
50517 -30162 175234 3
169402 593740 176304 3
176148 541144 179527 3
199735 495813 182708 3
175356 495124 182769 3
115696 495096 182918 3
-38963 488310 183305 3
-60311 486652 183358 3
-26263 -179178 184762 3
228593 450235 185876 3
204299 449796 185937 3
152933 446169 186065 3
106245 443264 186182 3
19301 -226735 188116 3
185301 -234456 188531 3
245953 401897 189083 3
189743 398025 189220 3
149335 396769 189317 3
131037 395980 189361 3
102979 394235 189430 3
75467 392528 189499 3
-113382 -267219 191024 3
-274 -275325 191307 3
106810 -277001 191575 3
255798 -285216 191947 3
286508 356123 192233 3
201380 351750 192438 3
124039 349441 192624 3
82184 347836 192725 3
63894 347004 192769 3
89862 -323996 194772 3
127855 -324688 194867 3
252650 -331674 195179 3
135918 301066 195836 3
100206 300890 195923 3
51516 -374408 197916 3
95875 -374993 198027 3
227900 -380105 198357 3
182039 254322 198962 3
81450 250079 199204 3
52114 249266 199277 3
77024 -425698 201220 3
134705 -428192 201364 3
234667 205164 202066 3
169487 202115 202224 3
145635 200583 202284 3
76713 199303 202456 3
48174 198346 202527 3
171776 -477171 204697 3
175654 155246 205451 3
148028 153487 205518 3
60908 152869 205735 3
25471 150977 205824 3
158296 -520356 207903 3
201981 109048 208631 3
135425 103844 208796 3
58084 99357 208983 3
29296 97796 209054 3
-53002 96566 209260 3
-54207 96527 209263 3
177352 -569842 211191 3
256304 61399 211748 3
170841 60582 211955 3
58095 53642 212228 3
16934 53286 212328 3
-12057 51189 212399 3
74103 8833 215422 3
45395 6825 215494 3
47177 -41972 218730 3
28159 -43197 218777 3
7952 -192572 228548 3
-46836 -194413 228685 3
185301 -234456 231344 3
131710 -238617 231478 3
121859 -238862 231503 3
-276 -242412 231808 3
-60307 -242768 231958 3
-117898 -246404 232102 3
281411 -281964 234360 3
252557 -331617 237670 3
110948 -335909 238010 3
228087 -379912 240957 3
172200 -382984 241097 3
116889 -382813 241235 3
103315 -383334 241269 3
252231 -427110 244137 3
166582 -430055 244351 3
199591 -473178 247509 3
187745 -524107 250778 3
202930 -572967 253980 3
208788 503849 1174 7
84346 501800 1485 7
-4742 496305 1708 7
-44143 495258 1806 7
-71682 493256 1875 7
222396 451331 4409 7
-32058 450105 5031 7
-63437 449516 5107 7
226075 408383 7611 7
157641 407288 7782 7
88314 404549 7955 7
69883 404446 8001 7
-16542 403865 8217 7
286512 356340 10742 7
172233 352652 11017 7
168278 352614 11027 7
135642 351818 11106 7
91482 349906 11213 7
223725 315328 14097 7
143073 312940 14298 7
128043 312198 14336 7
107543 310900 14387 7
78845 309012 14459 7
219287 260911 17348 7
178468 258810 17450 7
119876 256225 17596 7
100663 254757 17644 7
93140 254733 17663 7
64001 254287 17736 7
243870 209974 20526 7
123969 209898 20826 7
91987 209494 20906 7
178058 173039 23931 7
102276 168042 24120 7
20699 163459 24324 7
195459 122249 27127 7
136647 121583 27274 7
91065 120862 27388 7
45876 117503 27501 7
-50868 115717 27743 7
277446 68660 30162 7
203452 68256 30347 7
132656 65268 30524 7
53493 64958 30722 7
-10563 63254 30882 7
157071 26207 33703 7
41054 18816 33993 7
14707 18190 34059 7
96909 -21744 37094 7
70803 -22810 37159 7
52649 -23636 37204 7
12254 -25949 37305 7
-17582 -138537 43860 7
-22239 -183371 47112 7
-61534 -183547 47210 7
125538 -221420 49982 7
19301 -226735 50248 7
-39703 -231141 50395 7
-61319 -231570 50449 7
-73749 -232104 50480 7
282880 -272942 52829 7
195712 -273713 53047 7
153644 -276381 53152 7
106810 -277001 53269 7
278355 -311377 56080 7
219522 -313342 56227 7
123576 -318732 56467 7
36250 -319556 56685 7
264640 -357045 59354 7
227534 -357282 59447 7
158639 -360327 59619 7
113931 -361065 59731 7
44763 -365649 59904 7
230326 -419141 62680 7
226358 -419390 62690 7
197056 -421080 62763 7
171747 -421104 62827 7
102322 -422149 63000 7
84668 -422635 63044 7
200021 -454929 65996 7
201642 -511122 69232 7
195140 -511129 69248 7
204658 -560445 72464 7
169774 -561373 72552 7
199555 495585 88677 7
178098 493965 88731 7
165475 493445 88762 7
120751 490433 88874 7
-30110 481133 89251 7
228593 450235 91845 7
204299 449796 91905 7
152861 446054 92034 7
106245 443264 92150 7
245953 401897 95041 7
189660 398008 95182 7
149298 396710 95283 7
131037 395980 95328 7
103183 394294 95398 7
75467 392528 95467 7
286508 356123 98180 7
201462 351579 98392 7
124254 349475 98585 7
82309 347826 98690 7
63894 347004 98736 7
222013 305819 101581 7
178347 305918 101690 7
145889 304262 101771 7
100304 300758 101885 7
213067 243775 104843 7
159845 243883 104976 7
147133 243106 105008 7
61086 239032 105223 7
243870 209974 108006 7
157079 204233 108223 7
91207 201798 108388 7
75093 201505 108428 7
175654 155246 111417 7
148080 153386 111486 7
60837 152799 111704 7
25471 150977 111792 7
201981 109048 114591 7
135473 103901 114758 7
58084 99357 114951 7
29296 97796 115023 7
-52897 96485 115228 7
278948 59925 117639 7
263872 59537 117676 7
184313 53989 117875 7
150301 53377 117960 7
67496 48750 118167 7
46273 48247 118220 7
124058 -5513 121266 7
47177 -41972 124698 7
27973 -43099 124746 7
-39363 -151920 131394 7
116638 -198899 134244 7
-16013 -201832 134576 7
-68318 -204536 134707 7
185301 -234456 137313 7
131582 -238546 137447 7
121859 -238862 137471 7
-100 -242403 137776 7
-60494 -242886 137927 7
-118094 -246377 138071 7
281526 -282132 140312 7
121499 -291109 140712 7
89592 -292431 140792 7
253268 -339708 143623 7
168725 -340777 143834 7
118242 -341386 143960 7
96157 -341475 144016 7
227925 -379854 146926 7
172319 -383078 147065 7
103242 -383350 147238 7
252297 -427233 150105 7
166668 -430134 150319 7
91038 -435403 150508 7
201567 -483551 153472 7
184649 -484027 153514 7
193849 -537270 156731 7
183914 -537730 156756 7
171450 -537705 156787 7
203607 -582457 159947 7
177978 -584290 160011 7
168851 -584329 160034 7
185070 -630826 163233 7
207164 531584 172898 7
191064 530733 172938 7
163874 529890 173006 7
-31948 516372 173496 7
-74303 513364 173602 7
207130 475406 176138 7
189144 474247 176183 7
150327 472769 176280 7
-36839 461217 176748 7
224089 422283 179336 7
199842 420436 179397 7
156817 419091 179504 7
125221 417254 179583 7
71187 417247 179718 7
-52089 416447 180026 7
251958 374165 182506 7
230274 373093 182560 7
203090 371060 182628 7
163525 371124 182727 7
104854 367774 182874 7
57626 364916 182992 7
42274 364350 183030 7
283458 338676 185667 7
125481 335122 186062 7
54392 331971 186240 7
201592 281920 189112 7
165441 281896 189202 7
142643 281471 189259 7
108934 280046 189344 7
93443 279018 189382 7
249121 235125 192233 7
142678 234344 192499 7
101308 231185 192603 7
222913 192213 195539 7
189043 190537 195623 7
155841 189293 195706 7
64766 185782 195934 7
187459 139384 198867 7
117178 137281 199043 7
29470 137074 199262 7
186877 87689 202109 7
141147 85109 202223 7
120936 83675 202274 7
27077 77920 202508 7
-62697 75628 202733 7
276675 50303 205124 7
113437 43218 205532 7
139846 -11293 208706 7
47516 -12943 208937 7
30709 -57823 212219 7
-30290 -172225 218852 7
132260 -210964 221685 7
31 -212264 222016 7
-34367 -214676 222102 7
-62008 -215824 222171 7
200482 -260062 224755 7
152730 -262083 224874 7
-31225 -262248 225334 7
-113241 -267478 225539 7
276753 -298716 227804 7
122327 -301330 228190 7
99353 -302416 228248 7
264594 -357015 231099 7
227652 -357350 231189 7
158674 -360324 231355 7
113763 -361055 231464 7
240715 -398760 234374 7
173058 -402408 234543 7
150330 -402983 234600 7
125445 -404273 234662 7
107076 -404978 234708 7
230931 -438752 237639 7
163440 -439986 237807 7
111048 -442446 237938 7
189051 -496754 240983 7
199471 -549165 244197 7
180797 -647052 250724 7
161621 183589 1243 11
111938 183237 1367 11
33627 180518 1563 11
170284 136800 4461 11
104330 134940 4626 11
12690 131009 4855 11
-9329 130364 4910 11
186877 87689 7660 11
141147 85109 7774 11
120936 83675 7825 11
-39578 78685 8226 11
-64749 78392 8289 11
121702 36558 11063 11
139883 -11250 14257 11
47516 -12943 14488 11
-34484 -162401 24413 11
1482 -210291 27563 11
-29293 -211889 27640 11
-73945 -214174 27752 11
156301 -256159 30416 11
3323 -258496 30799 11
276753 -298716 33355 11
122327 -301330 33741 11
99353 -302416 33799 11
195942 -349972 36797 11
151871 -349701 36907 11
64505 -356766 37126 11
240715 -398760 39925 11
154754 -399756 40140 11
106432 -400903 40261 11
66043 -402064 40362 11
178655 -445490 43320 11
125461 -447439 43453 11
188826 -496765 46535 11
193940 -543574 49762 11
162751 -545952 49840 11
170294 165437 88709 11
123690 164858 88821 11
36645 160854 89036 11
195459 122249 91878 11
26734 111474 92306 11
123261 67567 95299 11
53493 64958 95473 11
-10618 63254 95634 11
65653 15749 98688 11
92764 -29185 101855 11
50517 -30162 101961 11
-26063 -179153 111872 11
-47275 -180121 111925 11
125538 -221420 114733 11
19301 -226735 114999 11
-39703 -231141 115147 11
-61319 -231570 115200 11
-73919 -232053 115232 11
210604 -268244 117761 11
177334 -269087 117844 11
159136 -269997 117889 11
108691 -270671 118015 11
101895 -270839 118032 11
-121 -275464 118287 11
252733 -314532 120895 11
123576 -318732 121218 11
221520 -363189 124213 11
151171 -366322 124389 11
105621 -368541 124503 11
100041 -368798 124517 11
94539 -368768 124531 11
63482 -370322 124608 11
217974 -414397 127462 11
157440 -415810 127614 11
78331 -418537 127811 11
145673 -464703 130883 11
201642 -511122 133983 11
195167 -511075 133999 11
204658 -560445 137215 11
169774 -561373 137303 11
230991 202566 172800 11
169487 202115 172949 11
145635 200583 173007 11
76713 199303 173175 11
168274 152818 176186 11
54165 145953 176472 11
196335 104126 179356 11
135508 103824 179508 11
58084 99357 179702 11
29296 97796 179774 11
-52897 96485 179979 11
278948 59925 182390 11
263872 59537 182427 11
184313 53989 182626 11
150301 53377 182711 11
67496 48750 182918 11
46273 48247 182971 11
65461 3154 186163 11
29103 -47355 189494 11
-40810 -150166 196149 11
7952 -192572 199267 11
-46836 -194413 199404 11
185301 -234456 202064 11
131710 -238617 202198 11
121859 -238862 202222 11
-100 -242403 202527 11
-40522 -245762 202628 11
-83200 -248920 202735 11
-136446 -249088 202868 11
281526 -282132 205063 11
94108 -290836 205532 11
84838 -290781 205555 11
77864 -290806 205572 11
252650 -331674 208376 11
189487 -331101 208533 11
110709 -335940 208730 11
34891 -340235 208920 11
227925 -379854 211677 11
172319 -383078 211816 11
116683 -382679 211955 11
103242 -383350 211989 11
252297 -427233 214856 11
166668 -430134 215070 11
91093 -435447 215259 11
166403 -479678 218311 11
186279 -528143 221501 11
202713 -578027 224700 11
159134 -578397 224809 11
277446 68660 875 15
203452 68256 1060 15
132656 65268 1237 15
53535 64843 1435 15
-10618 63254 1596 15
111990 12846 4529 15
79150 11754 4611 15
92764 -29185 7817 15
-17582 -138537 14573 15
7952 -192572 17749 15
-46836 -194413 17886 15
185301 -234456 20546 15
-6785 -238287 21026 15
-64555 -240704 21170 15
282880 -272942 23542 15
195712 -273713 23760 15
153644 -276381 23865 15
106810 -277001 23982 15
252733 -314532 26857 15
90008 -323976 27264 15
181217 -374505 30276 15
110807 -376882 30452 15
252307 -427016 33370 15
166582 -430055 33578 15
199591 -473178 36710 15
201642 -511122 39945 15
204658 -560445 43177 15
169774 -561373 43265 15
276675 50303 88357 15
153498 46768 88665 15
110364 46477 88773 15
28484 44104 88978 15
124287 -5768 91978 15
48640 -9825 92167 15
30709 -57823 95452 15
-39320 -151974 102107 15
116642 -198732 104957 15
-16013 -201832 105289 15
-68318 -204536 105420 15
186549 -247255 108023 15
119917 -251817 108189 15
5514 -253398 108475 15
-104154 -257542 108749 15
281526 -282132 111025 15
121499 -291109 111425 15
89592 -292431 111505 15
253268 -339708 114336 15
168725 -340777 114547 15
118242 -341386 114673 15
96022 -341665 114729 15
227939 -380122 117639 15
172319 -383078 117778 15
95090 -386458 117971 15
230931 -438752 120872 15
163440 -439986 121040 15
111048 -442446 121171 15
201567 -483551 124185 15
184649 -484027 124227 15
193849 -537270 127444 15
183914 -537730 127469 15
203607 -582457 130660 15
178010 -584231 130724 15
168851 -584329 130747 15
185070 -630826 133946 15
196432 76952 172800 15
127978 72637 172969 15
117872 72369 172994 15
9663 70909 173265 15
-53603 67907 173423 15
157071 26207 176136 15
27874 19110 176459 15
14707 18190 176492 15
139846 -11293 179419 15
39322 -16182 179671 15
-30290 -172225 189565 15
132260 -210964 192398 15
31 -212264 192729 15
-34463 -214616 192815 15
-62008 -215824 192884 15
200482 -260062 195468 15
152730 -262083 195587 15
-113241 -267478 196252 15
278355 -311377 198513 15
219522 -313342 198660 15
108032 -315164 198939 15
85312 -316642 198996 15
36250 -319556 199118 15
264640 -357045 201787 15
227534 -357282 201880 15
158639 -360327 202052 15
113931 -361065 202164 15
44763 -365649 202337 15
240715 -398760 205087 15
173058 -402408 205256 15
150330 -402983 205313 15
125445 -404273 205375 15
107076 -404978 205421 15
200021 -454929 208429 15
140578 -456137 208578 15
194817 -508975 211682 15
199471 -549165 214910 15
169203 553360 3626 19
201529 552606 3707 19
-74358 513286 6257 19
-30031 512272 6368 19
151646 505535 6822 19
202469 504380 6949 19
-62973 465696 9526 19
157793 455103 10078 19
-61323 414764 12770 19
69878 409163 13104 19
157641 407288 13320 19
42274 364350 16269 19
118020 362038 16458 19
195010 358963 16651 19
50069 314059 19528 19
74296 312980 19589 19
107441 310966 19672 19
135226 309700 19741 19
152356 309038 19784 19
61504 267270 22797 19
99666 264901 22893 19
203848 259442 23153 19
60428 218730 26034 19
110440 216892 26159 19
131263 215597 26211 19
243626 210057 26492 19
102276 168042 29379 19
146099 166789 29489 19
170248 165358 29549 19
41618 118649 32472 19
168634 113963 32785 19
-62737 75668 35446 19
12004 73203 35633 19
123261 67567 35911 19
183192 65517 36061 19
24465 23920 38904 19
11997 -25965 42113 19
58432 -26671 42229 19
-73945 -214174 54858 19
-11175 -216943 55015 19
125538 -221420 55357 19
-127623 -260983 57964 19
101743 -270868 58538 19
195601 -273810 58772 19
266680 -275119 58950 19
123576 -318732 61832 19
44763 -365649 64875 19
94615 -368646 65000 19
100179 -368881 65014 19
159635 -371630 65162 19
113134 -415210 68286 19
226161 -419511 68569 19
167708 -468749 71663 19
160865 -516415 74885 19
190676 -563749 78200 19
159437 587317 87842 19
-51867 543447 90554 19
155067 539100 91071 19
211044 536694 91211 19
-44370 495338 93812 19
-5893 493775 93909 19
105278 490794 94187 19
120751 490433 94225 19
140317 489997 94274 19
-63437 449516 97005 19
106047 443288 97428 19
199240 437618 97661 19
45922 395961 100518 19
69036 395577 100576 19
78729 395062 100600 19
102979 394235 100661 19
204061 389058 100913 19
236044 388157 100993 19
49163 345579 103766 19
186231 343327 104109 19
283252 338721 104351 19
78803 295688 107080 19
162049 294635 107288 19
52114 249266 110254 19
133142 247930 110456 19
177552 245185 110567 19
212865 243754 110655 19
75009 201728 113551 19
144255 199296 113724 19
218822 194951 113910 19
16839 152603 116645 19
-59308 106565 119695 19
-51324 106261 119715 19
193093 98548 120326 19
-18503 58510 123037 19
150301 53377 123459 19
45255 6848 126436 19
47177 -41972 129681 19
-17619 -138319 136003 19
-61534 -183547 139129 19
-73932 -232086 142338 19
-50081 -232582 142398 19
112681 -239974 142805 19
134418 -240719 142859 19
75399 -333716 149192 19
99589 -335065 149252 19
110858 -335747 149280 19
167915 -339292 149423 19
103242 -383350 152501 19
160355 -385466 152644 19
166757 -385623 152660 19
132459 -433520 155814 19
230789 -438640 156060 19
184326 -483216 159184 19
201567 -483551 159227 19
165430 -532968 162377 19
159619 -580706 165602 19
203607 -582457 165712 19
184865 -630928 168905 19
191612 570093 175402 19
207887 569120 175443 19
168866 522338 178585 19
-40079 481403 181303 19
-30110 481133 181328 19
150327 472769 181779 19
70597 427189 184820 19
223994 422301 185203 19
32383 381759 187964 19
89461 378257 188107 19
133595 376020 188217 19
230036 373224 188458 19
46973 330144 191241 19
93443 279018 194597 19
67573 232333 197772 19
101144 231199 197856 19
194631 227390 198090 19
64592 185882 201005 19
111938 183237 201123 19
149506 182303 201217 19
-26755 138112 204016 19
29325 137232 204157 19
104080 134990 204344 19
-12935 90506 207291 19
120808 83802 207625 19
172044 82628 207753 19
121534 36672 210867 19
46809 -8880 213920 19
139780 -11289 214153 19
27508 -57651 217112 19
30709 -57823 217120 19
-40810 -150166 223421 19
-16230 -201753 226723 19
-118167 -246273 229708 19
-10748 -251262 229976 19
156316 -256424 230394 19
191291 -258005 230482 19
99222 -302267 233491 19
211987 -306724 233773 19
242457 -308110 233849 19
64006 -351698 236643 19
227534 -357282 237052 19
91496 -398771 239952 19
139459 -401567 240072 19
172863 -402374 240155 19
133401 -450225 243297 19
199246 -549104 249941 19
180797 -647052 256375 19
152689 485370 275 23
180858 484414 343 23
-47404 445373 3008 23
127182 435419 3444 23
159008 435090 3524 23
177099 434613 3569 23
-6382 384056 6375 23
59495 382582 6533 23
99985 382613 6632 23
176391 378334 6816 23
38783 341406 9703 23
112375 337507 9887 23
131449 336877 9935 23
220204 330035 10157 23
37301 286924 12940 23
45231 286398 12960 23
85741 286262 13061 23
97502 285673 13090 23
137405 282721 13190 23
164890 281803 13259 23
201592 281920 13351 23
54994 242357 16224 23
149428 237211 16460 23
249121 235125 16709 23
37956 191689 19421 23
129063 185137 19649 23
161584 183675 19734 23
17008 152670 22609 23
115415 144567 22855 23
135950 144668 22906 23
-59308 106565 25658 23
-51324 106261 25678 23
-6534 103869 25790 23
58084 99357 25952 23
140261 94284 26157 23
-45462 53610 28933 23
-12057 51189 29016 23
5562 50752 29060 23
46273 48247 29162 23
110364 46477 29322 23
153498 46768 29430 23
58977 -4250 32434 23
124052 -5678 32597 23
25942 -53495 35591 23
-17637 -138526 41962 23
-66877 -188748 45079 23
7952 -192572 45266 23
116526 -198878 45538 23
-101641 -240200 48232 23
-64644 -240867 48325 23
-39980 -241322 48387 23
-276 -242412 48486 23
106488 -244452 48753 23
114046 -244640 48772 23
171029 -248641 48914 23
77786 -290749 51921 23
84838 -290781 51939 23
94108 -290836 51962 23
121312 -291101 52030 23
188196 -296496 52197 23
214277 -297447 52262 23
276753 -298716 52418 23
34775 -340360 55053 23
79550 -340618 55165 23
96157 -341475 55207 23
118134 -341358 55262 23
62983 -395743 58364 23
139514 -395538 58555 23
161961 -396803 58611 23
205570 -396497 58720 23
240715 -398760 58808 23
91038 -435403 61674 23
151555 -436368 61825 23
221955 -441603 62001 23
156740 -486800 65078 23
165430 -532968 68340 23
168851 -584329 71589 23
177978 -584290 71612 23
185070 -630826 74869 23
-38592 467821 87270 23
93978 461883 87601 23
-61406 425623 90453 23
62967 418912 90764 23
119868 419101 90906 23
156788 419091 90998 23
200937 416213 91109 23
23722 373448 93906 23
41839 372857 93951 23
80658 372105 94048 23
126848 372036 94164 23
163367 371264 94255 23
203024 370981 94354 23
258499 370753 94493 23
46973 330144 97204 23
221154 319077 97639 23
33040 269179 100434 23
70337 268708 100524 23
128063 266205 100663 23
96998 221326 103809 23
121003 219977 103869 23
133864 218994 103901 23
33627 180518 106891 23
128327 180196 107127 23
-26833 138070 109979 23
66174 131621 110212 23
195421 122250 110535 23
-64961 78470 113148 23
-39573 78576 113211 23
27028 77935 113372 23
117872 72369 113592 23
277446 68660 113980 23
75351 29158 116715 23
130162 27709 116852 23
151939 26293 116906 23
157071 26207 116919 23
24583 -21363 119828 23
59871 -22326 119916 23
70765 -22753 119943 23
-34555 -162362 129400 23
-69833 -205142 132552 23
-3000 -209209 132719 23
132146 -211049 133057 23
-136599 -248952 135625 23
-83220 -249026 135758 23
-14622 -252051 135930 23
-4034 -252194 135956 23
135386 -260350 136305 23
152727 -260237 136348 23
200329 -259952 136467 23
70263 -311055 139382 23
215661 -312820 139746 23
252733 -314532 139838 23
52369 -352042 142577 23
103129 -354492 142704 23
149673 -355699 142821 23
227534 -357282 143015 23
248684 -358868 143068 23
66043 -402064 145852 23
107076 -404978 145954 23
209561 -411567 146210 23
140371 -456043 149277 23
155909 -503170 152556 23
169774 -561373 155831 23
-36839 461217 174754 23
77186 456284 175039 23
99766 455673 175096 23
157793 455103 175241 23
222319 451135 175402 23
-61323 414764 177933 23
47865 409758 178206 23
64697 408902 178248 23
69802 408890 178261 23
83189 408074 178294 23
152710 402882 178468 23
225160 398740 178649 23
5043 359695 181339 23
95980 355325 181566 23
118981 353503 181624 23
168278 352614 181747 23
189626 351846 181801 23
201380 351750 181830 23
243252 349336 181935 23
58347 309660 184712 23
78692 308579 184763 23
89096 308430 184789 23
104552 307386 184828 23
145889 304262 184931 23
217133 299777 185109 23
50970 261527 187934 23
66288 261392 187972 23
176791 254519 188248 23
45298 203855 191189 23
82797 202552 191279 23
145635 200583 191430 23
212320 198365 191590 23
11759 158303 194316 23
28737 157897 194358 23
141061 155045 194639 23
166787 154189 194703 23
-50970 115778 197399 23
21917 112812 197581 23
113885 109650 197811 23
196335 104126 198017 23
-53636 67773 200632 23
-5681 66601 200752 23
750 66075 200768 23
29097 66271 200839 23
39073 66171 200864 23
53411 64986 200900 23
132656 65268 201098 23
183178 65446 201224 23
256304 61399 201407 23
278948 59925 201464 23
14707 18190 204043 23
65772 15622 204171 23
111990 12846 204286 23
11984 -25983 207276 23
58341 -26643 207392 23
92764 -29185 207478 23
-47461 -180230 216848 23
-40083 -220140 220106 23
122731 -225352 220513 23
-113241 -267478 223163 23
-274 -275325 223446 23
103945 -274684 223706 23
153588 -276126 223830 23
281411 -281964 224150 23
36206 -319708 226777 23
89862 -323996 226911 23
127855 -324688 227006 23
188066 -325490 227157 23
51556 -374402 230055 23
59562 -375050 230075 23
95950 -374875 230166 23
181217 -374505 230380 23
77138 -425555 233359 23
134756 -428180 233503 23
166582 -430055 233583 23
228860 -433134 233739 23
144636 -469298 236768 23
199591 -473178 236905 23
158296 -520356 240042 23
151725 -566357 243266 23
156502 -566688 243278 23
