1049
159437 587317 1444 0
213768 536474 4548 0
174618 536038 4646 0
195702 490769 7833 0
140432 490030 7971 0
-29940 481072 8397 0
218183 442639 11017 0
50986 433913 11435 0
218815 390826 14258 0
203935 390384 14294 0
121836 387788 14498 0
-6312 383865 14818 0
243654 344813 17433 0
195785 343774 17553 0
186231 343327 17577 0
144862 340265 17680 0
205460 297224 20769 0
162952 295721 20875 0
142299 295473 20927 0
82437 293118 21076 0
193333 248241 24039 0
168684 247310 24101 0
136031 246464 24182 0
67028 244161 24355 0
230946 202532 27185 0
144157 199249 27402 0
48904 192067 27640 0
38081 191710 27667 0
136147 144786 30662 0
115415 144567 30714 0
82942 143697 30795 0
59227 142102 30854 0
193093 98548 33760 0
37474 93829 34149 0
-12868 90578 34275 0
184313 53989 37022 0
150301 53377 37107 0
67703 48891 37313 0
46273 48247 37367 0
26073 -53492 43897 0
-39378 -151990 50541 0
858 -198211 53680 0
134593 -240735 56586 0
-19120 -246263 56970 0
-83124 -249136 57130 0
-136446 -249088 57264 0
281411 -281964 59459 0
121312 -291101 59859 0
89702 -292446 59938 0
252650 -331674 62771 0
147625 -338438 63033 0
126077 -339296 63087 0
98031 -340742 63157 0
172442 -383067 66211 0
95090 -386458 66405 0
228860 -433134 69310 0
151736 -436347 69503 0
112971 -438402 69600 0
201684 -483622 72618 0
184540 -483861 72661 0
186279 -528143 75897 0
202886 -578018 79095 0
159756 -580723 79203 0
185070 -630826 82380 0
208063 568905 88802 0
203882 522175 92053 0
168877 522217 92140 0
-30031 512272 92638 0
207238 475435 95284 0
189144 474247 95330 0
150327 472769 95427 0
-38592 467821 95899 0
220495 424517 98491 0
127404 421202 98724 0
62967 418912 98885 0
-52331 416369 99173 0
176485 378270 101841 0
158941 377295 101885 0
137734 376036 101938 0
133665 376007 101948 0
80658 372105 102081 0
44847 370925 102170 0
220204 330035 104972 0
172553 328767 105091 0
104279 323820 105262 0
201696 281873 108258 0
120471 276783 108461 0
249235 235075 111379 0
117474 227372 111709 0
104109 227129 111742 0
161663 183610 114838 0
41663 174770 115138 0
66164 131528 118317 0
6438 128990 118466 0
-12861 127908 118515 0
172044 82628 121292 0
136614 82309 121381 0
27028 77935 121655 0
-62697 75628 121879 0
153706 32605 124578 0
119004 32381 124665 0
81284 31714 124759 0
48119 -19932 128082 0
24583 -21363 128141 0
132146 -211049 140832 0
31 -212264 141162 0
-34367 -214676 141248 0
-61899 -215765 141317 0
191291 -258005 143924 0
157665 -259163 144008 0
135481 -260247 144064 0
-31153 -262261 144480 0
-113126 -267343 144685 0
276960 -298701 146950 0
114632 -304273 147356 0
195942 -349972 150393 0
103129 -354492 150625 0
64505 -356766 150721 0
55957 -357327 150743 0
240881 -398761 153520 0
173058 -402408 153690 0
150423 -403065 153746 0
125445 -404273 153809 0
107255 -405040 153854 0
161335 -449402 156959 0
144428 -449864 157001 0
133401 -450225 157029 0
188826 -496765 160130 0
199246 -549104 163344 0
180829 -647046 169870 0
201673 552673 176298 0
-51747 543286 176932 0
208788 503849 179523 0
84188 501806 179832 0
-4742 496305 180054 0
-44370 495338 180153 0
-71697 493378 180222 0
167228 455449 182864 0
157793 455103 182888 0
-31929 450101 183362 0
-63437 449516 183441 0
226075 408383 185957 0
157641 407288 186128 0
88451 404519 186301 0
69883 404446 186348 0
-16573 403835 186564 0
251714 361665 189133 0
195010 358963 189275 0
127399 355729 189444 0
95980 355325 189523 0
223725 315328 192443 0
135320 309716 192664 0
104552 307386 192741 0
78430 306111 192806 0
219258 261098 195706 0
162838 213073 199075 0
92083 209463 199252 0
170174 165257 202297 0
123690 164858 202413 0
36645 160854 202631 0
174481 116007 205526 0
26695 111323 205896 0
-51080 106393 206090 0
203635 68224 208693 0
132656 65268 208871 0
53493 64958 209069 0
-10618 63254 209229 0
72697 14627 212261 0
26550 13827 212376 0
-22239 -183371 225458 0
-61534 -183547 225556 0
122858 -225342 228335 0
19301 -226735 228594 0
-39703 -231141 228742 0
-61145 -231543 228795 0
-73919 -232053 228827 0
210604 -268244 231356 0
159010 -270073 231485 0
240056 -320829 234522 0
128040 -324735 234802 0
159643 -371813 237963 0
104849 -371891 238100 0
59684 -375081 238213 0
230387 -418892 241039 0
171757 -420990 241180 0
102322 -422149 241348 0
84526 -422754 241391 0
190052 -467790 244367 0
167708 -468749 244423 0
144832 -469200 244480 0
201669 -513622 247578 0
176688 -514416 247641 0
204578 -560613 250811 0
169774 -561373 250898 0
121042 366543 7960 0
214664 272488 14206 0
62377 266866 14587 0
192694 223473 17501 0
62010 218195 17828 0
175656 174315 20784 0
83875 170699 21013 0
9663 70909 27679 0
43246 -25002 34075 0
12254 -25949 34152 0
264640 -357045 56201 0
44763 -365649 56751 0
138103 -410795 59758 0
222499 451149 88707 0
45922 395961 92388 0
286435 356216 95027 0
172233 352652 95312 0
168244 352526 95322 0
222013 305819 98428 0
100304 300758 98732 0
146262 254458 101857 0
156120 205906 105073 0
16860 152508 108661 0
170841 60582 114756 0
74244 8758 118237 0
45377 6982 118310 0
138228 -426996 147239 0
199591 -473178 150324 0
79649 429888 176544 0
238479 386794 179387 0
204254 385835 179472 0
125125 383344 179670 0
49522 380093 179859 0
54392 331971 183087 0
154332 286558 186077 0
222913 192213 192386 0
189043 190537 192470 0
155841 189293 192553 0
64783 185943 192781 0
119476 91440 199124 0
124287 -5768 205592 0
47038 -8844 205785 0
30709 -57823 209066 0
173215 -246922 221670 0
5514 -253398 222089 0
-104154 -257542 222363 0
75888 -299388 225153 0
101948 -346522 228328 0
179217 -538743 241095 0
207726 551934 1254 0
157376 548308 1380 0
208877 503819 4491 0
-5893 493775 5028 0
-57504 492268 5157 0
228593 450235 7682 0
204299 449796 7743 0
152861 446054 7871 0
106245 443264 7988 0
245953 401897 10879 0
189660 398008 11019 0
149298 396710 11120 0
131037 395980 11166 0
102961 394272 11236 0
59625 393718 11345 0
286508 356123 14017 0
201380 351750 14230 0
124141 349344 14423 0
82184 347836 14528 0
63747 346898 14574 0
222177 305871 17418 0
177346 304839 17530 0
175786 304753 17534 0
146070 304246 17608 0
121733 304149 17669 0
66637 303226 17807 0
219287 260911 20665 0
178468 258810 20767 0
119818 256190 20914 0
100525 254816 20962 0
93320 254695 20980 0
64117 254448 21053 0
59721 254335 21064 0
243870 209974 23844 0
156963 204324 24061 0
91422 201673 24225 0
75093 201505 24266 0
175705 155236 27254 0
148080 153386 27323 0
60908 152869 27541 0
25471 150977 27630 0
202080 109287 30428 0
40464 107715 30832 0
-33889 103809 31018 0
277446 68660 33480 0
183325 65447 33715 0
16934 53286 34131 0
-12057 51189 34204 0
112058 12948 37133 0
79258 11767 37215 0
52525 -38111 40522 0
39692 -39017 40554 0
-17526 -138533 47177 0
7848 -192469 50354 0
-46836 -194413 50491 0
185291 -234412 53150 0
-6721 -238358 53630 0
-64644 -240867 53775 0
282880 -272942 56146 0
153697 -276144 56469 0
189487 -331101 59620 0
75399 -333716 59905 0
181397 -374559 62880 0
110865 -376928 63056 0
230473 -418976 65997 0
226174 -419265 66008 0
196937 -421066 66081 0
171747 -421104 66144 0
77138 -425555 66381 0
199672 -473013 69314 0
187745 -524107 72584 0
202930 -572967 75786 0
213711 536318 88719 0
189309 534924 88780 0
-41811 524955 89358 0
181588 483761 92040 0
77877 482678 92299 0
-24325 478260 92554 0
216862 438609 95191 0
199330 437640 95235 0
159289 435082 95335 0
113718 431702 95449 0
79649 429888 95535 0
-61406 425623 95887 0
238532 386734 98377 0
204087 385875 98463 0
125278 383359 98660 0
100104 382650 98723 0
59495 382582 98825 0
32474 381789 98892 0
283275 338604 101505 0
131449 336877 101885 0
54458 331815 102077 0
200463 290063 104952 0
154199 286629 105068 0
97674 285570 105209 0
212865 243754 108161 0
61086 239032 108541 0
222913 192213 111376 0
188876 190568 111461 0
155841 189293 111544 0
64592 185882 111772 0
187381 139401 114705 0
117304 137280 114880 0
29325 137232 115100 0
201408 97480 117910 0
140261 94284 118063 0
-12688 90407 118445 0
276517 50158 120962 0
153671 46721 121269 0
110364 46477 121378 0
124163 -5705 124583 0
48498 -9885 124772 0
30612 -57791 128057 0
116526 -198878 137562 0
-16230 -201753 137894 0
-68318 -204536 138024 0
186549 -247255 140627 0
119917 -251914 140794 0
5359 -253385 141080 0
-104228 -257469 141354 0
269326 -290990 143660 0
188415 -296655 143863 0
122327 -301330 144028 0
99353 -302416 144085 0
253268 -339708 146940 0
168561 -340735 147152 0
108066 -344698 147303 0
212551 -390424 150282 0
204478 -390678 150302 0
139691 -395477 150464 0
93893 -397224 150579 0
230931 -438752 153476 0
163278 -439980 153645 0
111048 -442446 153776 0
156862 -486689 156901 0
193752 -537292 160049 0
183914 -537730 160074 0
171399 -537784 160105 0
203717 -582356 163264 0
178113 -584189 163328 0
210332 562825 172968 0
172113 512170 176303 0
103385 510431 176475 0
-51077 502823 176861 0
198218 469048 179478 0
94202 461701 179738 0
-34711 457221 180060 0
224089 422283 182653 0
156869 419049 182821 0
125400 417251 182900 0
71334 417139 183035 0
258499 370753 185807 0
192924 366199 185971 0
104876 363416 186191 0
56149 361151 186313 0
5284 359466 186440 0
221355 318984 189140 0
175281 317781 189255 0
135674 314930 189354 0
108868 314420 189421 0
74296 312980 189508 0
214632 272467 192397 0
176511 269642 192492 0
128063 266205 192613 0
118609 265917 192637 0
99677 264757 192684 0
243623 221060 195583 0
133910 218837 195849 0
117170 218694 195890 0
62162 218074 196024 0
178058 173039 198968 0
102276 168042 199158 0
195365 122414 202165 0
136871 121651 202311 0
91013 120840 202426 0
45726 117466 202539 0
-50970 115778 202781 0
196432 76952 205403 0
127978 72637 205574 0
118073 72225 205598 0
9663 70909 205869 0
-53532 67900 206027 0
157263 26143 208740 0
27874 19110 209064 0
14706 18383 209097 0
96909 -21744 212131 0
70899 -22854 212196 0
52649 -23636 212242 0
12119 -26050 212343 0
-30290 -172225 222169 0
122111 -220449 225028 0
200482 -260062 228072 0
152730 -262083 228192 0
278182 -311408 231118 0
219522 -313342 231265 0
108151 -315100 231543 0
85312 -316642 231600 0
36206 -319708 231723 0
264594 -357015 234392 0
227534 -357282 234485 0
158639 -360327 234657 0
113763 -361055 234769 0
44904 -365620 234941 0
209635 -411550 237770 0
157668 -412028 237899 0
124500 -413199 237982 0
200155 -454919 241033 0
140578 -456137 241182 0
194918 -508837 244286 0
179036 -508872 244326 0
199285 -555032 247515 0
58977 -4250 299 0
124052 -5678 458 0
194486 628835 1281 0
167681 627752 1348 0
28980 -47537 3460 0
195678 575747 4518 0
207164 531584 7730 0
190906 530766 7770 0
163874 529890 7838 0
-31909 516537 8327 0
178280 479110 11042 0
-38592 467821 11584 0
-66881 -188708 12940 0
7848 -192469 13127 0
116526 -198878 13399 0
151934 430116 14348 0
125397 430202 14414 0
79649 429888 14529 0
-101688 -240188 16093 0
-64644 -240867 16186 0
-39980 -241322 16248 0
-276 -242412 16347 0
106488 -244452 16614 0
114046 -244640 16633 0
171029 -248641 16775 0
238532 386734 17380 0
204087 385875 17463 0
89348 378071 17744 0
27386 377994 17899 0
77786 -290749 19782 0
84838 -290781 19800 0
94108 -290836 19823 0
188238 -296622 20058 0
214277 -297447 20123 0
276753 -298716 20280 0
54392 331971 21073 0
34891 -340235 22915 0
79470 -340669 23026 0
96157 -341475 23068 0
118242 -341386 23123 0
201632 282077 23958 0
164926 281758 24047 0
142572 281434 24101 0
114530 279230 24171 0
93603 279064 24222 0
105818 -394826 26332 0
139514 -395538 26416 0
161961 -396803 26473 0
240715 -398760 26669 0
149428 237211 27320 0
67763 232323 27518 0
111048 -442446 29585 0
178655 -445490 29754 0
222913 192213 30377 0
188876 190568 30459 0
155628 189366 30539 0
64592 185882 30766 0
187381 139401 33699 0
117304 137280 33874 0
12690 131009 34136 0
-9329 130364 34191 0
171218 -537778 36216 0
183792 -537761 36247 0
186830 87805 36964 0
22613 84888 37360 0
-34400 84232 37498 0
121702 36558 40343 0
139780 -11289 43538 0
47516 -12943 43769 0
30612 -57791 47051 0
-34555 -162362 53694 0
1681 -210406 56843 0
-29413 -211973 56921 0
-73985 -214064 57033 0
186549 -247255 59621 0
119917 -251914 59788 0
5359 -253385 60074 0
-104228 -257469 60348 0
276805 -298570 62667 0
122336 -301372 63039 0
99353 -302416 63095 0
195753 -349759 66079 0
151843 -349822 66188 0
64006 -351698 66408 0
52548 -351913 66436 0
205688 -396443 69293 0
162101 -396898 69402 0
106534 -400678 69541 0
66101 -402297 69642 0
224390 -442484 72487 0
187048 -442889 72580 0
125387 -447371 72734 0
193852 -543539 79043 0
29004 -15099 87700 0
210332 562825 91962 0
-58923 548746 92635 0
195762 510378 95238 0
173786 508706 95293 0
151591 507904 95349 0
-51077 502823 95855 0
-34555 -162362 97261 0
161066 464082 98565 0
131158 463108 98640 0
118142 462511 98672 0
94202 461701 98732 0
-34711 457221 99054 0
-69833 -205142 100413 0
-3000 -209209 100580 0
218093 413787 101662 0
208533 413162 101686 0
138502 411123 101861 0
83323 407985 101999 0
545 405850 102206 0
-104228 -257469 103581 0
3129 -258591 103841 0
105188 -261558 104091 0
145763 -261980 104192 0
152601 -261991 104209 0
193588 -265211 104312 0
258499 370753 104815 0
193029 366449 104974 0
120903 366452 105151 0
55984 361309 105313 0
5243 359555 105435 0
70263 -311055 107243 0
215661 -312820 107607 0
252501 -314498 107699 0
221154 319077 108161 0
175072 317790 108272 0
135504 314977 108369 0
108784 314502 108434 0
74296 312980 108517 0
52137 -360382 110438 0
113763 -361055 110592 0
147917 -362917 110677 0
221341 -363204 110861 0
214632 272467 111403 0
176511 269642 111497 0
128063 266205 111616 0
118609 265917 111639 0
99591 264821 111685 0
51143 261692 111803 0
107076 -404978 113815 0
209455 -411425 114071 0
243776 220995 114582 0
133910 218837 114847 0
117088 218776 114888 0
62162 218074 115021 0
140578 -456137 117139 0
178058 173039 117964 0
102276 168042 118152 0
20576 163414 118356 0
179036 -508872 120475 0
194817 -508975 120515 0
195365 122414 121169 0
136647 121583 121311 0
91013 120840 121421 0
45726 117466 121533 0
-50970 115778 121775 0
172485 -559445 123708 0
204578 -560613 123785 0
196432 76952 124397 0
127978 72637 124568 0
117872 72369 124593 0
39284 66113 124789 0
824 66239 124886 0
-31121 65316 124965 0
-52632 65219 125019 0
157298 26199 127734 0
152085 26211 127747 0
40902 18931 128025 0
27805 18868 128058 0
14940 18258 128090 0
92902 -29042 131135 0
50517 -30162 131241 0
-26063 -179153 141153 0
-47461 -180230 141206 0
125538 -221420 144014 0
19301 -226735 144279 0
210604 -268244 147045 0
177334 -269087 147125 0
159010 -270073 147170 0
108691 -270671 147296 0
101743 -270868 147313 0
-274 -275325 147568 0
278182 -311408 150112 0
219522 -313342 150259 0
123696 -318787 150498 0
36206 -319708 150717 0
264594 -357015 153386 0
157022 -362002 153655 0
126681 -364138 153731 0
83722 -364545 153838 0
44904 -365620 153935 0
209635 -411550 156764 0
157737 -411926 156893 0
124500 -413199 156976 0
145694 -464632 160163 0
201642 -511122 163264 0
195140 -511129 163280 0
199285 -555032 166509 0
-86235 628659 173703 0
50517 -30162 175234 0
169402 593740 176304 0
176148 541144 179527 0
199735 495813 182708 0
175356 495124 182769 0
115696 495096 182918 0
-38963 488310 183305 0
-60311 486652 183358 0
-26263 -179178 184762 0
228593 450235 185876 0
204299 449796 185937 0
152933 446169 186065 0
106245 443264 186182 0
19301 -226735 188116 0
185301 -234456 188531 0
245953 401897 189083 0
189743 398025 189220 0
149335 396769 189317 0
131037 395980 189361 0
102979 394235 189430 0
75467 392528 189499 0
-113382 -267219 191024 0
-274 -275325 191307 0
106810 -277001 191575 0
255798 -285216 191947 0
286508 356123 192233 0
201380 351750 192438 0
124039 349441 192624 0
82184 347836 192725 0
63894 347004 192769 0
89862 -323996 194772 0
127855 -324688 194867 0
252650 -331674 195179 0
135918 301066 195836 0
100206 300890 195923 0
51516 -374408 197916 0
95875 -374993 198027 0
227900 -380105 198357 0
182039 254322 198962 0
81450 250079 199204 0
52114 249266 199277 0
77024 -425698 201220 0
134705 -428192 201364 0
234667 205164 202066 0
169487 202115 202224 0
145635 200583 202284 0
76713 199303 202456 0
48174 198346 202527 0
171776 -477171 204697 0
175654 155246 205451 0
148028 153487 205518 0
60908 152869 205735 0
25471 150977 205824 0
158296 -520356 207903 0
201981 109048 208631 0
135425 103844 208796 0
58084 99357 208983 0
29296 97796 209054 0
-53002 96566 209260 0
-54207 96527 209263 0
177352 -569842 211191 0
256304 61399 211748 0
170841 60582 211955 0
58095 53642 212228 0
16934 53286 212328 0
-12057 51189 212399 0
74103 8833 215422 0
45395 6825 215494 0
47177 -41972 218730 0
28159 -43197 218777 0
7952 -192572 228548 0
-46836 -194413 228685 0
185301 -234456 231344 0
131710 -238617 231478 0
121859 -238862 231503 0
-276 -242412 231808 0
-60307 -242768 231958 0
-117898 -246404 232102 0
281411 -281964 234360 0
252557 -331617 237670 0
110948 -335909 238010 0
228087 -379912 240957 0
172200 -382984 241097 0
116889 -382813 241235 0
103315 -383334 241269 0
252231 -427110 244137 0
166582 -430055 244351 0
199591 -473178 247509 0
187745 -524107 250778 0
202930 -572967 253980 0
198232 225042 1213 0
148118 223251 1338 0
96998 221326 1466 0
60576 218852 1557 0
178058 173039 4503 0
96501 169845 4707 0
136871 121651 7846 0
91013 120840 7961 0
41717 118540 8084 0
-50970 115778 8316 0
196432 76952 10938 0
127978 72637 11109 0
118073 72225 11133 0
9663 70909 11404 0
-53532 67900 11562 0
157263 26143 14275 0
24587 23949 14607 0
96909 -21744 17666 0
70899 -22854 17731 0
52649 -23636 17777 0
38157 -24747 17813 0
12119 -26050 17878 0
-30290 -172225 27704 0
-10941 -217119 30896 0
-39490 -218986 30967 0
200482 -260062 33607 0
152730 -262083 33727 0
145833 -262050 33744 0
105456 -261748 33845 0
256173 -310307 36708 0
215661 -312820 36809 0
108151 -315100 37078 0
85312 -316642 37135 0
36206 -319708 37258 0
264594 -357015 39927 0
227534 -357282 40020 0
158639 -360327 40192 0
113763 -361055 40304 0
44904 -365620 40476 0
157668 -412028 43434 0
124500 -413199 43517 0
200155 -454919 46568 0
140578 -456137 46717 0
189748 -506535 49834 0
199353 -549125 53050 0
243870 209974 88579 0
156963 204324 88796 0
91422 201673 88960 0
75009 201728 89001 0
175657 155322 91989 0
141308 155175 92075 0
64186 154492 92268 0
17008 152670 92386 0
202080 109287 95163 0
113885 109650 95384 0
40464 107715 95567 0
-6534 103869 95685 0
-33889 103809 95753 0
277446 68660 98215 0
183354 65517 98450 0
16934 53286 98866 0
-11897 51124 98938 0
112058 12948 101868 0
79258 11767 101950 0
52525 -38111 105257 0
39692 -39017 105289 0
-17526 -138533 111912 0
-66726 -188737 115275 0
-6721 -238358 118365 0
-64644 -240867 118510 0
282880 -272942 120881 0
195712 -273713 121099 0
153697 -276144 121204 0
106865 -276907 121321 0
240056 -320829 124228 0
129469 -327670 124505 0
181397 -374559 127615 0
110865 -376928 127791 0
230473 -418976 130732 0
226174 -419265 130743 0
196937 -421066 130816 0
171757 -420990 130879 0
77138 -425555 131116 0
199672 -473013 134049 0
187745 -524107 137319 0
203014 -572816 140521 0
212865 243754 172896 0
147166 243098 173061 0
61257 239225 173275 0
222913 192213 176111 0
188876 190568 176196 0
155841 189293 176279 0
64592 185882 176507 0
187381 139401 179440 0
117304 137280 179615 0
29325 137232 179835 0
201408 97480 182645 0
140261 94284 182798 0
22613 84888 183092 0
-34298 84167 183234 0
276517 50158 185697 0
153671 46721 186004 0
110364 46477 186113 0
28484 44104 186317 0
124163 -5705 189318 0
48498 -9885 189507 0
30612 -57791 192792 0
116526 -198878 202297 0
-16230 -201753 202629 0
-68318 -204536 202759 0
186549 -247255 205362 0
119917 -251914 205529 0
5359 -253385 205815 0
-104228 -257469 206089 0
269326 -290990 208395 0
188415 -296655 208598 0
76067 -299476 208878 0
253268 -339708 211675 0
168561 -340735 211887 0
118134 -341358 212013 0
212551 -390424 215017 0
204478 -390678 215037 0
139657 -395566 215199 0
93893 -397224 215314 0
230931 -438752 218211 0
163278 -439980 218380 0
113268 -439673 218505 0
156862 -486689 221636 0
193752 -537292 224784 0
183914 -537730 224809 0
171303 -537774 224840 0
203717 -582356 227999 0
178091 -584317 228063 0
185070 -630826 231286 0
243727 344687 1099 0
195785 343774 1219 0
186231 343327 1243 0
144778 340401 1347 0
217204 299756 4406 0
162934 295765 4541 0
142299 295473 4593 0
82292 293082 4743 0
193333 248241 7705 0
168684 247310 7767 0
135910 246443 7849 0
73375 246086 8005 0
234667 205164 10842 0
169487 202115 11005 0
145635 200583 11065 0
76713 199303 11237 0
48174 198346 11308 0
168211 152888 14248 0
54165 145953 14533 0
196335 104126 17418 0
135425 103844 17570 0
58146 99225 17763 0
29296 97796 17836 0
-53002 96566 18041 0
-54207 96527 18044 0
278948 59925 20451 0
263872 59537 20489 0
184313 53989 20688 0
150301 53377 20773 0
67496 48750 20980 0
46273 48247 21033 0
65388 3384 24225 0
28980 -47537 27556 0
-39378 -151990 34207 0
7952 -192572 37329 0
-46836 -194413 37466 0
185336 -234371 40125 0
121859 -238862 40284 0
-238 -242173 40589 0
-60494 -242886 40740 0
-118167 -246273 40884 0
281411 -281964 43125 0
121394 -290974 43525 0
89737 -292264 43604 0
252650 -331674 46437 0
147463 -338574 46700 0
126077 -339296 46754 0
97828 -340807 46824 0
228156 -380038 49738 0
172200 -382984 49878 0
103242 -383350 50051 0
252231 -427110 52918 0
166582 -430055 53132 0
91038 -435403 53321 0
201567 -483551 56285 0
184540 -483861 56327 0
186279 -528143 59563 0
202966 -573035 62761 0
220204 330035 88638 0
172553 328767 88757 0
104279 323820 88928 0
201743 281883 91924 0
164926 281758 92016 0
142572 281434 92072 0
108934 280046 92156 0
93443 279018 92195 0
249121 235125 95046 0
142620 234227 95312 0
101346 231251 95415 0
161621 183589 98505 0
111938 183237 98629 0
34928 182017 98821 0
170140 136978 101723 0
104173 135183 101888 0
12690 131009 102117 0
-9329 130364 102172 0
186964 87687 104921 0
141147 85109 105036 0
120936 83675 105086 0
27028 77935 105321 0
-62645 75693 105545 0
153675 32659 108260 0
119004 32381 108345 0
81068 31728 108437 0
139780 -11289 111519 0
47516 -12943 111750 0
-34555 -162362 121675 0
132189 -210840 124498 0
31 -212264 124829 0
-34367 -214676 124915 0
-61819 -215806 124983 0
156316 -256424 127678 0
3323 -258496 128061 0
-113382 -267219 128353 0
276960 -298701 130616 0
122327 -301330 131003 0
99353 -302416 131060 0
195942 -349972 134059 0
103129 -354492 134291 0
64589 -356820 134387 0
55855 -357433 134409 0
240956 -398797 137186 0
173058 -402408 137356 0
150330 -402983 137413 0
125445 -404273 137475 0
107076 -404978 137521 0
178655 -445490 140582 0
125387 -447371 140715 0
188967 -496739 143796 0
193852 -543539 147024 0
162763 -545832 147102 0
251714 361665 172800 0
195010 358963 172941 0
127540 355909 173110 0
95980 355325 173189 0
223797 315344 176109 0
143008 312943 176311 0
128043 312198 176349 0
107543 310900 176400 0
78845 309012 176472 0
128546 265039 179587 0
99591 264821 179660 0
50970 261527 179781 0
243776 220995 182539 0
131425 215622 182820 0
170174 165257 185963 0
123622 164939 186080 0
36645 160854 186297 0
195421 122250 189140 0
45726 117466 189514 0
203452 68256 192360 0
132656 65268 192537 0
53493 64958 192735 0
-10618 63254 192895 0
72697 14627 195927 0
26550 13827 196042 0
92931 -29130 199116 0
50543 -30278 199222 0
-22239 -183371 209124 0
-61402 -183513 209222 0
125538 -221420 211995 0
19348 -226787 212260 0
-39703 -231141 212408 0
-61319 -231570 212462 0
-73793 -232048 212493 0
210604 -268244 215022 0
177334 -269087 215105 0
159010 -270073 215151 0
108691 -270671 215277 0
101743 -270868 215294 0
-274 -275325 215549 0
278182 -311408 218093 0
219522 -313342 218240 0
123576 -318732 218480 0
221341 -363204 221475 0
150954 -366455 221651 0
105828 -368601 221764 0
100179 -368881 221778 0
63357 -370191 221870 0
217755 -414501 224724 0
157440 -415810 224875 0
78331 -418537 225073 0
189949 -467833 228034 0
167708 -468749 228090 0
144636 -469298 228147 0
201642 -511122 231245 0
204578 -560613 234477 0
169774 -561373 234564 0
