747
159437 587317 1444 0
213768 536474 4548 0
174618 536038 4646 0
195702 490769 7833 0
140432 490030 7971 0
-29940 481072 8397 0
218183 442639 11017 0
50986 433913 11435 0
218815 390826 14258 0
203935 390384 14294 0
121836 387788 14498 0
-6312 383865 14818 0
243654 344813 17433 0
195785 343774 17553 0
186231 343327 17577 0
144862 340265 17680 0
205460 297224 20769 0
162952 295721 20875 0
142299 295473 20927 0
82437 293118 21076 0
193333 248241 24039 0
168684 247310 24101 0
136031 246464 24182 0
67028 244161 24355 0
230946 202532 27185 0
144157 199249 27402 0
48904 192067 27640 0
38081 191710 27667 0
136147 144786 30662 0
115415 144567 30714 0
82942 143697 30795 0
59227 142102 30854 0
193093 98548 33760 0
37474 93829 34149 0
-12868 90578 34275 0
184313 53989 37022 0
150301 53377 37107 0
67703 48891 37313 0
46273 48247 37367 0
26073 -53492 43897 0
-39378 -151990 50541 0
858 -198211 53680 0
134593 -240735 56586 0
-19120 -246263 56970 0
-83124 -249136 57130 0
-136446 -249088 57264 0
281411 -281964 59459 0
121312 -291101 59859 0
89702 -292446 59938 0
252650 -331674 62771 0
147625 -338438 63033 0
126077 -339296 63087 0
98031 -340742 63157 0
172442 -383067 66211 0
95090 -386458 66405 0
228860 -433134 69310 0
151736 -436347 69503 0
112971 -438402 69600 0
201684 -483622 72618 0
184540 -483861 72661 0
186279 -528143 75897 0
202886 -578018 79095 0
159756 -580723 79203 0
185070 -630826 82380 0
208063 568905 88802 0
203882 522175 92053 0
168877 522217 92140 0
-30031 512272 92638 0
207238 475435 95284 0
189144 474247 95330 0
150327 472769 95427 0
-38592 467821 95899 0
220495 424517 98491 0
127404 421202 98724 0
62967 418912 98885 0
-52331 416369 99173 0
176485 378270 101841 0
158941 377295 101885 0
137734 376036 101938 0
133665 376007 101948 0
80658 372105 102081 0
44847 370925 102170 0
220204 330035 104972 0
172553 328767 105091 0
104279 323820 105262 0
201696 281873 108258 0
120471 276783 108461 0
249235 235075 111379 0
117474 227372 111709 0
104109 227129 111742 0
161663 183610 114838 0
41663 174770 115138 0
66164 131528 118317 0
6438 128990 118466 0
-12861 127908 118515 0
172044 82628 121292 0
136614 82309 121381 0
27028 77935 121655 0
-62697 75628 121879 0
153706 32605 124578 0
119004 32381 124665 0
81284 31714 124759 0
48119 -19932 128082 0
24583 -21363 128141 0
132146 -211049 140832 0
31 -212264 141162 0
-34367 -214676 141248 0
-61899 -215765 141317 0
191291 -258005 143924 0
157665 -259163 144008 0
135481 -260247 144064 0
-31153 -262261 144480 0
-113126 -267343 144685 0
276960 -298701 146950 0
114632 -304273 147356 0
195942 -349972 150393 0
103129 -354492 150625 0
64505 -356766 150721 0
55957 -357327 150743 0
240881 -398761 153520 0
173058 -402408 153690 0
150423 -403065 153746 0
125445 -404273 153809 0
107255 -405040 153854 0
161335 -449402 156959 0
144428 -449864 157001 0
133401 -450225 157029 0
188826 -496765 160130 0
199246 -549104 163344 0
180829 -647046 169870 0
201673 552673 176298 0
-51747 543286 176932 0
208788 503849 179523 0
84188 501806 179832 0
-4742 496305 180054 0
-44370 495338 180153 0
-71697 493378 180222 0
167228 455449 182864 0
157793 455103 182888 0
-31929 450101 183362 0
-63437 449516 183441 0
226075 408383 185957 0
157641 407288 186128 0
88451 404519 186301 0
69883 404446 186348 0
-16573 403835 186564 0
251714 361665 189133 0
195010 358963 189275 0
127399 355729 189444 0
95980 355325 189523 0
223725 315328 192443 0
135320 309716 192664 0
104552 307386 192741 0
78430 306111 192806 0
219258 261098 195706 0
162838 213073 199075 0
92083 209463 199252 0
170174 165257 202297 0
123690 164858 202413 0
36645 160854 202631 0
174481 116007 205526 0
26695 111323 205896 0
-51080 106393 206090 0
203635 68224 208693 0
132656 65268 208871 0
53493 64958 209069 0
-10618 63254 209229 0
72697 14627 212261 0
26550 13827 212376 0
-22239 -183371 225458 0
-61534 -183547 225556 0
122858 -225342 228335 0
19301 -226735 228594 0
-39703 -231141 228742 0
-61145 -231543 228795 0
-73919 -232053 228827 0
210604 -268244 231356 0
159010 -270073 231485 0
240056 -320829 234522 0
128040 -324735 234802 0
159643 -371813 237963 0
104849 -371891 238100 0
59684 -375081 238213 0
230387 -418892 241039 0
171757 -420990 241180 0
102322 -422149 241348 0
84526 -422754 241391 0
190052 -467790 244367 0
167708 -468749 244423 0
144832 -469200 244480 0
201669 -513622 247578 0
176688 -514416 247641 0
204578 -560613 250811 0
169774 -561373 250898 0
121042 366543 7960 1
214664 272488 14206 1
62377 266866 14587 1
192694 223473 17501 1
62010 218195 17828 1
175656 174315 20784 1
83875 170699 21013 1
9663 70909 27679 1
43246 -25002 34075 1
12254 -25949 34152 1
264640 -357045 56201 1
44763 -365649 56751 1
138103 -410795 59758 1
222499 451149 88707 1
45922 395961 92388 1
286435 356216 95027 1
172233 352652 95312 1
168244 352526 95322 1
222013 305819 98428 1
100304 300758 98732 1
146262 254458 101857 1
156120 205906 105073 1
16860 152508 108661 1
170841 60582 114756 1
74244 8758 118237 1
45377 6982 118310 1
138228 -426996 147239 1
199591 -473178 150324 1
79649 429888 176544 1
238479 386794 179387 1
204254 385835 179472 1
125125 383344 179670 1
49522 380093 179859 1
54392 331971 183087 1
154332 286558 186077 1
222913 192213 192386 1
189043 190537 192470 1
155841 189293 192553 1
64783 185943 192781 1
119476 91440 199124 1
124287 -5768 205592 1
47038 -8844 205785 1
30709 -57823 209066 1
173215 -246922 221670 1
5514 -253398 222089 1
-104154 -257542 222363 1
75888 -299388 225153 1
101948 -346522 228328 1
179217 -538743 241095 1
207726 551934 1254 2
157376 548308 1380 2
208877 503819 4491 2
-5893 493775 5028 2
-57504 492268 5157 2
228593 450235 7682 2
204299 449796 7743 2
152861 446054 7871 2
106245 443264 7988 2
245953 401897 10879 2
189660 398008 11019 2
149298 396710 11120 2
131037 395980 11166 2
102961 394272 11236 2
59625 393718 11345 2
286508 356123 14017 2
201380 351750 14230 2
124141 349344 14423 2
82184 347836 14528 2
63747 346898 14574 2
222177 305871 17418 2
177346 304839 17530 2
175786 304753 17534 2
146070 304246 17608 2
121733 304149 17669 2
66637 303226 17807 2
219287 260911 20665 2
178468 258810 20767 2
119818 256190 20914 2
100525 254816 20962 2
93320 254695 20980 2
64117 254448 21053 2
59721 254335 21064 2
243870 209974 23844 2
156963 204324 24061 2
91422 201673 24225 2
75093 201505 24266 2
175705 155236 27254 2
148080 153386 27323 2
60908 152869 27541 2
25471 150977 27630 2
202080 109287 30428 2
40464 107715 30832 2
-33889 103809 31018 2
277446 68660 33480 2
183325 65447 33715 2
16934 53286 34131 2
-12057 51189 34204 2
112058 12948 37133 2
79258 11767 37215 2
52525 -38111 40522 2
39692 -39017 40554 2
-17526 -138533 47177 2
7848 -192469 50354 2
-46836 -194413 50491 2
185291 -234412 53150 2
-6721 -238358 53630 2
-64644 -240867 53775 2
282880 -272942 56146 2
153697 -276144 56469 2
189487 -331101 59620 2
75399 -333716 59905 2
181397 -374559 62880 2
110865 -376928 63056 2
230473 -418976 65997 2
226174 -419265 66008 2
196937 -421066 66081 2
171747 -421104 66144 2
77138 -425555 66381 2
199672 -473013 69314 2
187745 -524107 72584 2
202930 -572967 75786 2
213711 536318 88719 2
189309 534924 88780 2
-41811 524955 89358 2
181588 483761 92040 2
77877 482678 92299 2
-24325 478260 92554 2
216862 438609 95191 2
199330 437640 95235 2
159289 435082 95335 2
113718 431702 95449 2
79649 429888 95535 2
-61406 425623 95887 2
238532 386734 98377 2
204087 385875 98463 2
125278 383359 98660 2
100104 382650 98723 2
59495 382582 98825 2
32474 381789 98892 2
283275 338604 101505 2
131449 336877 101885 2
54458 331815 102077 2
200463 290063 104952 2
154199 286629 105068 2
97674 285570 105209 2
212865 243754 108161 2
61086 239032 108541 2
222913 192213 111376 2
188876 190568 111461 2
155841 189293 111544 2
64592 185882 111772 2
187381 139401 114705 2
117304 137280 114880 2
29325 137232 115100 2
201408 97480 117910 2
140261 94284 118063 2
-12688 90407 118445 2
276517 50158 120962 2
153671 46721 121269 2
110364 46477 121378 2
124163 -5705 124583 2
48498 -9885 124772 2
30612 -57791 128057 2
116526 -198878 137562 2
-16230 -201753 137894 2
-68318 -204536 138024 2
186549 -247255 140627 2
119917 -251914 140794 2
5359 -253385 141080 2
-104228 -257469 141354 2
269326 -290990 143660 2
188415 -296655 143863 2
122327 -301330 144028 2
99353 -302416 144085 2
253268 -339708 146940 2
168561 -340735 147152 2
108066 -344698 147303 2
212551 -390424 150282 2
204478 -390678 150302 2
139691 -395477 150464 2
93893 -397224 150579 2
230931 -438752 153476 2
163278 -439980 153645 2
111048 -442446 153776 2
156862 -486689 156901 2
193752 -537292 160049 2
183914 -537730 160074 2
171399 -537784 160105 2
203717 -582356 163264 2
178113 -584189 163328 2
210332 562825 172968 2
172113 512170 176303 2
103385 510431 176475 2
-51077 502823 176861 2
198218 469048 179478 2
94202 461701 179738 2
-34711 457221 180060 2
224089 422283 182653 2
156869 419049 182821 2
125400 417251 182900 2
71334 417139 183035 2
258499 370753 185807 2
192924 366199 185971 2
104876 363416 186191 2
56149 361151 186313 2
5284 359466 186440 2
221355 318984 189140 2
175281 317781 189255 2
135674 314930 189354 2
108868 314420 189421 2
74296 312980 189508 2
214632 272467 192397 2
176511 269642 192492 2
128063 266205 192613 2
118609 265917 192637 2
99677 264757 192684 2
243623 221060 195583 2
133910 218837 195849 2
117170 218694 195890 2
62162 218074 196024 2
178058 173039 198968 2
102276 168042 199158 2
195365 122414 202165 2
136871 121651 202311 2
91013 120840 202426 2
45726 117466 202539 2
-50970 115778 202781 2
196432 76952 205403 2
127978 72637 205574 2
118073 72225 205598 2
9663 70909 205869 2
-53532 67900 206027 2
157263 26143 208740 2
27874 19110 209064 2
14706 18383 209097 2
96909 -21744 212131 2
70899 -22854 212196 2
52649 -23636 212242 2
12119 -26050 212343 2
-30290 -172225 222169 2
122111 -220449 225028 2
200482 -260062 228072 2
152730 -262083 228192 2
278182 -311408 231118 2
219522 -313342 231265 2
108151 -315100 231543 2
85312 -316642 231600 2
36206 -319708 231723 2
264594 -357015 234392 2
227534 -357282 234485 2
158639 -360327 234657 2
113763 -361055 234769 2
44904 -365620 234941 2
209635 -411550 237770 2
157668 -412028 237899 2
124500 -413199 237982 2
200155 -454919 241033 2
140578 -456137 241182 2
194918 -508837 244286 2
179036 -508872 244326 2
199285 -555032 247515 2
58977 -4250 299 3
124052 -5678 458 3
194486 628835 1281 3
167681 627752 1348 3
28980 -47537 3460 3
195678 575747 4518 3
207164 531584 7730 3
190906 530766 7770 3
163874 529890 7838 3
-31909 516537 8327 3
178280 479110 11042 3
-38592 467821 11584 3
-66881 -188708 12940 3
7848 -192469 13127 3
116526 -198878 13399 3
151934 430116 14348 3
125397 430202 14414 3
79649 429888 14529 3
-101688 -240188 16093 3
-64644 -240867 16186 3
-39980 -241322 16248 3
-276 -242412 16347 3
106488 -244452 16614 3
114046 -244640 16633 3
171029 -248641 16775 3
238532 386734 17380 3
204087 385875 17463 3
89348 378071 17744 3
27386 377994 17899 3
77786 -290749 19782 3
84838 -290781 19800 3
94108 -290836 19823 3
188238 -296622 20058 3
214277 -297447 20123 3
276753 -298716 20280 3
54392 331971 21073 3
34891 -340235 22915 3
79470 -340669 23026 3
96157 -341475 23068 3
118242 -341386 23123 3
201632 282077 23958 3
164926 281758 24047 3
142572 281434 24101 3
114530 279230 24171 3
93603 279064 24222 3
105818 -394826 26332 3
139514 -395538 26416 3
161961 -396803 26473 3
240715 -398760 26669 3
149428 237211 27320 3
67763 232323 27518 3
111048 -442446 29585 3
178655 -445490 29754 3
222913 192213 30377 3
188876 190568 30459 3
155628 189366 30539 3
64592 185882 30766 3
187381 139401 33699 3
117304 137280 33874 3
12690 131009 34136 3
-9329 130364 34191 3
171218 -537778 36216 3
183792 -537761 36247 3
186830 87805 36964 3
22613 84888 37360 3
-34400 84232 37498 3
121702 36558 40343 3
139780 -11289 43538 3
47516 -12943 43769 3
30612 -57791 47051 3
-34555 -162362 53694 3
1681 -210406 56843 3
-29413 -211973 56921 3
-73985 -214064 57033 3
186549 -247255 59621 3
119917 -251914 59788 3
5359 -253385 60074 3
-104228 -257469 60348 3
276805 -298570 62667 3
122336 -301372 63039 3
99353 -302416 63095 3
195753 -349759 66079 3
151843 -349822 66188 3
64006 -351698 66408 3
52548 -351913 66436 3
205688 -396443 69293 3
162101 -396898 69402 3
106534 -400678 69541 3
66101 -402297 69642 3
224390 -442484 72487 3
187048 -442889 72580 3
125387 -447371 72734 3
193852 -543539 79043 3
29004 -15099 87700 3
210332 562825 91962 3
-58923 548746 92635 3
195762 510378 95238 3
173786 508706 95293 3
151591 507904 95349 3
-51077 502823 95855 3
-34555 -162362 97261 3
161066 464082 98565 3
131158 463108 98640 3
118142 462511 98672 3
94202 461701 98732 3
-34711 457221 99054 3
-69833 -205142 100413 3
-3000 -209209 100580 3
218093 413787 101662 3
208533 413162 101686 3
138502 411123 101861 3
83323 407985 101999 3
545 405850 102206 3
-104228 -257469 103581 3
3129 -258591 103841 3
105188 -261558 104091 3
145763 -261980 104192 3
152601 -261991 104209 3
193588 -265211 104312 3
258499 370753 104815 3
193029 366449 104974 3
120903 366452 105151 3
55984 361309 105313 3
5243 359555 105435 3
70263 -311055 107243 3
215661 -312820 107607 3
252501 -314498 107699 3
221154 319077 108161 3
175072 317790 108272 3
135504 314977 108369 3
108784 314502 108434 3
74296 312980 108517 3
52137 -360382 110438 3
113763 -361055 110592 3
147917 -362917 110677 3
221341 -363204 110861 3
214632 272467 111403 3
176511 269642 111497 3
128063 266205 111616 3
118609 265917 111639 3
99591 264821 111685 3
51143 261692 111803 3
107076 -404978 113815 3
209455 -411425 114071 3
243776 220995 114582 3
133910 218837 114847 3
117088 218776 114888 3
62162 218074 115021 3
140578 -456137 117139 3
178058 173039 117964 3
102276 168042 118152 3
20576 163414 118356 3
179036 -508872 120475 3
194817 -508975 120515 3
195365 122414 121169 3
136647 121583 121311 3
91013 120840 121421 3
45726 117466 121533 3
-50970 115778 121775 3
172485 -559445 123708 3
204578 -560613 123785 3
196432 76952 124397 3
127978 72637 124568 3
117872 72369 124593 3
39284 66113 124789 3
824 66239 124886 3
-31121 65316 124965 3
-52632 65219 125019 3
157298 26199 127734 3
152085 26211 127747 3
40902 18931 128025 3
27805 18868 128058 3
14940 18258 128090 3
92902 -29042 131135 3
50517 -30162 131241 3
-26063 -179153 141153 3
-47461 -180230 141206 3
125538 -221420 144014 3
19301 -226735 144279 3
210604 -268244 147045 3
177334 -269087 147125 3
159010 -270073 147170 3
108691 -270671 147296 3
101743 -270868 147313 3
-274 -275325 147568 3
278182 -311408 150112 3
219522 -313342 150259 3
123696 -318787 150498 3
36206 -319708 150717 3
264594 -357015 153386 3
157022 -362002 153655 3
126681 -364138 153731 3
83722 -364545 153838 3
44904 -365620 153935 3
209635 -411550 156764 3
157737 -411926 156893 3
124500 -413199 156976 3
145694 -464632 160163 3
201642 -511122 163264 3
195140 -511129 163280 3
199285 -555032 166509 3
-86235 628659 173703 3
50517 -30162 175234 3
169402 593740 176304 3
176148 541144 179527 3
199735 495813 182708 3
175356 495124 182769 3
115696 495096 182918 3
-38963 488310 183305 3
-60311 486652 183358 3
-26263 -179178 184762 3
228593 450235 185876 3
204299 449796 185937 3
152933 446169 186065 3
106245 443264 186182 3
19301 -226735 188116 3
185301 -234456 188531 3
245953 401897 189083 3
189743 398025 189220 3
149335 396769 189317 3
131037 395980 189361 3
102979 394235 189430 3
75467 392528 189499 3
-113382 -267219 191024 3
-274 -275325 191307 3
106810 -277001 191575 3
255798 -285216 191947 3
286508 356123 192233 3
201380 351750 192438 3
124039 349441 192624 3
82184 347836 192725 3
63894 347004 192769 3
89862 -323996 194772 3
127855 -324688 194867 3
252650 -331674 195179 3
135918 301066 195836 3
100206 300890 195923 3
51516 -374408 197916 3
95875 -374993 198027 3
227900 -380105 198357 3
182039 254322 198962 3
81450 250079 199204 3
52114 249266 199277 3
77024 -425698 201220 3
134705 -428192 201364 3
234667 205164 202066 3
169487 202115 202224 3
145635 200583 202284 3
76713 199303 202456 3
48174 198346 202527 3
171776 -477171 204697 3
175654 155246 205451 3
148028 153487 205518 3
60908 152869 205735 3
25471 150977 205824 3
158296 -520356 207903 3
201981 109048 208631 3
135425 103844 208796 3
58084 99357 208983 3
29296 97796 209054 3
-53002 96566 209260 3
-54207 96527 209263 3
177352 -569842 211191 3
256304 61399 211748 3
170841 60582 211955 3
58095 53642 212228 3
16934 53286 212328 3
-12057 51189 212399 3
74103 8833 215422 3
45395 6825 215494 3
47177 -41972 218730 3
28159 -43197 218777 3
7952 -192572 228548 3
-46836 -194413 228685 3
185301 -234456 231344 3
131710 -238617 231478 3
121859 -238862 231503 3
-276 -242412 231808 3
-60307 -242768 231958 3
-117898 -246404 232102 3
281411 -281964 234360 3
252557 -331617 237670 3
110948 -335909 238010 3
228087 -379912 240957 3
172200 -382984 241097 3
116889 -382813 241235 3
103315 -383334 241269 3
252231 -427110 244137 3
166582 -430055 244351 3
199591 -473178 247509 3
187745 -524107 250778 3
202930 -572967 253980 3
