31
-1759580 8387 12 1
175889 8260 18 0
138318 459369 12 0
163713 -545030 18 1
162778 -545902 18 1
163234 -545032 18 1
162686 -545566 18 1
163238 -545892 18 1
162878 -545850 18 1
164034 -545628 18 1
163066 -545059 18 1
163192 -545379 18 1
162865 -545953 18 1
163090 -545234 18 1
162848 -545606 18 1
163020 -545633 18 1
162736 -545935 18 1
163544 -545898 18 1
163333 -545831 18 1
163404 -545861 18 1
163021 -545610 18 1
162829 -545530 18 1
162847 -545369 18 1
162893 -545499 18 1
138191 459480 18 1
138059 459362 18 1
138115 459303 18 1
138470 459343 18 1
138038 459707 18 1
138062 459652 18 1
138075 459487 18 1