422
99590 -287544 373 0
211954 -306840 1333 0
251515 -312183 1671 0
208144 311816 3281 0
176352 307131 3561 0
144566 304660 3824 0
120221 302563 4033 0
87627 298219 4311 0
49830 294213 4634 0
151717 -465105 11895 0
181490 -468434 12150 0
166545 142653 14714 0
157991 140758 14787 0
149859 140045 14856 0
113851 137805 15164 0
91719 133948 15353 0
57503 133258 15646 0
-48942 115685 16555 0
-51140 115642 16574 0
186077 -634338 23266 0
91932 -28815 26428 0
62504 -35448 26680 0
23186 -41765 27016 0
-54011 531570 32291 0
103881 510310 33640 0
187376 495434 34354 0
13861 -211175 38172 0
-34598 -214714 38587 0
-75905 -220377 38940 0
35736 345965 44172 0
72395 341191 44490 0
121560 338472 44869 0
193031 327217 45479 0
212232 324728 45643 0
253460 -343069 47201 0
228057 -348705 47419 0
166638 -356805 47944 0
98854 -362688 48523 0
53193 182381 55361 0
110446 174050 55850 0
140477 172177 56107 0
150171 169682 56191 0
176005 167222 56411 0
191567 164736 56544 0
202491 -516338 58714 0
72522 14482 66603 0
226479 445593 80730 0
181093 442493 81078 0
150218 437384 81315 0
93144 435528 81802 0
12309 421205 82493 0
2098 419530 82581 0
-56028 417914 83077 0
-73849 416298 83230 0
29769 -313643 88391 0
79390 -318319 88816 0
122799 -322561 89187 0
167259 -332471 89567 0
209231 -338945 89925 0
253460 -343069 90303 0
217925 279295 91817 0
200221 276757 91986 0
180700 275269 92135 0
153649 273990 92362 0
119341 270034 92655 0
86581 269273 92935 0
153844 -498077 100529 0
181768 -501826 100767 0
201662 110175 103091 0
21960 95393 104565 0
6728 92578 104695 0
-14450 88451 104876 0
-26637 87107 104980 0
-45561 83442 105142 0
-68015 81546 105334 0
173023 632501 111770 0
-55421 494825 120894 0
-26061 487663 121145 0
117709 472499 122374 0
122891 471565 122418 0
176316 463415 122875 0
181367 462101 122920 0
227946 456277 123316 0
118174 -228257 125896 0
9713 -242471 126823 0
-18187 -248590 127062 0
-89438 -252017 127671 0
65400 310901 133004 0
90761 306468 133220 0
120221 302563 133472 0
164941 300170 133854 0
196671 295095 134126 0
172187 -383114 136511 0
100310 -400852 137160 0
78998 -402254 137324 0
-52509 161142 143073 0
11743 158269 143622 0
113851 137805 144495 0
146886 135445 144777 0
196299 134124 145199 0
205718 -548114 147302 0
199224 -549211 147357 0
11881 -9111 154700 0
61753 -21308 155126 0
200573 577316 158423 0
-54544 548616 160603 0
-66740 547904 160707 0
-45131 -167684 165290 0
-30556 -170989 165414 0
217883 413772 169352 0
182044 408101 169658 0
152854 405914 169907 0
138689 403150 170029 0
103991 398982 170325 0
-12405 382838 171320 0
86966 -353641 177496 0
104736 -357526 177648 0
162412 -365232 178141 0
176131 240487 180804 0
132309 236463 181160 0
97670 232457 181456 0
60287 232001 181776 0
178970 -535186 189359 0
193718 -537363 189485 0
194875 83960 191702 0
126510 68711 192286 0
16838 53260 193286 0
-86319 628509 198168 0
156908 598965 200247 0
-52982 464576 209530 0
-33918 463444 209693 0
104969 438393 210880 0
150218 437384 211267 0
207742 426424 211759 0
213883 425504 211811 0
176700 -252145 214011 0
156198 -256435 214187 0
126207 -258578 214443 0
15384 -274757 215390 0
32783 285342 221340 0
39718 285225 221400 0
44867 284465 221444 0
71305 283631 221670 0
81128 282138 221753 0
131409 275747 222183 0
187847 267154 222666 0
184549 -414613 225021 0
150253 -423376 225314 0
51480 118859 232577 0
91028 112807 232915 0
116667 108427 233134 0
164932 104103 233547 0
192910 98405 233786 0
201158 97452 233856 0
188996 -584816 236060 0
169065 -589507 236230 0
43526 -48421 243586 0
178066 544723 247230 0
156566 542224 247414 0
-31976 516322 249026 0
-50479 -207916 253897 0
-3066 -209368 254271 0
13861 -211175 254409 0
118174 -228257 255301 0
136420 -230827 255457 0
169124 -235005 255736 0
186368 -235096 255884 0
242487 388119 257757 0
214744 384418 257994 0
139735 372279 258635 0
60873 364709 259309 0
39908 363750 259488 0
61018 -386719 265889 0
96412 -389563 266192 0
137163 -397022 266540 0
172846 -402433 266865 0
199091 -405177 267069 0
248320 -405706 267490 0
245985 222617 268804 0
151078 205043 269615 0
125237 204357 269836 0
76032 199637 270256 0
69617 198052 270311 0
163263 -562625 277840 0
179409 46035 280450 0
160475 41583 280612 0
121492 36433 280945 0
70420 33694 281381 0
175082 563714 289018 0
210490 563051 289321 0
-41569 -148470 293415 0
2098 419530 298616 0
50154 410437 299074 0
77875 410315 299304 0
109252 406618 299542 0
138689 403150 299784 0
169043 398983 300043 0
199976 397973 300308 0
242487 388119 300671 0
283985 -271351 301710 0
266734 -274227 301857 0
122499 -293630 303090 0
107307 -293795 303220 0
91760 -296355 303353 0
75823 240690 310390 0
132309 236463 310821 0
144059 234971 310911 0
192782 226374 311345 0
245985 222617 311778 0
201403 -447117 313493 0
185116 -448098 313632 0
173250 -450905 313733 0
164679 -451035 313806 0
148018 -452630 313949 0
-61058 99428 320231 0
-25698 92763 320533 0
4109 90831 320787 0
63988 83327 321299 0
89039 77018 321513 0
117827 72169 321759 0
169350 65365 322200 0
278190 50970 323130 0
207753 510455 335606 0
195636 510153 335703 0
126010 500617 336291 0
-26061 487663 337591 0
-68344 481571 337952 0
-61861 -233341 342377 0
-52322 -235044 342459 0
-38492 -235900 342577 0
-18513 -239836 342748 0
-5405 -241926 342860 0
-377 -242433 342903 0
9713 -242471 342989 0
119167 -256485 343925 0
145692 -262071 344151 0
152489 -262155 344210 0
179783 -267033 344443 0
219580 -273364 344783 0
265025 -281177 345181 0
278432 358128 346065 0
237076 352839 346418 0
185568 349597 346859 0
125257 335013 347374 0
61004 324981 347971 0
134674 -428245 355134 0
147347 -428490 355243 0
188575 -433714 355595 0
221920 -441652 355880 0
182688 180272 357960 0
170029 177816 358068 0
144307 176276 358288 0
110446 174050 358578 0
42111 159722 359162 0
11743 158269 359421 0
158883 -596607 366418 0
113981 927 369624 0
94874 -171 369788 0
58958 -4338 370095 0
11881 -9111 370497 0
161010 529362 377545 0
190612 528281 377777 0
212825 527469 377956 0
-1825 -181064 381707 0
-40966 -184531 382026 0
32290 381716 387490 0
70294 377834 387815 0
129222 373443 388318 0
139735 372279 388408 0
158495 368920 388569 0
180600 364580 388758 0
227725 358452 389160 0
282300 352733 389627 0
270310 -308256 390442 0
251515 -312183 390603 0
215594 -313053 390910 0
184518 -318870 391175 0
101608 -330446 391884 0
75319 -333756 392109 0
125237 204357 399361 0
168075 201242 399727 0
185047 200189 399872 0
211699 196468 400100 0
201511 -483745 402107 0
-66862 66295 408796 0
-47481 63520 408962 0
-4964 56797 409325 0
16838 53260 409512 0
101228 38550 410266 0
121492 36433 410420 0
153650 32392 410681 0
213907 -647933 413078 0
175748 639452 413406 0
196057 481742 424307 0
160191 479704 424614 0
153678 478145 424670 0
131237 475100 424861 0
117709 472499 424977 0
-32071 450097 426257 0
-41956 449685 426342 0
-51076 448321 426420 0
-68664 445374 426570 0
-124242 -264248 430460 0
-21398 -271148 431339 0
-6057 -272360 431470 0
15384 -274757 431653 0
45526 -281781 431911 0
99590 -287544 432373 0
211954 -306840 433333 0
251515 -312183 433671 0
208144 311816 435281 0
176352 307131 435561 0
144566 304660 435824 0
120221 302563 436033 0
87627 298219 436311 0
49830 294213 436634 0
151717 -465105 443895 0
181490 -468434 444150 0
166545 142653 446714 0
157991 140758 446787 0
149859 140045 446856 0
113851 137805 447164 0
91719 133948 447353 0
57503 133258 447646 0
-48942 115685 448555 0
-51140 115642 448574 0
186077 -634338 455266 0
91932 -28815 458428 0
62504 -35448 458680 0
23186 -41765 459016 0
-54011 531570 464291 0
103881 510310 465640 0
187376 495434 466354 0
13861 -211175 470172 0
-34598 -214714 470587 0
-75905 -220377 470940 0
35736 345965 476172 0
72395 341191 476490 0
121560 338472 476869 0
193031 327217 477479 0
212232 324728 477643 0
253460 -343069 479201 0
228057 -348705 479419 0
166638 -356805 479944 0
98854 -362688 480523 0
53193 182381 487361 0
110446 174050 487850 0
140477 172177 488107 0
150171 169682 488191 0
176005 167222 488411 0
191567 164736 488544 0
202491 -516338 490714 0
72522 14482 498603 0
226479 445593 512730 0
181093 442493 513078 0
150218 437384 513315 0
93144 435528 513802 0
12309 421205 514493 0
2098 419530 514581 0
-56028 417914 515077 0
-73849 416298 515230 0
29769 -313643 520391 0
79390 -318319 520816 0
122799 -322561 521187 0
167259 -332471 521567 0
209231 -338945 521925 0
253460 -343069 522303 0
217925 279295 523817 0
200221 276757 523986 0
180700 275269 524135 0
153649 273990 524362 0
119341 270034 524655 0
86581 269273 524935 0
153844 -498077 532529 0
181768 -501826 532767 0
201662 110175 535091 0
21960 95393 536565 0
6728 92578 536695 0
-14450 88451 536876 0
-26637 87107 536980 0
-45561 83442 537142 0
-68015 81546 537334 0
173023 632501 543770 0
-55421 494825 552894 0
-26061 487663 553145 0
117709 472499 554374 0
122891 471565 554418 0
176316 463415 554875 0
181367 462101 554920 0
227946 456277 555316 0
118174 -228257 557896 0
9713 -242471 558823 0
-18187 -248590 559062 0
-89438 -252017 559671 0
65400 310901 565004 0
90761 306468 565220 0
120221 302563 565472 0
164941 300170 565854 0
196671 295095 566126 0
172187 -383114 568511 0
100310 -400852 569160 0
78998 -402254 569324 0
-52509 161142 575073 0
11743 158269 575622 0
113851 137805 576495 0
146886 135445 576777 0
196299 134124 577199 0
205718 -548114 579302 0
199224 -549211 579357 0
11881 -9111 586700 0
61753 -21308 587126 0
200573 577316 590423 0
-54544 548616 592603 0
-66740 547904 592707 0
-45131 -167684 597290 0
-30556 -170989 597414 0
217883 413772 601352 0
182044 408101 601658 0
152854 405914 601907 0
138689 403150 602029 0
103991 398982 602325 0
-12405 382838 603320 0
