1004
159437 587317 1444 0
213768 536474 4548 0
174618 536038 4646 0
195702 490769 7833 0
140432 490030 7971 0
-29940 481072 8397 0
218183 442639 11017 0
50986 433913 11435 0
218815 390826 14258 0
203935 390384 14294 0
121836 387788 14498 0
-6312 383865 14818 0
243654 344813 17433 0
195785 343774 17553 0
186231 343327 17577 0
144862 340265 17680 0
205460 297224 20769 0
162952 295721 20875 0
142299 295473 20927 0
82437 293118 21076 0
193333 248241 24039 0
168684 247310 24101 0
136031 246464 24182 0
67028 244161 24355 0
230946 202532 27185 0
144157 199249 27402 0
48904 192067 27640 0
38081 191710 27667 0
136147 144786 30662 0
115415 144567 30714 0
82942 143697 30795 0
59227 142102 30854 0
193093 98548 33760 0
37474 93829 34149 0
-12868 90578 34275 0
184313 53989 37022 0
150301 53377 37107 0
67703 48891 37313 0
46273 48247 37367 0
26073 -53492 43897 0
-39378 -151990 50541 0
858 -198211 53680 0
134593 -240735 56586 0
-19120 -246263 56970 0
-83124 -249136 57130 0
-136446 -249088 57264 0
281411 -281964 59459 0
121312 -291101 59859 0
89702 -292446 59938 0
252650 -331674 62771 0
147625 -338438 63033 0
126077 -339296 63087 0
98031 -340742 63157 0
172442 -383067 66211 0
95090 -386458 66405 0
228860 -433134 69310 0
151736 -436347 69503 0
112971 -438402 69600 0
201684 -483622 72618 0
184540 -483861 72661 0
186279 -528143 75897 0
202886 -578018 79095 0
159756 -580723 79203 0
185070 -630826 82380 0
208063 568905 88802 0
203882 522175 92053 0
168877 522217 92140 0
-30031 512272 92638 0
207238 475435 95284 0
189144 474247 95330 0
150327 472769 95427 0
-48979 465822 95925 0
-62973 465696 95960 0
220495 424517 98491 0
127404 421202 98724 0
62967 418912 98885 0
-52331 416369 99173 0
176485 378270 101841 0
158941 377295 101885 0
137734 376036 101938 0
133665 376007 101948 0
80658 372105 102081 0
44847 370925 102170 0
220204 330035 104972 0
172553 328767 105091 0
104279 323820 105262 0
120471 276783 108461 0
249235 235075 111379 0
117474 227372 111709 0
104109 227129 111742 0
161663 183610 114838 0
41663 174770 115138 0
66164 131528 118317 0
6438 128990 118466 0
-12861 127908 118515 0
172044 82628 121292 0
136614 82309 121381 0
27028 77935 121655 0
-62697 75628 121879 0
153706 32605 124578 0
119004 32381 124665 0
81284 31714 124759 0
48119 -19932 128082 0
24583 -21363 128141 0
132146 -211049 140832 0
31 -212264 141162 0
-34367 -214676 141248 0
-61899 -215765 141317 0
191291 -258005 143924 0
157665 -259163 144008 0
135481 -260247 144064 0
-31153 -262261 144480 0
-113126 -267343 144685 0
114632 -304273 147356 0
149673 -355699 150508 0
104919 -357492 150620 0
55855 -357433 150743 0
173058 -402408 153690 0
150423 -403065 153746 0
125445 -404273 153809 0
161335 -449402 156959 0
144428 -449864 157001 0
133401 -450225 157029 0
188826 -496765 160130 0
199246 -549104 163344 0
180829 -647046 169870 0
201673 552673 176298 0
-51747 543286 176932 0
202469 504380 179536 0
84188 501806 179832 0
-4742 496305 180054 0
-44370 495338 180153 0
-71697 493378 180222 0
167228 455449 182864 0
157793 455103 182888 0
-31929 450101 183362 0
-63437 449516 183441 0
226075 408383 185957 0
157641 407288 186128 0
88451 404519 186301 0
69883 404446 186348 0
-16573 403835 186564 0
251714 361665 189133 0
195010 358963 189275 0
127399 355729 189444 0
95980 355325 189523 0
223725 315328 192443 0
135320 309716 192664 0
104552 307386 192741 0
78430 306111 192806 0
162838 213073 199075 0
92083 209463 199252 0
170174 165257 202297 0
123690 164858 202413 0
36645 160854 202631 0
174481 116007 205526 0
26695 111323 205896 0
-51080 106393 206090 0
203635 68224 208693 0
132656 65268 208871 0
53493 64958 209069 0
-10618 63254 209229 0
72697 14627 212261 0
26550 13827 212376 0
-22239 -183371 225458 0
-61534 -183547 225556 0
122858 -225342 228335 0
-39547 -231407 228741 0
-61145 -231543 228795 0
-73919 -232053 228827 0
195712 -273713 231393 0
104035 -274679 231622 0
240056 -320829 234522 0
159643 -371813 237963 0
104849 -371891 238100 0
59684 -375081 238213 0
217755 -414501 241058 0
102322 -422149 241347 0
190052 -467790 244367 0
167708 -468749 244423 0
144832 -469200 244480 0
201669 -513622 247578 0
176688 -514416 247641 0
190676 -563749 250846 0
151725 -566357 250943 0
194631 227390 1222 4
96501 169845 4707 4
49931 124077 8064 4
-45515 121513 8302 4
-53532 67900 11562 4
75351 29158 14480 4
12701 26386 14637 4
90980 -20741 17681 4
61786 -21285 17754 4
-10941 -217119 30896 4
-39490 -218986 30967 4
175676 -265576 33669 4
139689 -265595 33759 4
242457 -308110 36742 4
75364 -411442 43640 4
156089 -503099 49918 4
123978 209698 88879 4
82978 206948 88981 4
45298 203855 89075 4
141308 155175 92075 4
64186 154492 92268 4
168859 113845 95246 4
113885 109650 95384 4
-6534 103869 95685 4
-18344 58515 98954 4
34490 -37922 105302 4
105282 -326758 124565 4
91755 -379041 127839 4
186202 -571661 140563 4
29325 137232 179835 4
101288 88826 182895 4
113437 43218 186105 4
-50318 -207775 202714 4
-3937 -252254 205838 4
-14686 -252213 205865 4
93893 -397224 215314 4
168868 -584188 228086 4
158875 -264610 23167 8
156137 -414743 32880 8
180981 307165 1184 12
73374 290975 88933 12
70375 268757 176421 12
159133 496896 10005 20
62774 401684 16244 20
124231 352271 19638 20
161092 529462 94250 20
203178 563111 396 24
160805 495628 91009 24
170125 394201 97514 24
121042 366543 7960 1
214664 272488 14206 1
62377 266866 14587 1
192694 223473 17501 1
62010 218195 17828 1
175656 174315 20784 1
83875 170699 21013 1
9663 70909 27679 1
43246 -25002 34075 1
12254 -25949 34152 1
264640 -357045 56201 1
44763 -365649 56751 1
138103 -410795 59758 1
222499 451149 88707 1
45922 395961 92388 1
172233 352652 95312 1
168244 352526 95322 1
100304 300758 98732 1
146262 254458 101857 1
156120 205906 105073 1
16860 152508 108661 1
170841 60582 114756 1
74244 8758 118237 1
45377 6982 118310 1
138228 -426996 147239 1
49522 380093 179859 1
119476 91440 199124 1
47038 -8844 205785 1
75888 -299388 225153 1
101948 -346522 228328 1
179217 -538743 241095 1
243345 349405 1100 5
126574 341487 1392 5
38968 341206 1611 5
204557 297154 4437 5
162226 294807 4543 5
88316 289857 4728 5
177728 244978 7744 5
159771 243980 7789 5
146998 243308 7821 5
54994 242357 8051 5
234667 205164 10842 5
166798 154122 14252 5
54165 145953 14533 5
34793 96132 17822 5
-68261 94512 18079 5
278948 59925 20451 5
263872 59537 20489 5
180168 53269 20698 5
50990 49444 21021 5
65388 3384 24225 5
-40611 -150065 34210 5
126929 -243260 40271 5
-40601 -245747 40690 5
-107909 -247597 40859 5
89008 -291907 43606 5
167847 -339187 46650 5
166933 -385525 49891 5
160564 -385575 49907 5
143729 -386489 49949 5
149592 -432363 53175 5
132459 -433520 53218 5
91038 -435403 53321 5
184532 -483114 56327 5
165430 -532968 59615 5
159134 -578397 62871 5
91114 325296 88961 5
137405 282721 92085 5
137354 232974 95325 5
149506 182303 98535 5
33739 180550 98824 5
21868 125145 102094 5
141147 85109 105036 5
120936 83675 105086 5
39333 -16032 111770 5
103129 -354492 134291 5
64589 -356820 134387 5
139459 -401567 137440 5
155069 -447973 140641 5
162751 -545952 147102 5
192157 365417 172948 5
143008 312943 176311 5
128043 312198 176349 5
107543 310900 176400 5
78845 309012 176472 5
128546 265039 179587 5
66916 261378 179742 5
110707 216906 182872 5
28737 157897 186317 5
169729 116181 189204 5
155966 -269391 215159 5
60613 -368172 221877 5
157440 -415810 224875 5
156485 -566656 234614 5
11759 158303 124 9
58262 309818 87571 17
78692 308579 87623 17
88918 308358 87648 17
176458 307236 87867 17
66248 261458 90831 17
68439 293806 175077 17
135665 246325 178485 17
207726 551934 1254 2
157376 548308 1380 2
208877 503819 4491 2
-5893 493775 5028 2
-57504 492268 5157 2
228593 450235 7682 2
204299 449796 7743 2
152861 446054 7871 2
106245 443264 7988 2
245953 401897 10879 2
189660 398008 11019 2
149298 396710 11120 2
131037 395980 11166 2
102961 394272 11236 2
59625 393718 11345 2
286508 356123 14017 2
201380 351750 14230 2
124141 349344 14423 2
82184 347836 14528 2
63747 346898 14574 2
222177 305871 17418 2
177346 304839 17530 2
175786 304753 17534 2
146070 304246 17608 2
121733 304149 17669 2
66637 303226 17807 2
219287 260911 20665 2
178468 258810 20767 2
119818 256190 20914 2
100525 254816 20962 2
93320 254695 20980 2
64117 254448 21053 2
59721 254335 21064 2
243870 209974 23844 2
156963 204324 24061 2
91422 201673 24225 2
75093 201505 24266 2
175705 155236 27254 2
148080 153386 27323 2
60908 152869 27541 2
25471 150977 27630 2
202080 109287 30428 2
40464 107715 30832 2
-33889 103809 31018 2
277446 68660 33480 2
183325 65447 33715 2
16934 53286 34131 2
-12057 51189 34204 2
112058 12948 37133 2
79258 11767 37215 2
52525 -38111 40522 2
39692 -39017 40554 2
-17526 -138533 47177 2
-46836 -194413 50491 2
185291 -234412 53150 2
-6721 -238358 53630 2
-101356 -239824 53867 2
282880 -272942 56146 2
153697 -276144 56469 2
189487 -331101 59620 2
75399 -333716 59905 2
181397 -374559 62880 2
110865 -376928 63056 2
230473 -418976 65997 2
226174 -419265 66008 2
196937 -421066 66081 2
171747 -421104 66144 2
77138 -425555 66381 2
199672 -473013 69314 2
187745 -524107 72584 2
202930 -572967 75786 2
189309 534924 88780 2
-41811 524955 89358 2
181588 483761 92040 2
77877 482678 92299 2
-24325 478260 92554 2
216862 438609 95191 2
199330 437640 95235 2
159289 435082 95335 2
113718 431702 95449 2
-61406 425623 95887 2
236101 388247 98383 2
213024 388092 98441 2
125278 383359 98660 2
100104 382650 98723 2
59495 382582 98825 2
32474 381789 98892 2
283275 338604 101505 2
131449 336877 101885 2
200463 290063 104952 2
154199 286629 105068 2
97674 285570 105209 2
212865 243754 108161 2
61086 239032 108541 2
218858 195037 111386 2
142894 193215 111576 2
144078 142522 114813 2
86254 142341 114958 2
-26666 138063 115240 2
201408 97480 117910 2
140261 94284 118063 2
-33880 86766 118498 2
276517 50158 120962 2
153671 46721 121269 2
110364 46477 121378 2
96870 -9168 124651 2
48498 -9885 124772 2
27673 -57548 128064 2
-16230 -201753 137894 2
-68318 -204536 138024 2
173215 -246922 140661 2
6458 -250061 141077 2
-10718 -251249 141120 2
269326 -290990 143660 2
107889 -294001 144064 2
253268 -339708 146940 2
168561 -340735 147152 2
108066 -344698 147303 2
212551 -390424 150282 2
204478 -390678 150302 2
132489 -392224 150482 2
62983 -395743 150656 2
230931 -438752 153476 2
163278 -439980 153645 2
156862 -486689 156901 2
193752 -537292 160049 2
203717 -582356 163264 2
178113 -584189 163328 2
206168 568515 172978 2
172113 512170 176303 2
103385 510431 176475 2
-72483 504592 176915 2
198218 469048 179478 2
-36672 461290 180065 2
224089 422283 182653 2
156869 419049 182821 2
125400 417251 182900 2
71334 417139 183035 2
252068 374194 185823 2
230176 373169 185878 2
163367 371264 186045 2
104854 367774 186192 2
57626 364916 186310 2
42274 364350 186348 2
125292 319588 189380 2
50234 314097 189568 2
73718 269865 192749 2
33040 269179 192851 2
198232 225042 195678 2
148118 223251 195803 2
96998 221326 195931 2
60576 218852 196022 2
144484 176521 199052 2
59737 172018 199264 2
61375 123522 202500 2
-25509 119797 202717 2
192507 74976 205412 2
182965 74362 205436 2
12085 73207 205863 2
150515 28548 208757 2
130162 27709 208808 2
24587 23949 209072 2
96909 -21744 212131 2
70899 -22854 212196 2
52649 -23636 212242 2
-30290 -172225 222169 2
122111 -220449 225028 2
200482 -260062 228072 2
152727 -260237 228192 2
256173 -310307 231173 2
108151 -315100 231543 2
85312 -316642 231600 2
227534 -357282 234485 2
158639 -360327 234657 2
113347 -415323 238010 2
200155 -454919 241033 2
189748 -506535 244299 2
179564 -558636 247565 2
218772 425354 1153 6
152753 420602 1318 6
119894 419126 1400 6
-61323 414764 1854 6
227620 382808 4371 6
155522 376878 4551 6
79146 373497 4742 6
41839 372857 4836 6
99585 321971 7931 6
70767 320499 8003 6
184735 286011 10958 6
159504 284727 11021 6
146028 283956 11055 6
142725 234265 14303 6
101308 231185 14407 6
181370 188485 17447 6
129906 185563 17575 6
34852 182020 17813 6
170333 136910 20714 6
104330 134940 20879 6
-16831 132988 21182 6
145158 92576 24017 6
-39578 78685 24479 6
-64749 78392 24542 6
102940 34082 27363 6
59910 -22357 30710 6
-39839 -220093 43920 6
156316 -256424 46669 6
3323 -258496 47052 6
-127465 -260917 47379 6
212155 -306647 49770 6
125921 -348894 53225 6
179249 -394031 56332 6
102307 -400010 56524 6
222069 -441599 59465 6
176009 -539657 66060 6
200937 416213 88678 6
162508 415399 88774 6
158565 415359 88784 6
74697 411061 88993 6
47914 409785 89060 6
244755 363504 91808 6
119129 353412 92122 6
58796 351068 92273 6
195592 311211 95171 6
113179 305442 95377 6
203975 259395 98390 6
131310 215580 101812 6
37217 155758 105287 6
170921 117107 108193 6
-5681 66601 111874 6
65772 15622 114936 6
52716 -25945 118208 6
-50081 -232582 131425 6
183494 -271093 134081 6
133095 -369017 140687 6
94695 -368770 140783 6
166978 -419777 143843 6
164415 -568148 153569 6
204061 389058 176150 6
117684 388729 176366 6
127250 338321 179582 6
112375 337507 179619 6
172492 291499 182709 6
125249 287831 182827 6
85741 286262 182926 6
45312 286257 183027 6
167279 245226 185962 6
150930 244597 186003 6
166421 196614 189204 6
143493 194817 189261 6
45018 143249 192748 6
-54458 96608 196236 6
28484 44104 199269 6
98071 -338903 225015 6
116692 -382848 228208 6
103242 -383350 228242 6
126870 232222 403 10
111938 183237 3599 10
-45462 53610 12926 10
76206 -386168 42390 10
116422 227527 87850 10
41643 118652 94177 10
163903 118860 94478 10
82797 202552 175246 10
30523 156472 178356 10
108934 280046 297 14
121003 219977 3593 14
61633 267414 87643 14
73232 246219 175152 14
162739 517973 363 18
164150 469813 3602 18
69045 421595 6604 18
199791 420365 6931 18
56627 378537 9813 18
139763 372343 10021 18
203024 370981 10179 18
50241 326721 13037 18
37301 286924 16245 18
77186 456284 90865 18
99766 455673 90921 18
57282 405791 94055 18
152710 402882 94294 18
36208 368519 97242 18
104876 363416 97414 18
178231 305928 100837 18
105830 487303 175176 18
152809 485362 175294 18
-47404 445373 178033 18
176968 434434 178594 18
75404 392598 181580 18
135801 300899 188211 18
173282 400298 326 22
97218 356752 3374 22
91554 383843 87600 22
126848 372036 175168 22
58977 -4250 299 3
124052 -5678 458 3
194486 628835 1281 3
167681 627752 1348 3
28980 -47537 3460 3
195678 575747 4518 3
207164 531584 7730 3
190906 530766 7770 3
163874 529890 7838 3
-31909 516537 8327 3
178280 479110 11042 3
-38592 467821 11584 3
-66881 -188708 12940 3
7848 -192469 13127 3
116526 -198878 13399 3
151934 430116 14348 3
125397 430202 14414 3
79649 429888 14529 3
-101688 -240188 16093 3
-64644 -240867 16186 3
-39980 -241322 16248 3
-276 -242412 16347 3
106488 -244452 16614 3
114046 -244640 16633 3
171029 -248641 16775 3
238532 386734 17380 3
204087 385875 17463 3
89348 378071 17744 3
27386 377994 17899 3
77786 -290749 19782 3
84838 -290781 19800 3
94108 -290836 19823 3
188238 -296622 20058 3
214277 -297447 20123 3
276753 -298716 20280 3
54392 331971 21073 3
34891 -340235 22915 3
79470 -340669 23026 3
96157 -341475 23068 3
118242 -341386 23123 3
201632 282077 23958 3
164926 281758 24047 3
142572 281434 24101 3
114530 279230 24171 3
93603 279064 24222 3
105818 -394826 26332 3
139514 -395538 26416 3
161961 -396803 26473 3
240715 -398760 26669 3
149428 237211 27320 3
67763 232323 27518 3
111048 -442446 29585 3
178655 -445490 29754 3
222913 192213 30377 3
188876 190568 30459 3
155628 189366 30539 3
64592 185882 30766 3
187381 139401 33699 3
117304 137280 33874 3
12690 131009 34136 3
-9329 130364 34191 3
171218 -537778 36216 3
183792 -537761 36247 3
186830 87805 36964 3
22613 84888 37360 3
-34400 84232 37498 3
121702 36558 40343 3
139780 -11289 43538 3
47516 -12943 43769 3
30612 -57791 47051 3
-34555 -162362 53694 3
1681 -210406 56843 3
-29413 -211973 56921 3
-73985 -214064 57033 3
186549 -247255 59621 3
119917 -251914 59788 3
5359 -253385 60074 3
-104228 -257469 60348 3
122327 -301330 63022 3
99353 -302416 63079 3
195753 -349759 66079 3
151843 -349822 66188 3
64006 -351698 66408 3
52548 -351913 66436 3
205688 -396443 69293 3
154754 -399756 69421 3
106534 -400678 69541 3
66101 -402297 69642 3
224390 -442484 72487 3
187048 -442889 72580 3
125387 -447371 72734 3
193852 -543539 79043 3
29004 -15099 87700 3
210332 562825 91962 3
-58923 548746 92635 3
195762 510378 95238 3
173786 508706 95293 3
151591 507904 95349 3
-51077 502823 95855 3
161066 464082 98565 3
131158 463108 98640 3
118142 462511 98672 3
94202 461701 98732 3
-34711 457221 99054 3
-69833 -205142 100413 3
-3000 -209209 100580 3
218093 413787 101662 3
208533 413162 101686 3
138502 411123 101861 3
83323 407985 101999 3
545 405850 102206 3
-4667 -256735 103816 3
2221 -256717 103833 3
105188 -261558 104091 3
145763 -261980 104192 3
152601 -261991 104209 3
193588 -265211 104312 3
258499 370753 104815 3
193029 366449 104974 3
118104 362260 105155 3
56149 361151 105307 3
5284 359466 105434 3
70263 -311055 107243 3
215661 -312820 107607 3
252501 -314498 107699 3
221154 319077 108161 3
175072 317790 108272 3
135504 314977 108369 3
108784 314502 108434 3
74296 312980 108517 3
52137 -360382 110438 3
113763 -361055 110592 3
147917 -362917 110677 3
221341 -363204 110861 3
192497 270218 111458 3
176672 269516 111496 3
128063 266205 111615 3
118609 265917 111638 3
99591 264821 111684 3
51143 261692 111802 3
107076 -404978 113815 3
209455 -411425 114071 3
243776 220995 114582 3
133910 218837 114847 3
117088 218776 114888 3
140578 -456137 117139 3
178058 173039 117964 3
102276 168042 118152 3
20576 163414 118356 3
179036 -508872 120475 3
194817 -508975 120515 3
195365 122414 121169 3
136647 121583 121311 3
91013 120840 121421 3
45726 117466 121533 3
-50970 115778 121775 3
172485 -559445 123708 3
204578 -560613 123785 3
196432 76952 124397 3
127978 72637 124568 3
117872 72369 124593 3
39284 66113 124789 3
824 66239 124886 3
-31121 65316 124965 3
-52632 65219 125019 3
157298 26199 127734 3
152085 26211 127747 3
40902 18931 128025 3
27805 18868 128058 3
14940 18258 128090 3
92902 -29042 131135 3
50517 -30162 131241 3
-26063 -179153 141153 3
-47461 -180230 141206 3
125538 -221420 144014 3
19301 -226735 144279 3
210604 -268244 147045 3
177334 -269087 147125 3
159010 -270073 147170 3
108691 -270671 147296 3
101743 -270868 147313 3
-274 -275325 147568 3
278182 -311408 150112 3
219522 -313342 150259 3
123696 -318787 150498 3
36206 -319708 150717 3
248919 -358995 153425 3
157022 -362002 153655 3
126681 -364138 153731 3
83722 -364545 153838 3
157737 -411926 156893 3
124500 -413199 156976 3
145694 -464632 160163 3
201642 -511122 163264 3
195140 -511129 163280 3
199285 -555032 166509 3
-86235 628659 173703 3
169402 593740 176304 3
176148 541144 179527 3
199735 495813 182708 3
175356 495124 182769 3
115696 495096 182918 3
-38963 488310 183305 3
-60311 486652 183358 3
229347 399880 189114 3
169328 399039 189264 3
142230 398824 189332 3
78922 395114 189490 3
106810 -277001 191575 3
255798 -285216 191947 3
189680 351894 192465 3
49163 345579 192805 3
89862 -323996 194772 3
127855 -324688 194867 3
217232 299957 195642 3
127804 300102 195862 3
51516 -374408 197916 3
95875 -374993 198027 3
227900 -380105 198357 3
182039 254322 198962 3
81450 250079 199204 3
52114 249266 199277 3
84526 -422754 201239 3
164853 -424746 201440 3
252231 -427110 201658 3
169423 202218 202251 3
145635 200583 202309 3
76713 199303 202475 3
48014 198535 202544 3
171776 -477171 204697 3
168211 152888 205471 3
158296 -520356 207903 3
196335 104126 208659 3
135508 103824 208807 3
58084 99357 208994 3
29296 97796 209064 3
-52889 96354 209262 3
177352 -569842 211191 3
256304 61399 211748 3
166782 55705 211965 3
147755 54549 212011 3
58158 53636 212228 3
5653 50953 212355 3
72117 7210 215427 3
47177 -41972 218730 3
28159 -43197 218777 3
131710 -238617 231478 3
121859 -238862 231503 3
-9115 -239634 231830 3
-60307 -242768 231958 3
-117898 -246404 232102 3
110948 -335909 238010 3
138478 -379206 241181 3
100389 -380627 241277 3
89330 -381486 241305 3
166695 -426105 244351 3
134951 -428023 244430 3
193608 -474148 247524 3
189046 -571226 254015 3
199570 500781 1197 7
-43246 496979 1804 7
195438 468286 4447 7
217048 409990 7633 7
94364 401572 7940 7
247478 366243 10797 7
193857 364369 10931 7
151163 361693 11038 7
33968 361715 11331 7
208758 310346 14134 7
159852 309312 14256 7
152351 308822 14275 7
94499 307418 14420 7
207843 258161 17376 7
96303 253331 17655 7
152246 213571 20755 7
146287 166843 24010 7
29146 161559 24303 7
173528 117730 27182 7
21917 112812 27561 7
-59308 106565 27764 7
123261 67567 30548 7
29160 66406 30783 7
100716 10026 33844 7
57201 8708 33953 7
58364 -26502 37190 7
-38535 -182656 47152 7
-47210 -237949 50414 7
266680 -275119 52869 7
114761 -279666 53249 7
188241 -325538 56305 7
129469 -327670 56452 7
151171 -366322 59638 7
105621 -368541 59752 7
100041 -368798 59766 7
63482 -370322 59857 7
186414 -417368 62790 7
78331 -418537 63060 7
161052 -516367 69333 7
169774 -561373 72552 7
186682 491929 88709 7
161103 491456 88773 7
120751 490433 88874 7
-39855 481577 89276 7
215061 439190 91878 7
127182 435419 92098 7
47977 432949 92296 7
225160 398740 95093 7
113857 391122 95371 7
135856 351920 98556 7
91482 349906 98667 7
196258 297516 101645 7
116369 297627 101845 7
78803 295688 101939 7
176931 254481 104934 7
77451 250939 105182 7
212320 198365 108085 7
184727 198402 108154 7
49668 143936 111732 7
-38935 99504 115193 7
147152 55328 117968 7
35680 51117 118247 7
93970 -3236 121341 7
89299 -3388 121353 7
-69339 -206843 134709 7
112681 -239974 137494 7
-62897 -244871 137933 7
99589 -335065 144007 7
161148 -387419 147093 7
122324 -389598 147190 7
113160 -439611 150453 7
166403 -479678 153560 7
183840 -572313 159996 7
185075 531796 172953 7
-74303 513364 173602 7
180858 484414 176204 7
216000 427361 179356 7
72666 424483 179714 7
204874 379962 182624 7
133056 378018 182803 7
23847 373532 183076 7
125481 335122 186062 7
46973 330144 186259 7
111061 273982 189338 7
134379 231593 192520 7
122427 231214 192550 7
133547 180581 195762 7
128327 180196 195775 7
70367 175896 195920 7
41268 125232 199233 7
38155 -24843 208961 7
91496 -398771 234747 7
129063 185039 1324 11
83871 -385633 212037 11
-35662 55899 1658 15
-42714 55465 1676 15
169203 553360 3626 19
151646 505535 6822 19
-52967 464653 9551 19
69878 409163 13104 19
198380 357133 16659 19
155067 539100 91071 19
211044 536694 91211 19
105278 490794 94187 19
69036 395577 100576 19
133142 247930 110456 19
191612 570093 175402 19
70597 427189 184820 19
167198 375842 188301 19
166045 480461 304 23
71739 383349 6546 23
128391 412340 90927 23
44029 366212 93965 23
64697 408902 178248 23
191571 404300 178565 23
